[INFO  - 2019-02-20T21:45:51.181Z] GhostDriver - Main - running on port 60747
[INFO  - 2019-02-20T21:45:51.725Z] Session [e46c0770-3558-11e9-9ab3-555662fe38d7] - page.settings - {"XSSAuditingEnabled":false,"javascriptCanCloseWindows":true,"javascriptCanOpenWindows":true,"javascriptEnabled":true,"loadImages":true,"localToRemoteUrlAccessEnabled":false,"userAgent":"Mozilla/5.0 (Macintosh; Intel Mac OS X) AppleWebKit/538.1 (KHTML, like Gecko) PhantomJS/2.1.1 Safari/538.1","webSecurityEnabled":true}
[INFO  - 2019-02-20T21:45:51.725Z] Session [e46c0770-3558-11e9-9ab3-555662fe38d7] - page.customHeaders:  - {}
[INFO  - 2019-02-20T21:45:51.725Z] Session [e46c0770-3558-11e9-9ab3-555662fe38d7] - Session.negotiatedCapabilities - {"browserName":"phantomjs","version":"2.1.1","driverName":"ghostdriver","driverVersion":"1.2.0","platform":"mac-unknown-64bit","javascriptEnabled":true,"takesScreenshot":true,"handlesAlerts":false,"databaseEnabled":false,"locationContextEnabled":false,"applicationCacheEnabled":false,"browserConnectionEnabled":false,"cssSelectorsEnabled":true,"webStorageEnabled":false,"rotatable":false,"acceptSslCerts":false,"nativeEvents":true,"proxy":{"proxyType":"direct"}}
[INFO  - 2019-02-20T21:45:51.725Z] SessionManagerReqHand - _postNewSessionCommand - New Session Created: e46c0770-3558-11e9-9ab3-555662fe38d7
[ERROR - 2019-02-20T21:47:28.319Z] WebElementLocator - _handleLocateCommand - Element(s) NOT Found: GAVE UP. Search Stop Time: 1550699248314

  phantomjs://platform/console++.js:263 in error
[ERROR - 2019-02-20T21:47:40.756Z] Session [e46c0770-3558-11e9-9ab3-555662fe38d7] - page.onError - msg: Possible cdn image cache error: https://boliaimages.azureedge.net/images/products/01-046-01_1674068.webp?v=4.0.0.0&width=500&height=375&format=jpg&bgcolor=f5f5f5&scale=both&mode=pad&cachebusting=3

  phantomjs://platform/console++.js:263 in error
[ERROR - 2019-02-20T21:47:40.756Z] Session [e46c0770-3558-11e9-9ab3-555662fe38d7] - page.onError - stack:
  apply (:0)

  phantomjs://platform/console++.js:263 in error
[ERROR - 2019-02-20T21:47:40.757Z] Session [e46c0770-3558-11e9-9ab3-555662fe38d7] - page.onError - msg: Possible cdn image cache error: https://boliaimages.azureedge.net/images/products/01-046-01_1674068_angle.webp?v=4.0.0.0&width=500&height=375&format=jpg&bgcolor=f5f5f5&scale=both&mode=pad&cachebusting=2

  phantomjs://platform/console++.js:263 in error
[ERROR - 2019-02-20T21:47:40.757Z] Session [e46c0770-3558-11e9-9ab3-555662fe38d7] - page.onError - stack:
  apply (:0)

  phantomjs://platform/console++.js:263 in error
[ERROR - 2019-02-20T21:47:40.757Z] Session [e46c0770-3558-11e9-9ab3-555662fe38d7] - page.onError - msg: Possible cdn image cache error: https://boliaimages.azureedge.net/globalassets/media/miljo-fy19/main/hannah-vip-tuk.jpg?v=4.0.0.0&width=500&height=337&format=jpg&scale=both&mode=crop&c.focus=789,2047,3913,3369&c.zoom=false&c.finalmode=crop&cachebusting=1061042824

  phantomjs://platform/console++.js:263 in error
[ERROR - 2019-02-20T21:47:40.757Z] Session [e46c0770-3558-11e9-9ab3-555662fe38d7] - page.onError - stack:
  apply (:0)

  phantomjs://platform/console++.js:263 in error
[ERROR - 2019-02-20T21:47:40.757Z] Session [e46c0770-3558-11e9-9ab3-555662fe38d7] - page.onError - msg: Possible cdn image cache error: https://boliaimages.azureedge.net/globalassets/media/miljo-fy19/main/hannah-c3-zyl-flachmann-bronco.jpg?v=4.0.0.0&width=500&height=337&format=jpg&scale=both&mode=crop&c.focus=767,1151,4777,3348&c.zoom=true&c.finalmode=crop&cachebusting=1061042824

  phantomjs://platform/console++.js:263 in error
[ERROR - 2019-02-20T21:47:40.757Z] Session [e46c0770-3558-11e9-9ab3-555662fe38d7] - page.onError - stack:
  apply (:0)

  phantomjs://platform/console++.js:263 in error
[ERROR - 2019-02-20T21:47:40.757Z] Session [e46c0770-3558-11e9-9ab3-555662fe38d7] - page.onError - msg: Possible cdn image cache error: https://boliaimages.azureedge.net/globalassets/media/miljo-fy19/cu/hannah-rosa-cu-2.jpg?v=4.0.0.0&width=500&height=337&format=jpg&scale=both&mode=crop&c.focus=23,731,5981,3715&c.zoom=false&c.finalmode=crop&cachebusting=1061043078

  phantomjs://platform/console++.js:263 in error
[ERROR - 2019-02-20T21:47:40.757Z] Session [e46c0770-3558-11e9-9ab3-555662fe38d7] - page.onError - stack:
  apply (:0)

  phantomjs://platform/console++.js:263 in error
[ERROR - 2019-02-20T21:47:40.758Z] Session [e46c0770-3558-11e9-9ab3-555662fe38d7] - page.onError - msg: Possible cdn image cache error: https://boliaimages.azureedge.net/globalassets/media/miljo-fy19/cu/hannah-cu-2.jpg?v=4.0.0.0&width=500&height=337&format=jpg&scale=both&mode=crop&c.focus=107,491,5993,3559&c.zoom=false&c.finalmode=crop&cachebusting=1061043078

  phantomjs://platform/console++.js:263 in error
[ERROR - 2019-02-20T21:47:40.758Z] Session [e46c0770-3558-11e9-9ab3-555662fe38d7] - page.onError - stack:
  apply (:0)

  phantomjs://platform/console++.js:263 in error
[ERROR - 2019-02-20T21:47:40.758Z] Session [e46c0770-3558-11e9-9ab3-555662fe38d7] - page.onError - msg: Possible cdn image cache error: https://boliaimages.azureedge.net/globalassets/media/miljobilleder/miljo/fy16/hannah-cyla-pont.jpg?v=4.0.0.0&width=500&height=337&format=jpg&scale=both&mode=crop&c.focus=216,1168,2720,2264&c.zoom=false&c.finalmode=crop&cachebusting=1060547863

  phantomjs://platform/console++.js:263 in error
[ERROR - 2019-02-20T21:47:40.758Z] Session [e46c0770-3558-11e9-9ab3-555662fe38d7] - page.onError - stack:
  apply (:0)

  phantomjs://platform/console++.js:263 in error
[ERROR - 2019-02-20T21:47:40.758Z] Session [e46c0770-3558-11e9-9ab3-555662fe38d7] - page.onError - msg: Possible cdn image cache error: https://boliaimages.azureedge.net/globalassets/media/miljobilleder/miljo/fy16/hannah-cyla-mix.jpg?v=4.0.0.0&width=500&height=337&format=jpg&scale=both&mode=crop&c.focus=185,1288,3656,2392&c.zoom=false&c.finalmode=crop&cachebusting=1060547863

  phantomjs://platform/console++.js:263 in error
[ERROR - 2019-02-20T21:47:40.758Z] Session [e46c0770-3558-11e9-9ab3-555662fe38d7] - page.onError - stack:
  apply (:0)

  phantomjs://platform/console++.js:263 in error
[ERROR - 2019-02-20T21:47:40.758Z] Session [e46c0770-3558-11e9-9ab3-555662fe38d7] - page.onError - msg: Possible cdn image cache error: https://boliaimages.azureedge.net/globalassets/media/miljobilleder/miljo/fy17/hannah-philippa-tribute---sofa.jpg?v=4.0.0.0&width=500&height=337&format=jpg&scale=both&mode=crop&c.focus=73,1200,2984,2592&c.zoom=false&c.finalmode=crop&cachebusting=1060649682

  phantomjs://platform/console++.js:263 in error
[ERROR - 2019-02-20T21:47:40.758Z] Session [e46c0770-3558-11e9-9ab3-555662fe38d7] - page.onError - stack:
  apply (:0)

  phantomjs://platform/console++.js:263 in error
[ERROR - 2019-02-20T21:47:40.758Z] Session [e46c0770-3558-11e9-9ab3-555662fe38d7] - page.onError - msg: Possible cdn image cache error: https://boliaimages.azureedge.net/globalassets/media/miljobilleder/mini-miljo-og-close-ups/fy18/cu/hannah-cu.jpg?v=4.0.0.0&width=500&height=337&format=jpg&scale=both&mode=crop&c.focus=649,736,3808,2576&c.zoom=false&c.finalmode=crop&cachebusting=1060520102

  phantomjs://platform/console++.js:263 in error
[ERROR - 2019-02-20T21:47:40.758Z] Session [e46c0770-3558-11e9-9ab3-555662fe38d7] - page.onError - stack:
  apply (:0)

  phantomjs://platform/console++.js:263 in error
[ERROR - 2019-02-20T21:47:40.759Z] Session [e46c0770-3558-11e9-9ab3-555662fe38d7] - page.onError - msg: Possible cdn image cache error: https://boliaimages.azureedge.net/globalassets/media/miljobilleder/miljo/fy17/hannah-campaign-miljo.jpg?v=4.0.0.0&width=500&height=337&format=jpg&scale=both&mode=crop&c.focus=385,1448,3752,2968&c.zoom=false&c.finalmode=crop&cachebusting=1060649682

  phantomjs://platform/console++.js:263 in error
[ERROR - 2019-02-20T21:47:40.759Z] Session [e46c0770-3558-11e9-9ab3-555662fe38d7] - page.onError - stack:
  apply (:0)

  phantomjs://platform/console++.js:263 in error
[ERROR - 2019-02-20T21:47:40.759Z] Session [e46c0770-3558-11e9-9ab3-555662fe38d7] - page.onError - msg: Possible cdn image cache error: https://boliaimages.azureedge.net/globalassets/media/miljobilleder/miljo/fy16/hannah-halo-hex-light-house-mirror-mirror-hex-vase---living.jpg?v=4.0.0.0&width=500&height=337&format=jpg&scale=both&mode=crop&c.focus=737,1504,4000,2912&c.zoom=false&c.finalmode=crop&cachebusting=1060649682

  phantomjs://platform/console++.js:263 in error
[ERROR - 2019-02-20T21:47:40.759Z] Session [e46c0770-3558-11e9-9ab3-555662fe38d7] - page.onError - stack:
  apply (:0)

  phantomjs://platform/console++.js:263 in error
[ERROR - 2019-02-20T21:47:40.759Z] Session [e46c0770-3558-11e9-9ab3-555662fe38d7] - page.onError - msg: Possible cdn image cache error: https://boliaimages.azureedge.net/globalassets/media/miljobilleder/miljo/fy16/hannah-heavy-alfred-city-poster-creft-tailor-twine----campaign-hannah.jpg?v=4.0.0.0&width=500&height=337&format=jpg&scale=both&mode=crop&c.focus=857,1376,3688,2568&c.zoom=false&c.finalmode=crop&cachebusting=1060649682

  phantomjs://platform/console++.js:263 in error
[ERROR - 2019-02-20T21:47:40.759Z] Session [e46c0770-3558-11e9-9ab3-555662fe38d7] - page.onError - stack:
  apply (:0)

  phantomjs://platform/console++.js:263 in error
[ERROR - 2019-02-20T21:47:40.759Z] Session [e46c0770-3558-11e9-9ab3-555662fe38d7] - page.onError - msg: Possible cdn image cache error: https://boliaimages.azureedge.net/globalassets/media/miljobilleder/miljo/fy15/hannah-move.jpg?v=4.0.0.0&width=500&height=337&format=jpg&scale=both&mode=crop&c.focus=217,1856,3768,3088&c.zoom=false&c.finalmode=crop&cachebusting=1059482173

  phantomjs://platform/console++.js:263 in error
[ERROR - 2019-02-20T21:47:40.760Z] Session [e46c0770-3558-11e9-9ab3-555662fe38d7] - page.onError - stack:
  apply (:0)

  phantomjs://platform/console++.js:263 in error
[ERROR - 2019-02-20T21:47:40.812Z] Session [e46c0770-3558-11e9-9ab3-555662fe38d7] - page.onError - msg: Possible cdn image cache error: https://boliaimages.azureedge.net/images/products/01-046-01_1674068.webp?v=4.0.0.0&width=500&height=375&format=jpg&bgcolor=f5f5f5&scale=both&mode=pad&cachebusting=3

  phantomjs://platform/console++.js:263 in error
[ERROR - 2019-02-20T21:47:40.812Z] Session [e46c0770-3558-11e9-9ab3-555662fe38d7] - page.onError - stack:
  apply (:0)

  phantomjs://platform/console++.js:263 in error
[ERROR - 2019-02-20T21:47:40.812Z] Session [e46c0770-3558-11e9-9ab3-555662fe38d7] - page.onError - msg: Possible cdn image cache error: https://boliaimages.azureedge.net/images/products/01-046-01_1674068_angle.webp?v=4.0.0.0&width=500&height=375&format=jpg&bgcolor=f5f5f5&scale=both&mode=pad&cachebusting=2

  phantomjs://platform/console++.js:263 in error
[ERROR - 2019-02-20T21:47:40.812Z] Session [e46c0770-3558-11e9-9ab3-555662fe38d7] - page.onError - stack:
  apply (:0)

  phantomjs://platform/console++.js:263 in error
[ERROR - 2019-02-20T21:47:40.812Z] Session [e46c0770-3558-11e9-9ab3-555662fe38d7] - page.onError - msg: Possible cdn image cache error: https://boliaimages.azureedge.net/globalassets/media/miljo-fy19/main/hannah-vip-tuk.jpg?v=4.0.0.0&width=500&height=337&format=jpg&scale=both&mode=crop&c.focus=789,2047,3913,3369&c.zoom=false&c.finalmode=crop&cachebusting=1061042824

  phantomjs://platform/console++.js:263 in error
[ERROR - 2019-02-20T21:47:40.812Z] Session [e46c0770-3558-11e9-9ab3-555662fe38d7] - page.onError - stack:
  apply (:0)

  phantomjs://platform/console++.js:263 in error
[ERROR - 2019-02-20T21:47:40.812Z] Session [e46c0770-3558-11e9-9ab3-555662fe38d7] - page.onError - msg: Possible cdn image cache error: https://boliaimages.azureedge.net/globalassets/media/miljo-fy19/main/hannah-c3-zyl-flachmann-bronco.jpg?v=4.0.0.0&width=500&height=337&format=jpg&scale=both&mode=crop&c.focus=767,1151,4777,3348&c.zoom=true&c.finalmode=crop&cachebusting=1061042824

  phantomjs://platform/console++.js:263 in error
[ERROR - 2019-02-20T21:47:40.812Z] Session [e46c0770-3558-11e9-9ab3-555662fe38d7] - page.onError - stack:
  apply (:0)

  phantomjs://platform/console++.js:263 in error
[ERROR - 2019-02-20T21:47:40.813Z] Session [e46c0770-3558-11e9-9ab3-555662fe38d7] - page.onError - msg: Possible cdn image cache error: https://boliaimages.azureedge.net/globalassets/media/miljo-fy19/cu/hannah-rosa-cu-2.jpg?v=4.0.0.0&width=500&height=337&format=jpg&scale=both&mode=crop&c.focus=23,731,5981,3715&c.zoom=false&c.finalmode=crop&cachebusting=1061043078

  phantomjs://platform/console++.js:263 in error
[ERROR - 2019-02-20T21:47:40.813Z] Session [e46c0770-3558-11e9-9ab3-555662fe38d7] - page.onError - stack:
  apply (:0)

  phantomjs://platform/console++.js:263 in error
[ERROR - 2019-02-20T21:47:40.813Z] Session [e46c0770-3558-11e9-9ab3-555662fe38d7] - page.onError - msg: Possible cdn image cache error: https://boliaimages.azureedge.net/globalassets/media/miljo-fy19/cu/hannah-cu-2.jpg?v=4.0.0.0&width=500&height=337&format=jpg&scale=both&mode=crop&c.focus=107,491,5993,3559&c.zoom=false&c.finalmode=crop&cachebusting=1061043078

  phantomjs://platform/console++.js:263 in error
[ERROR - 2019-02-20T21:47:40.813Z] Session [e46c0770-3558-11e9-9ab3-555662fe38d7] - page.onError - stack:
  apply (:0)

  phantomjs://platform/console++.js:263 in error
[ERROR - 2019-02-20T21:47:40.813Z] Session [e46c0770-3558-11e9-9ab3-555662fe38d7] - page.onError - msg: Possible cdn image cache error: https://boliaimages.azureedge.net/globalassets/media/miljobilleder/miljo/fy16/hannah-cyla-pont.jpg?v=4.0.0.0&width=500&height=337&format=jpg&scale=both&mode=crop&c.focus=216,1168,2720,2264&c.zoom=false&c.finalmode=crop&cachebusting=1060547863

  phantomjs://platform/console++.js:263 in error
[ERROR - 2019-02-20T21:47:40.813Z] Session [e46c0770-3558-11e9-9ab3-555662fe38d7] - page.onError - stack:
  apply (:0)

  phantomjs://platform/console++.js:263 in error
[ERROR - 2019-02-20T21:47:40.813Z] Session [e46c0770-3558-11e9-9ab3-555662fe38d7] - page.onError - msg: Possible cdn image cache error: https://boliaimages.azureedge.net/globalassets/media/miljobilleder/miljo/fy16/hannah-cyla-mix.jpg?v=4.0.0.0&width=500&height=337&format=jpg&scale=both&mode=crop&c.focus=185,1288,3656,2392&c.zoom=false&c.finalmode=crop&cachebusting=1060547863

  phantomjs://platform/console++.js:263 in error
[ERROR - 2019-02-20T21:47:40.813Z] Session [e46c0770-3558-11e9-9ab3-555662fe38d7] - page.onError - stack:
  apply (:0)

  phantomjs://platform/console++.js:263 in error
[ERROR - 2019-02-20T21:47:40.813Z] Session [e46c0770-3558-11e9-9ab3-555662fe38d7] - page.onError - msg: Possible cdn image cache error: https://boliaimages.azureedge.net/globalassets/media/miljobilleder/miljo/fy17/hannah-philippa-tribute---sofa.jpg?v=4.0.0.0&width=500&height=337&format=jpg&scale=both&mode=crop&c.focus=73,1200,2984,2592&c.zoom=false&c.finalmode=crop&cachebusting=1060649682

  phantomjs://platform/console++.js:263 in error
[ERROR - 2019-02-20T21:47:40.813Z] Session [e46c0770-3558-11e9-9ab3-555662fe38d7] - page.onError - stack:
  apply (:0)

  phantomjs://platform/console++.js:263 in error
[ERROR - 2019-02-20T21:47:40.814Z] Session [e46c0770-3558-11e9-9ab3-555662fe38d7] - page.onError - msg: Possible cdn image cache error: https://boliaimages.azureedge.net/globalassets/media/miljobilleder/mini-miljo-og-close-ups/fy18/cu/hannah-cu.jpg?v=4.0.0.0&width=500&height=337&format=jpg&scale=both&mode=crop&c.focus=649,736,3808,2576&c.zoom=false&c.finalmode=crop&cachebusting=1060520102

  phantomjs://platform/console++.js:263 in error
[ERROR - 2019-02-20T21:47:40.814Z] Session [e46c0770-3558-11e9-9ab3-555662fe38d7] - page.onError - stack:
  apply (:0)

  phantomjs://platform/console++.js:263 in error
[ERROR - 2019-02-20T21:47:40.814Z] Session [e46c0770-3558-11e9-9ab3-555662fe38d7] - page.onError - msg: Possible cdn image cache error: https://boliaimages.azureedge.net/globalassets/media/miljobilleder/miljo/fy17/hannah-campaign-miljo.jpg?v=4.0.0.0&width=500&height=337&format=jpg&scale=both&mode=crop&c.focus=385,1448,3752,2968&c.zoom=false&c.finalmode=crop&cachebusting=1060649682

  phantomjs://platform/console++.js:263 in error
[ERROR - 2019-02-20T21:47:40.814Z] Session [e46c0770-3558-11e9-9ab3-555662fe38d7] - page.onError - stack:
  apply (:0)

  phantomjs://platform/console++.js:263 in error
[ERROR - 2019-02-20T21:47:40.814Z] Session [e46c0770-3558-11e9-9ab3-555662fe38d7] - page.onError - msg: Possible cdn image cache error: https://boliaimages.azureedge.net/globalassets/media/miljobilleder/miljo/fy16/hannah-halo-hex-light-house-mirror-mirror-hex-vase---living.jpg?v=4.0.0.0&width=500&height=337&format=jpg&scale=both&mode=crop&c.focus=737,1504,4000,2912&c.zoom=false&c.finalmode=crop&cachebusting=1060649682

  phantomjs://platform/console++.js:263 in error
[ERROR - 2019-02-20T21:47:40.814Z] Session [e46c0770-3558-11e9-9ab3-555662fe38d7] - page.onError - stack:
  apply (:0)

  phantomjs://platform/console++.js:263 in error
[ERROR - 2019-02-20T21:47:40.814Z] Session [e46c0770-3558-11e9-9ab3-555662fe38d7] - page.onError - msg: Possible cdn image cache error: https://boliaimages.azureedge.net/globalassets/media/miljobilleder/miljo/fy16/hannah-heavy-alfred-city-poster-creft-tailor-twine----campaign-hannah.jpg?v=4.0.0.0&width=500&height=337&format=jpg&scale=both&mode=crop&c.focus=857,1376,3688,2568&c.zoom=false&c.finalmode=crop&cachebusting=1060649682

  phantomjs://platform/console++.js:263 in error
[ERROR - 2019-02-20T21:47:40.814Z] Session [e46c0770-3558-11e9-9ab3-555662fe38d7] - page.onError - stack:
  apply (:0)

  phantomjs://platform/console++.js:263 in error
[ERROR - 2019-02-20T21:47:40.814Z] Session [e46c0770-3558-11e9-9ab3-555662fe38d7] - page.onError - msg: Possible cdn image cache error: https://boliaimages.azureedge.net/globalassets/media/miljobilleder/miljo/fy15/hannah-move.jpg?v=4.0.0.0&width=500&height=337&format=jpg&scale=both&mode=crop&c.focus=217,1856,3768,3088&c.zoom=false&c.finalmode=crop&cachebusting=1059482173

  phantomjs://platform/console++.js:263 in error
[ERROR - 2019-02-20T21:47:40.815Z] Session [e46c0770-3558-11e9-9ab3-555662fe38d7] - page.onError - stack:
  apply (:0)

  phantomjs://platform/console++.js:263 in error
[ERROR - 2019-02-20T21:48:05.703Z] Session [e46c0770-3558-11e9-9ab3-555662fe38d7] - page.onError - msg: Possible cdn image cache error: https://boliaimages.azureedge.net/images/products/01-054-02_10931477.webp?v=4.0.0.0&width=500&height=375&format=jpg&bgcolor=f5f5f5&scale=both&mode=pad&cachebusting=1

  phantomjs://platform/console++.js:263 in error
[ERROR - 2019-02-20T21:48:05.703Z] Session [e46c0770-3558-11e9-9ab3-555662fe38d7] - page.onError - stack:
  apply (:0)

  phantomjs://platform/console++.js:263 in error
[ERROR - 2019-02-20T21:48:05.704Z] Session [e46c0770-3558-11e9-9ab3-555662fe38d7] - page.onError - msg: Possible cdn image cache error: https://boliaimages.azureedge.net/images/products/01-054-02_10931477_angle.webp?v=4.0.0.0&width=500&height=375&format=jpg&bgcolor=f5f5f5&scale=both&mode=pad&cachebusting=1

  phantomjs://platform/console++.js:263 in error
[ERROR - 2019-02-20T21:48:05.704Z] Session [e46c0770-3558-11e9-9ab3-555662fe38d7] - page.onError - stack:
  apply (:0)

  phantomjs://platform/console++.js:263 in error
[ERROR - 2019-02-20T21:48:05.760Z] Session [e46c0770-3558-11e9-9ab3-555662fe38d7] - page.onError - msg: Possible cdn image cache error: https://boliaimages.azureedge.net/images/products/01-054-02_10931477.webp?v=4.0.0.0&width=500&height=375&format=jpg&bgcolor=f5f5f5&scale=both&mode=pad&cachebusting=1

  phantomjs://platform/console++.js:263 in error
[ERROR - 2019-02-20T21:48:05.760Z] Session [e46c0770-3558-11e9-9ab3-555662fe38d7] - page.onError - stack:
  apply (:0)

  phantomjs://platform/console++.js:263 in error
[ERROR - 2019-02-20T21:48:05.761Z] Session [e46c0770-3558-11e9-9ab3-555662fe38d7] - page.onError - msg: Possible cdn image cache error: https://boliaimages.azureedge.net/images/products/01-054-02_10931477_angle.webp?v=4.0.0.0&width=500&height=375&format=jpg&bgcolor=f5f5f5&scale=both&mode=pad&cachebusting=1

  phantomjs://platform/console++.js:263 in error
[ERROR - 2019-02-20T21:48:05.761Z] Session [e46c0770-3558-11e9-9ab3-555662fe38d7] - page.onError - stack:
  apply (:0)

  phantomjs://platform/console++.js:263 in error
[ERROR - 2019-02-20T21:48:11.221Z] WebElementLocator - _handleLocateCommand - Element(s) NOT Found: GAVE UP. Search Stop Time: 1550699291179

  phantomjs://platform/console++.js:263 in error
[ERROR - 2019-02-20T21:49:20.609Z] WebElementLocator - _handleLocateCommand - Element(s) NOT Found: GAVE UP. Search Stop Time: 1550699360585

  phantomjs://platform/console++.js:263 in error
[ERROR - 2019-02-20T21:49:21.561Z] Session [e46c0770-3558-11e9-9ab3-555662fe38d7] - page.onError - msg: Possible cdn image cache error: https://boliaimages.azureedge.net/images/products/01-302-35_10934570.webp?v=4.0.0.0&width=500&height=375&format=jpg&bgcolor=f5f5f5&scale=both&mode=pad&cachebusting=2

  phantomjs://platform/console++.js:263 in error
[ERROR - 2019-02-20T21:49:21.561Z] Session [e46c0770-3558-11e9-9ab3-555662fe38d7] - page.onError - stack:
  apply (:0)

  phantomjs://platform/console++.js:263 in error
[ERROR - 2019-02-20T21:49:21.561Z] Session [e46c0770-3558-11e9-9ab3-555662fe38d7] - page.onError - msg: Possible cdn image cache error: https://boliaimages.azureedge.net/images/products/01-302-35_10934570_angle.webp?v=4.0.0.0&width=500&height=375&format=jpg&bgcolor=f5f5f5&scale=both&mode=pad&cachebusting=2

  phantomjs://platform/console++.js:263 in error
[ERROR - 2019-02-20T21:49:21.561Z] Session [e46c0770-3558-11e9-9ab3-555662fe38d7] - page.onError - stack:
  apply (:0)

  phantomjs://platform/console++.js:263 in error
[ERROR - 2019-02-20T21:49:21.561Z] Session [e46c0770-3558-11e9-9ab3-555662fe38d7] - page.onError - msg: Possible cdn image cache error: https://boliaimages.azureedge.net/globalassets/media/miljo-fy19/extra-main/scandinavia-sprinkle.jpg?v=4.0.0.0&width=500&height=337&format=jpg&scale=both&mode=crop&c.focus=906,1652,5332,3721&c.zoom=false&c.finalmode=crop&cachebusting=1061153838

  phantomjs://platform/console++.js:263 in error
[ERROR - 2019-02-20T21:49:21.562Z] Session [e46c0770-3558-11e9-9ab3-555662fe38d7] - page.onError - stack:
  apply (:0)

  phantomjs://platform/console++.js:263 in error
[ERROR - 2019-02-20T21:49:21.562Z] Session [e46c0770-3558-11e9-9ab3-555662fe38d7] - page.onError - msg: Possible cdn image cache error: https://boliaimages.azureedge.net/globalassets/media/miljo-fy19/extra-main/scandinavia-sofabed-unfolded.jpg?v=4.0.0.0&width=500&height=337&format=jpg&scale=both&mode=crop&c.focus=1045,1631,5246,3615&c.zoom=false&c.finalmode=crop&cachebusting=1061224553

  phantomjs://platform/console++.js:263 in error
[ERROR - 2019-02-20T21:49:21.562Z] Session [e46c0770-3558-11e9-9ab3-555662fe38d7] - page.onError - stack:
  apply (:0)

  phantomjs://platform/console++.js:263 in error
[ERROR - 2019-02-20T21:49:21.575Z] Session [e46c0770-3558-11e9-9ab3-555662fe38d7] - page.onError - msg: Possible cdn image cache error: https://boliaimages.azureedge.net/images/products/01-302-35_10934570.webp?v=4.0.0.0&width=500&height=375&format=jpg&bgcolor=f5f5f5&scale=both&mode=pad&cachebusting=2

  phantomjs://platform/console++.js:263 in error
[ERROR - 2019-02-20T21:49:21.575Z] Session [e46c0770-3558-11e9-9ab3-555662fe38d7] - page.onError - stack:
  apply (:0)

  phantomjs://platform/console++.js:263 in error
[ERROR - 2019-02-20T21:49:21.575Z] Session [e46c0770-3558-11e9-9ab3-555662fe38d7] - page.onError - msg: Possible cdn image cache error: https://boliaimages.azureedge.net/images/products/01-302-35_10934570_angle.webp?v=4.0.0.0&width=500&height=375&format=jpg&bgcolor=f5f5f5&scale=both&mode=pad&cachebusting=2

  phantomjs://platform/console++.js:263 in error
[ERROR - 2019-02-20T21:49:21.575Z] Session [e46c0770-3558-11e9-9ab3-555662fe38d7] - page.onError - stack:
  apply (:0)

  phantomjs://platform/console++.js:263 in error
[ERROR - 2019-02-20T21:49:21.576Z] Session [e46c0770-3558-11e9-9ab3-555662fe38d7] - page.onError - msg: Possible cdn image cache error: https://boliaimages.azureedge.net/globalassets/media/miljo-fy19/extra-main/scandinavia-sprinkle.jpg?v=4.0.0.0&width=500&height=337&format=jpg&scale=both&mode=crop&c.focus=906,1652,5332,3721&c.zoom=false&c.finalmode=crop&cachebusting=1061153838

  phantomjs://platform/console++.js:263 in error
[ERROR - 2019-02-20T21:49:21.576Z] Session [e46c0770-3558-11e9-9ab3-555662fe38d7] - page.onError - stack:
  apply (:0)

  phantomjs://platform/console++.js:263 in error
[ERROR - 2019-02-20T21:49:21.576Z] Session [e46c0770-3558-11e9-9ab3-555662fe38d7] - page.onError - msg: Possible cdn image cache error: https://boliaimages.azureedge.net/globalassets/media/miljo-fy19/extra-main/scandinavia-sofabed-unfolded.jpg?v=4.0.0.0&width=500&height=337&format=jpg&scale=both&mode=crop&c.focus=1045,1631,5246,3615&c.zoom=false&c.finalmode=crop&cachebusting=1061224553

  phantomjs://platform/console++.js:263 in error
[ERROR - 2019-02-20T21:49:21.576Z] Session [e46c0770-3558-11e9-9ab3-555662fe38d7] - page.onError - stack:
  apply (:0)

  phantomjs://platform/console++.js:263 in error
[ERROR - 2019-02-20T21:49:29.556Z] WebElementLocator - _handleLocateCommand - Element(s) NOT Found: GAVE UP. Search Stop Time: 1550699369555

  phantomjs://platform/console++.js:263 in error
[INFO  - 2019-02-20T21:50:51.222Z] SessionManagerReqHand - _cleanupWindowlessSessions - Asynchronous Sessions clean-up phase starting NOW
[ERROR - 2019-02-20T21:51:58.328Z] Session [e46c0770-3558-11e9-9ab3-555662fe38d7] - page.onError - msg: Possible cdn image cache error: https://boliaimages.azureedge.net/images/products/01-058-01_7840998.webp?v=4.0.0.0&width=500&height=375&format=jpg&bgcolor=f5f5f5&scale=both&mode=pad&cachebusting=1

  phantomjs://platform/console++.js:263 in error
[ERROR - 2019-02-20T21:51:58.328Z] Session [e46c0770-3558-11e9-9ab3-555662fe38d7] - page.onError - stack:
  apply (:0)

  phantomjs://platform/console++.js:263 in error
[ERROR - 2019-02-20T21:51:58.329Z] Session [e46c0770-3558-11e9-9ab3-555662fe38d7] - page.onError - msg: Possible cdn image cache error: https://boliaimages.azureedge.net/images/products/01-058-01_7840998_angle.webp?v=4.0.0.0&width=500&height=375&format=jpg&bgcolor=f5f5f5&scale=both&mode=pad&cachebusting=1

  phantomjs://platform/console++.js:263 in error
[ERROR - 2019-02-20T21:51:58.329Z] Session [e46c0770-3558-11e9-9ab3-555662fe38d7] - page.onError - stack:
  apply (:0)

  phantomjs://platform/console++.js:263 in error
[ERROR - 2019-02-20T21:51:58.525Z] Session [e46c0770-3558-11e9-9ab3-555662fe38d7] - page.onError - msg: Possible cdn image cache error: https://boliaimages.azureedge.net/images/products/01-058-01_7840998.webp?v=4.0.0.0&width=500&height=375&format=jpg&bgcolor=f5f5f5&scale=both&mode=pad&cachebusting=1

  phantomjs://platform/console++.js:263 in error
[ERROR - 2019-02-20T21:51:58.525Z] Session [e46c0770-3558-11e9-9ab3-555662fe38d7] - page.onError - stack:
  apply (:0)

  phantomjs://platform/console++.js:263 in error
[ERROR - 2019-02-20T21:51:58.526Z] Session [e46c0770-3558-11e9-9ab3-555662fe38d7] - page.onError - msg: Possible cdn image cache error: https://boliaimages.azureedge.net/images/products/01-058-01_7840998_angle.webp?v=4.0.0.0&width=500&height=375&format=jpg&bgcolor=f5f5f5&scale=both&mode=pad&cachebusting=1

  phantomjs://platform/console++.js:263 in error
[ERROR - 2019-02-20T21:51:58.526Z] Session [e46c0770-3558-11e9-9ab3-555662fe38d7] - page.onError - stack:
  apply (:0)

  phantomjs://platform/console++.js:263 in error
[ERROR - 2019-02-20T21:52:46.428Z] Session [e46c0770-3558-11e9-9ab3-555662fe38d7] - page.onError - msg: Possible cdn image cache error: https://boliaimages.azureedge.net/images/products/01-058-05_7840924.webp?v=4.0.0.0&width=500&height=375&format=jpg&bgcolor=f5f5f5&scale=both&mode=pad&cachebusting=1

  phantomjs://platform/console++.js:263 in error
[ERROR - 2019-02-20T21:52:46.428Z] Session [e46c0770-3558-11e9-9ab3-555662fe38d7] - page.onError - stack:
  apply (:0)

  phantomjs://platform/console++.js:263 in error
[ERROR - 2019-02-20T21:52:46.429Z] Session [e46c0770-3558-11e9-9ab3-555662fe38d7] - page.onError - msg: Possible cdn image cache error: https://boliaimages.azureedge.net/images/products/01-058-05_7840924_angle.webp?v=4.0.0.0&width=500&height=375&format=jpg&bgcolor=f5f5f5&scale=both&mode=pad&cachebusting=1

  phantomjs://platform/console++.js:263 in error
[ERROR - 2019-02-20T21:52:46.429Z] Session [e46c0770-3558-11e9-9ab3-555662fe38d7] - page.onError - stack:
  apply (:0)

  phantomjs://platform/console++.js:263 in error
[ERROR - 2019-02-20T21:52:46.508Z] Session [e46c0770-3558-11e9-9ab3-555662fe38d7] - page.onError - msg: Possible cdn image cache error: https://boliaimages.azureedge.net/images/products/01-058-05_7840924.webp?v=4.0.0.0&width=500&height=375&format=jpg&bgcolor=f5f5f5&scale=both&mode=pad&cachebusting=1

  phantomjs://platform/console++.js:263 in error
[ERROR - 2019-02-20T21:52:46.508Z] Session [e46c0770-3558-11e9-9ab3-555662fe38d7] - page.onError - stack:
  apply (:0)

  phantomjs://platform/console++.js:263 in error
[ERROR - 2019-02-20T21:52:46.508Z] Session [e46c0770-3558-11e9-9ab3-555662fe38d7] - page.onError - msg: Possible cdn image cache error: https://boliaimages.azureedge.net/images/products/01-058-05_7840924_angle.webp?v=4.0.0.0&width=500&height=375&format=jpg&bgcolor=f5f5f5&scale=both&mode=pad&cachebusting=1

  phantomjs://platform/console++.js:263 in error
[ERROR - 2019-02-20T21:52:46.508Z] Session [e46c0770-3558-11e9-9ab3-555662fe38d7] - page.onError - stack:
  apply (:0)

  phantomjs://platform/console++.js:263 in error
[ERROR - 2019-02-20T21:55:07.630Z] Session [e46c0770-3558-11e9-9ab3-555662fe38d7] - page.onError - msg: Possible cdn image cache error: https://boliaimages.azureedge.net/images/products/01-046-01_10741517.webp?v=4.0.0.0&width=500&height=375&format=jpg&bgcolor=f5f5f5&scale=both&mode=pad&cachebusting=3

  phantomjs://platform/console++.js:263 in error
[ERROR - 2019-02-20T21:55:07.632Z] Session [e46c0770-3558-11e9-9ab3-555662fe38d7] - page.onError - stack:
  apply (:0)

  phantomjs://platform/console++.js:263 in error
[ERROR - 2019-02-20T21:55:07.632Z] Session [e46c0770-3558-11e9-9ab3-555662fe38d7] - page.onError - msg: Possible cdn image cache error: https://boliaimages.azureedge.net/images/products/01-046-01_10741517_angle.webp?v=4.0.0.0&width=500&height=375&format=jpg&bgcolor=f5f5f5&scale=both&mode=pad&cachebusting=3

  phantomjs://platform/console++.js:263 in error
[ERROR - 2019-02-20T21:55:07.632Z] Session [e46c0770-3558-11e9-9ab3-555662fe38d7] - page.onError - stack:
  apply (:0)

  phantomjs://platform/console++.js:263 in error
[ERROR - 2019-02-20T21:55:07.690Z] Session [e46c0770-3558-11e9-9ab3-555662fe38d7] - page.onError - msg: Possible cdn image cache error: https://boliaimages.azureedge.net/images/products/01-046-01_10741517.webp?v=4.0.0.0&width=500&height=375&format=jpg&bgcolor=f5f5f5&scale=both&mode=pad&cachebusting=3

  phantomjs://platform/console++.js:263 in error
[ERROR - 2019-02-20T21:55:07.690Z] Session [e46c0770-3558-11e9-9ab3-555662fe38d7] - page.onError - stack:
  apply (:0)

  phantomjs://platform/console++.js:263 in error
[ERROR - 2019-02-20T21:55:07.690Z] Session [e46c0770-3558-11e9-9ab3-555662fe38d7] - page.onError - msg: Possible cdn image cache error: https://boliaimages.azureedge.net/images/products/01-046-01_10741517_angle.webp?v=4.0.0.0&width=500&height=375&format=jpg&bgcolor=f5f5f5&scale=both&mode=pad&cachebusting=3

  phantomjs://platform/console++.js:263 in error
[ERROR - 2019-02-20T21:55:07.690Z] Session [e46c0770-3558-11e9-9ab3-555662fe38d7] - page.onError - stack:
  apply (:0)

  phantomjs://platform/console++.js:263 in error
[INFO  - 2019-02-20T21:55:51.209Z] SessionManagerReqHand - _cleanupWindowlessSessions - Asynchronous Sessions clean-up phase starting NOW
[ERROR - 2019-02-20T21:56:37.470Z] WebElementLocator - _handleLocateCommand - Element(s) NOT Found: GAVE UP. Search Stop Time: 1550699797450

  phantomjs://platform/console++.js:263 in error
[ERROR - 2019-02-20T21:56:38.567Z] Session [e46c0770-3558-11e9-9ab3-555662fe38d7] - page.onError - msg: Possible cdn image cache error: https://boliaimages.azureedge.net/images/products/01-046-01_10931618.webp?v=4.0.0.0&width=500&height=375&format=jpg&bgcolor=f5f5f5&scale=both&mode=pad&cachebusting=3

  phantomjs://platform/console++.js:263 in error
[ERROR - 2019-02-20T21:56:38.567Z] Session [e46c0770-3558-11e9-9ab3-555662fe38d7] - page.onError - stack:
  apply (:0)

  phantomjs://platform/console++.js:263 in error
[ERROR - 2019-02-20T21:56:38.567Z] Session [e46c0770-3558-11e9-9ab3-555662fe38d7] - page.onError - msg: Possible cdn image cache error: https://boliaimages.azureedge.net/images/products/01-046-01_10931618_angle.webp?v=4.0.0.0&width=500&height=375&format=jpg&bgcolor=f5f5f5&scale=both&mode=pad&cachebusting=3

  phantomjs://platform/console++.js:263 in error
[ERROR - 2019-02-20T21:56:38.567Z] Session [e46c0770-3558-11e9-9ab3-555662fe38d7] - page.onError - stack:
  apply (:0)

  phantomjs://platform/console++.js:263 in error
[ERROR - 2019-02-20T21:56:38.745Z] Session [e46c0770-3558-11e9-9ab3-555662fe38d7] - page.onError - msg: Possible cdn image cache error: https://boliaimages.azureedge.net/images/products/01-046-01_10931618.webp?v=4.0.0.0&width=500&height=375&format=jpg&bgcolor=f5f5f5&scale=both&mode=pad&cachebusting=3

  phantomjs://platform/console++.js:263 in error
[ERROR - 2019-02-20T21:56:38.745Z] Session [e46c0770-3558-11e9-9ab3-555662fe38d7] - page.onError - stack:
  apply (:0)

  phantomjs://platform/console++.js:263 in error
[ERROR - 2019-02-20T21:56:38.746Z] Session [e46c0770-3558-11e9-9ab3-555662fe38d7] - page.onError - msg: Possible cdn image cache error: https://boliaimages.azureedge.net/images/products/01-046-01_10931618_angle.webp?v=4.0.0.0&width=500&height=375&format=jpg&bgcolor=f5f5f5&scale=both&mode=pad&cachebusting=3

  phantomjs://platform/console++.js:263 in error
[ERROR - 2019-02-20T21:56:38.746Z] Session [e46c0770-3558-11e9-9ab3-555662fe38d7] - page.onError - stack:
  apply (:0)

  phantomjs://platform/console++.js:263 in error
[ERROR - 2019-02-20T21:56:42.118Z] Session [e46c0770-3558-11e9-9ab3-555662fe38d7] - page.onError - msg: Possible cdn image cache error: https://boliaimages.azureedge.net/images/products/01-046-01_10931620.webp?v=4.0.0.0&width=500&height=375&format=jpg&bgcolor=f5f5f5&scale=both&mode=pad&cachebusting=3

  phantomjs://platform/console++.js:263 in error
[ERROR - 2019-02-20T21:56:42.118Z] Session [e46c0770-3558-11e9-9ab3-555662fe38d7] - page.onError - stack:
  apply (:0)

  phantomjs://platform/console++.js:263 in error
[ERROR - 2019-02-20T21:56:42.118Z] Session [e46c0770-3558-11e9-9ab3-555662fe38d7] - page.onError - msg: Possible cdn image cache error: https://boliaimages.azureedge.net/images/products/01-046-01_10931620_angle.webp?v=4.0.0.0&width=500&height=375&format=jpg&bgcolor=f5f5f5&scale=both&mode=pad&cachebusting=3

  phantomjs://platform/console++.js:263 in error
[ERROR - 2019-02-20T21:56:42.118Z] Session [e46c0770-3558-11e9-9ab3-555662fe38d7] - page.onError - stack:
  apply (:0)

  phantomjs://platform/console++.js:263 in error
[ERROR - 2019-02-20T21:56:42.188Z] Session [e46c0770-3558-11e9-9ab3-555662fe38d7] - page.onError - msg: Possible cdn image cache error: https://boliaimages.azureedge.net/images/products/01-046-01_10931620.webp?v=4.0.0.0&width=500&height=375&format=jpg&bgcolor=f5f5f5&scale=both&mode=pad&cachebusting=3

  phantomjs://platform/console++.js:263 in error
[ERROR - 2019-02-20T21:56:42.188Z] Session [e46c0770-3558-11e9-9ab3-555662fe38d7] - page.onError - stack:
  apply (:0)

  phantomjs://platform/console++.js:263 in error
[ERROR - 2019-02-20T21:56:42.188Z] Session [e46c0770-3558-11e9-9ab3-555662fe38d7] - page.onError - msg: Possible cdn image cache error: https://boliaimages.azureedge.net/images/products/01-046-01_10931620_angle.webp?v=4.0.0.0&width=500&height=375&format=jpg&bgcolor=f5f5f5&scale=both&mode=pad&cachebusting=3

  phantomjs://platform/console++.js:263 in error
[ERROR - 2019-02-20T21:56:42.188Z] Session [e46c0770-3558-11e9-9ab3-555662fe38d7] - page.onError - stack:
  apply (:0)

  phantomjs://platform/console++.js:263 in error
[ERROR - 2019-02-20T21:59:04.269Z] WebElementLocator - _handleLocateCommand - Element(s) NOT Found: GAVE UP. Search Stop Time: 1550699944247

  phantomjs://platform/console++.js:263 in error
[ERROR - 2019-02-20T22:00:06.489Z] Session [e46c0770-3558-11e9-9ab3-555662fe38d7] - page.onError - msg: Possible cdn image cache error: https://boliaimages.azureedge.net/images/products/01-046-01_12883401.webp?v=4.0.0.0&width=500&height=214&format=jpg&bgcolor=f5f5f5&scale=both&mode=pad&cachebusting=1

  phantomjs://platform/console++.js:263 in error
[ERROR - 2019-02-20T22:00:06.490Z] Session [e46c0770-3558-11e9-9ab3-555662fe38d7] - page.onError - stack:
  apply (:0)

  phantomjs://platform/console++.js:263 in error
[ERROR - 2019-02-20T22:00:06.491Z] Session [e46c0770-3558-11e9-9ab3-555662fe38d7] - page.onError - msg: Possible cdn image cache error: https://boliaimages.azureedge.net/images/products/01-046-05_12883401.webp?v=4.0.0.0&width=500&height=214&format=jpg&bgcolor=f5f5f5&scale=both&mode=pad&cachebusting=2

  phantomjs://platform/console++.js:263 in error
[ERROR - 2019-02-20T22:00:06.491Z] Session [e46c0770-3558-11e9-9ab3-555662fe38d7] - page.onError - stack:
  apply (:0)

  phantomjs://platform/console++.js:263 in error
[ERROR - 2019-02-20T22:00:06.491Z] Session [e46c0770-3558-11e9-9ab3-555662fe38d7] - page.onError - msg: Possible cdn image cache error: https://boliaimages.azureedge.net/images/products/01-046-10_12883401.webp?v=4.0.0.0&width=500&height=214&format=jpg&bgcolor=f5f5f5&scale=both&mode=pad&cachebusting=1

  phantomjs://platform/console++.js:263 in error
[ERROR - 2019-02-20T22:00:06.491Z] Session [e46c0770-3558-11e9-9ab3-555662fe38d7] - page.onError - stack:
  apply (:0)

  phantomjs://platform/console++.js:263 in error
[ERROR - 2019-02-20T22:00:06.491Z] Session [e46c0770-3558-11e9-9ab3-555662fe38d7] - page.onError - msg: Possible cdn image cache error: https://boliaimages.azureedge.net/images/products/01-046-15_12883401.webp?v=4.0.0.0&width=500&height=214&format=jpg&bgcolor=f5f5f5&scale=both&mode=pad&cachebusting=1

  phantomjs://platform/console++.js:263 in error
[ERROR - 2019-02-20T22:00:06.491Z] Session [e46c0770-3558-11e9-9ab3-555662fe38d7] - page.onError - stack:
  apply (:0)

  phantomjs://platform/console++.js:263 in error
[ERROR - 2019-02-20T22:00:06.492Z] Session [e46c0770-3558-11e9-9ab3-555662fe38d7] - page.onError - msg: Possible cdn image cache error: https://boliaimages.azureedge.net/images/products/01-046-20_12883401.webp?v=4.0.0.0&width=500&height=214&format=jpg&bgcolor=f5f5f5&scale=both&mode=pad&cachebusting=1

  phantomjs://platform/console++.js:263 in error
[ERROR - 2019-02-20T22:00:06.492Z] Session [e46c0770-3558-11e9-9ab3-555662fe38d7] - page.onError - stack:
  apply (:0)

  phantomjs://platform/console++.js:263 in error
[ERROR - 2019-02-20T22:00:06.492Z] Session [e46c0770-3558-11e9-9ab3-555662fe38d7] - page.onError - msg: Possible cdn image cache error: https://boliaimages.azureedge.net/images/products/01-046-25_12883401.webp?v=4.0.0.0&width=500&height=214&format=jpg&bgcolor=f5f5f5&scale=both&mode=pad&cachebusting=1

  phantomjs://platform/console++.js:263 in error
[ERROR - 2019-02-20T22:00:06.492Z] Session [e46c0770-3558-11e9-9ab3-555662fe38d7] - page.onError - stack:
  apply (:0)

  phantomjs://platform/console++.js:263 in error
[ERROR - 2019-02-20T22:00:06.492Z] Session [e46c0770-3558-11e9-9ab3-555662fe38d7] - page.onError - msg: Possible cdn image cache error: https://boliaimages.azureedge.net/images/products/01-046-30_12883401.webp?v=4.0.0.0&width=500&height=214&format=jpg&bgcolor=f5f5f5&scale=both&mode=pad&cachebusting=1

  phantomjs://platform/console++.js:263 in error
[ERROR - 2019-02-20T22:00:06.492Z] Session [e46c0770-3558-11e9-9ab3-555662fe38d7] - page.onError - stack:
  apply (:0)

  phantomjs://platform/console++.js:263 in error
[ERROR - 2019-02-20T22:00:06.493Z] Session [e46c0770-3558-11e9-9ab3-555662fe38d7] - page.onError - msg: Possible cdn image cache error: https://boliaimages.azureedge.net/images/products/01-046-35_12883401.webp?v=4.0.0.0&width=500&height=214&format=jpg&bgcolor=f5f5f5&scale=both&mode=pad&cachebusting=1

  phantomjs://platform/console++.js:263 in error
[ERROR - 2019-02-20T22:00:06.493Z] Session [e46c0770-3558-11e9-9ab3-555662fe38d7] - page.onError - stack:
  apply (:0)

  phantomjs://platform/console++.js:263 in error
[ERROR - 2019-02-20T22:00:06.493Z] Session [e46c0770-3558-11e9-9ab3-555662fe38d7] - page.onError - msg: Possible cdn image cache error: https://boliaimages.azureedge.net/images/products/01-046-36_12883401.webp?v=4.0.0.0&width=500&height=214&format=jpg&bgcolor=f5f5f5&scale=both&mode=pad&cachebusting=1

  phantomjs://platform/console++.js:263 in error
[ERROR - 2019-02-20T22:00:06.493Z] Session [e46c0770-3558-11e9-9ab3-555662fe38d7] - page.onError - stack:
  apply (:0)

  phantomjs://platform/console++.js:263 in error
[ERROR - 2019-02-20T22:00:06.598Z] Session [e46c0770-3558-11e9-9ab3-555662fe38d7] - page.onError - msg: Possible cdn image cache error: https://boliaimages.azureedge.net/images/products/01-046-01_12883401.webp?v=4.0.0.0&width=500&height=214&format=jpg&bgcolor=f5f5f5&scale=both&mode=pad&cachebusting=1

  phantomjs://platform/console++.js:263 in error
[ERROR - 2019-02-20T22:00:06.599Z] Session [e46c0770-3558-11e9-9ab3-555662fe38d7] - page.onError - stack:
  apply (:0)

  phantomjs://platform/console++.js:263 in error
[ERROR - 2019-02-20T22:00:06.599Z] Session [e46c0770-3558-11e9-9ab3-555662fe38d7] - page.onError - msg: Possible cdn image cache error: https://boliaimages.azureedge.net/images/products/01-046-05_12883401.webp?v=4.0.0.0&width=500&height=214&format=jpg&bgcolor=f5f5f5&scale=both&mode=pad&cachebusting=2

  phantomjs://platform/console++.js:263 in error
[ERROR - 2019-02-20T22:00:06.599Z] Session [e46c0770-3558-11e9-9ab3-555662fe38d7] - page.onError - stack:
  apply (:0)

  phantomjs://platform/console++.js:263 in error
[ERROR - 2019-02-20T22:00:06.599Z] Session [e46c0770-3558-11e9-9ab3-555662fe38d7] - page.onError - msg: Possible cdn image cache error: https://boliaimages.azureedge.net/images/products/01-046-10_12883401.webp?v=4.0.0.0&width=500&height=214&format=jpg&bgcolor=f5f5f5&scale=both&mode=pad&cachebusting=1

  phantomjs://platform/console++.js:263 in error
[ERROR - 2019-02-20T22:00:06.599Z] Session [e46c0770-3558-11e9-9ab3-555662fe38d7] - page.onError - stack:
  apply (:0)

  phantomjs://platform/console++.js:263 in error
[ERROR - 2019-02-20T22:00:06.600Z] Session [e46c0770-3558-11e9-9ab3-555662fe38d7] - page.onError - msg: Possible cdn image cache error: https://boliaimages.azureedge.net/images/products/01-046-15_12883401.webp?v=4.0.0.0&width=500&height=214&format=jpg&bgcolor=f5f5f5&scale=both&mode=pad&cachebusting=1

  phantomjs://platform/console++.js:263 in error
[ERROR - 2019-02-20T22:00:06.600Z] Session [e46c0770-3558-11e9-9ab3-555662fe38d7] - page.onError - stack:
  apply (:0)

  phantomjs://platform/console++.js:263 in error
[ERROR - 2019-02-20T22:00:06.600Z] Session [e46c0770-3558-11e9-9ab3-555662fe38d7] - page.onError - msg: Possible cdn image cache error: https://boliaimages.azureedge.net/images/products/01-046-20_12883401.webp?v=4.0.0.0&width=500&height=214&format=jpg&bgcolor=f5f5f5&scale=both&mode=pad&cachebusting=1

  phantomjs://platform/console++.js:263 in error
[ERROR - 2019-02-20T22:00:06.600Z] Session [e46c0770-3558-11e9-9ab3-555662fe38d7] - page.onError - stack:
  apply (:0)

  phantomjs://platform/console++.js:263 in error
[ERROR - 2019-02-20T22:00:06.601Z] Session [e46c0770-3558-11e9-9ab3-555662fe38d7] - page.onError - msg: Possible cdn image cache error: https://boliaimages.azureedge.net/images/products/01-046-25_12883401.webp?v=4.0.0.0&width=500&height=214&format=jpg&bgcolor=f5f5f5&scale=both&mode=pad&cachebusting=1

  phantomjs://platform/console++.js:263 in error
[ERROR - 2019-02-20T22:00:06.601Z] Session [e46c0770-3558-11e9-9ab3-555662fe38d7] - page.onError - stack:
  apply (:0)

  phantomjs://platform/console++.js:263 in error
[ERROR - 2019-02-20T22:00:06.601Z] Session [e46c0770-3558-11e9-9ab3-555662fe38d7] - page.onError - msg: Possible cdn image cache error: https://boliaimages.azureedge.net/images/products/01-046-30_12883401.webp?v=4.0.0.0&width=500&height=214&format=jpg&bgcolor=f5f5f5&scale=both&mode=pad&cachebusting=1

  phantomjs://platform/console++.js:263 in error
[ERROR - 2019-02-20T22:00:06.601Z] Session [e46c0770-3558-11e9-9ab3-555662fe38d7] - page.onError - stack:
  apply (:0)

  phantomjs://platform/console++.js:263 in error
[ERROR - 2019-02-20T22:00:06.601Z] Session [e46c0770-3558-11e9-9ab3-555662fe38d7] - page.onError - msg: Possible cdn image cache error: https://boliaimages.azureedge.net/images/products/01-046-35_12883401.webp?v=4.0.0.0&width=500&height=214&format=jpg&bgcolor=f5f5f5&scale=both&mode=pad&cachebusting=1

  phantomjs://platform/console++.js:263 in error
[ERROR - 2019-02-20T22:00:06.601Z] Session [e46c0770-3558-11e9-9ab3-555662fe38d7] - page.onError - stack:
  apply (:0)

  phantomjs://platform/console++.js:263 in error
[ERROR - 2019-02-20T22:00:06.602Z] Session [e46c0770-3558-11e9-9ab3-555662fe38d7] - page.onError - msg: Possible cdn image cache error: https://boliaimages.azureedge.net/images/products/01-046-36_12883401.webp?v=4.0.0.0&width=500&height=214&format=jpg&bgcolor=f5f5f5&scale=both&mode=pad&cachebusting=1

  phantomjs://platform/console++.js:263 in error
[ERROR - 2019-02-20T22:00:06.602Z] Session [e46c0770-3558-11e9-9ab3-555662fe38d7] - page.onError - stack:
  apply (:0)

  phantomjs://platform/console++.js:263 in error
[ERROR - 2019-02-20T22:00:09.909Z] Session [e46c0770-3558-11e9-9ab3-555662fe38d7] - page.onError - msg: Possible cdn image cache error: https://boliaimages.azureedge.net/images/products/01-046-01_1674311.webp?v=4.0.0.0&width=500&height=375&format=jpg&bgcolor=f5f5f5&scale=both&mode=pad&cachebusting=3

  phantomjs://platform/console++.js:263 in error
[ERROR - 2019-02-20T22:00:09.909Z] Session [e46c0770-3558-11e9-9ab3-555662fe38d7] - page.onError - stack:
  apply (:0)

  phantomjs://platform/console++.js:263 in error
[ERROR - 2019-02-20T22:00:09.909Z] Session [e46c0770-3558-11e9-9ab3-555662fe38d7] - page.onError - msg: Possible cdn image cache error: https://boliaimages.azureedge.net/images/products/01-046-01_1674311_angle.webp?v=4.0.0.0&width=500&height=375&format=jpg&bgcolor=f5f5f5&scale=both&mode=pad&cachebusting=2

  phantomjs://platform/console++.js:263 in error
[ERROR - 2019-02-20T22:00:09.909Z] Session [e46c0770-3558-11e9-9ab3-555662fe38d7] - page.onError - stack:
  apply (:0)

  phantomjs://platform/console++.js:263 in error
[ERROR - 2019-02-20T22:00:09.962Z] Session [e46c0770-3558-11e9-9ab3-555662fe38d7] - page.onError - msg: Possible cdn image cache error: https://boliaimages.azureedge.net/images/products/01-046-01_1674311.webp?v=4.0.0.0&width=500&height=375&format=jpg&bgcolor=f5f5f5&scale=both&mode=pad&cachebusting=3

  phantomjs://platform/console++.js:263 in error
[ERROR - 2019-02-20T22:00:09.962Z] Session [e46c0770-3558-11e9-9ab3-555662fe38d7] - page.onError - stack:
  apply (:0)

  phantomjs://platform/console++.js:263 in error
[ERROR - 2019-02-20T22:00:09.962Z] Session [e46c0770-3558-11e9-9ab3-555662fe38d7] - page.onError - msg: Possible cdn image cache error: https://boliaimages.azureedge.net/images/products/01-046-01_1674311_angle.webp?v=4.0.0.0&width=500&height=375&format=jpg&bgcolor=f5f5f5&scale=both&mode=pad&cachebusting=2

  phantomjs://platform/console++.js:263 in error
[ERROR - 2019-02-20T22:00:09.962Z] Session [e46c0770-3558-11e9-9ab3-555662fe38d7] - page.onError - stack:
  apply (:0)

  phantomjs://platform/console++.js:263 in error
[INFO  - 2019-02-20T22:00:51.319Z] SessionManagerReqHand - _cleanupWindowlessSessions - Asynchronous Sessions clean-up phase starting NOW
[ERROR - 2019-02-20T22:00:59.577Z] Session [e46c0770-3558-11e9-9ab3-555662fe38d7] - page.onError - msg: Possible cdn image cache error: https://boliaimages.azureedge.net/images/products/01-046-01_1675112.webp?v=4.0.0.0&width=500&height=375&format=jpg&bgcolor=f5f5f5&scale=both&mode=pad&cachebusting=4

  phantomjs://platform/console++.js:263 in error
[ERROR - 2019-02-20T22:00:59.577Z] Session [e46c0770-3558-11e9-9ab3-555662fe38d7] - page.onError - stack:
  apply (:0)

  phantomjs://platform/console++.js:263 in error
[ERROR - 2019-02-20T22:00:59.578Z] Session [e46c0770-3558-11e9-9ab3-555662fe38d7] - page.onError - msg: Possible cdn image cache error: https://boliaimages.azureedge.net/images/products/01-046-01_1675112_angle.webp?v=4.0.0.0&width=500&height=375&format=jpg&bgcolor=f5f5f5&scale=both&mode=pad&cachebusting=4

  phantomjs://platform/console++.js:263 in error
[ERROR - 2019-02-20T22:00:59.578Z] Session [e46c0770-3558-11e9-9ab3-555662fe38d7] - page.onError - stack:
  apply (:0)

  phantomjs://platform/console++.js:263 in error
[ERROR - 2019-02-20T22:00:59.634Z] Session [e46c0770-3558-11e9-9ab3-555662fe38d7] - page.onError - msg: Possible cdn image cache error: https://boliaimages.azureedge.net/images/products/01-046-01_1675112.webp?v=4.0.0.0&width=500&height=375&format=jpg&bgcolor=f5f5f5&scale=both&mode=pad&cachebusting=4

  phantomjs://platform/console++.js:263 in error
[ERROR - 2019-02-20T22:00:59.634Z] Session [e46c0770-3558-11e9-9ab3-555662fe38d7] - page.onError - stack:
  apply (:0)

  phantomjs://platform/console++.js:263 in error
[ERROR - 2019-02-20T22:00:59.634Z] Session [e46c0770-3558-11e9-9ab3-555662fe38d7] - page.onError - msg: Possible cdn image cache error: https://boliaimages.azureedge.net/images/products/01-046-01_1675112_angle.webp?v=4.0.0.0&width=500&height=375&format=jpg&bgcolor=f5f5f5&scale=both&mode=pad&cachebusting=4

  phantomjs://platform/console++.js:263 in error
[ERROR - 2019-02-20T22:00:59.634Z] Session [e46c0770-3558-11e9-9ab3-555662fe38d7] - page.onError - stack:
  apply (:0)

  phantomjs://platform/console++.js:263 in error
[ERROR - 2019-02-20T22:01:07.922Z] Session [e46c0770-3558-11e9-9ab3-555662fe38d7] - page.onError - msg: Possible cdn image cache error: https://boliaimages.azureedge.net/images/products/01-046-01_1675535.webp?v=4.0.0.0&width=500&height=375&format=jpg&bgcolor=f5f5f5&scale=both&mode=pad&cachebusting=4

  phantomjs://platform/console++.js:263 in error
[ERROR - 2019-02-20T22:01:07.922Z] Session [e46c0770-3558-11e9-9ab3-555662fe38d7] - page.onError - stack:
  apply (:0)

  phantomjs://platform/console++.js:263 in error
[ERROR - 2019-02-20T22:01:07.922Z] Session [e46c0770-3558-11e9-9ab3-555662fe38d7] - page.onError - msg: Possible cdn image cache error: https://boliaimages.azureedge.net/images/products/01-046-01_1675535_angle.webp?v=4.0.0.0&width=500&height=375&format=jpg&bgcolor=f5f5f5&scale=both&mode=pad&cachebusting=4

  phantomjs://platform/console++.js:263 in error
[ERROR - 2019-02-20T22:01:07.922Z] Session [e46c0770-3558-11e9-9ab3-555662fe38d7] - page.onError - stack:
  apply (:0)

  phantomjs://platform/console++.js:263 in error
[ERROR - 2019-02-20T22:01:07.967Z] Session [e46c0770-3558-11e9-9ab3-555662fe38d7] - page.onError - msg: Possible cdn image cache error: https://boliaimages.azureedge.net/images/products/01-046-01_1675535.webp?v=4.0.0.0&width=500&height=375&format=jpg&bgcolor=f5f5f5&scale=both&mode=pad&cachebusting=4

  phantomjs://platform/console++.js:263 in error
[ERROR - 2019-02-20T22:01:07.967Z] Session [e46c0770-3558-11e9-9ab3-555662fe38d7] - page.onError - stack:
  apply (:0)

  phantomjs://platform/console++.js:263 in error
[ERROR - 2019-02-20T22:01:07.967Z] Session [e46c0770-3558-11e9-9ab3-555662fe38d7] - page.onError - msg: Possible cdn image cache error: https://boliaimages.azureedge.net/images/products/01-046-01_1675535_angle.webp?v=4.0.0.0&width=500&height=375&format=jpg&bgcolor=f5f5f5&scale=both&mode=pad&cachebusting=4

  phantomjs://platform/console++.js:263 in error
[ERROR - 2019-02-20T22:01:07.967Z] Session [e46c0770-3558-11e9-9ab3-555662fe38d7] - page.onError - stack:
  apply (:0)

  phantomjs://platform/console++.js:263 in error
[ERROR - 2019-02-20T22:02:11.102Z] WebElementLocator - _handleLocateCommand - Element(s) NOT Found: GAVE UP. Search Stop Time: 1550700131097

  phantomjs://platform/console++.js:263 in error
[ERROR - 2019-02-20T22:04:09.431Z] Session [e46c0770-3558-11e9-9ab3-555662fe38d7] - page.onError - msg: Possible cdn image cache error: https://boliaimages.azureedge.net/images/products/01-046-01_5293623.webp?v=4.0.0.0&width=500&height=375&format=jpg&bgcolor=f5f5f5&scale=both&mode=pad&cachebusting=3

  phantomjs://platform/console++.js:263 in error
[ERROR - 2019-02-20T22:04:09.433Z] Session [e46c0770-3558-11e9-9ab3-555662fe38d7] - page.onError - stack:
  apply (:0)

  phantomjs://platform/console++.js:263 in error
[ERROR - 2019-02-20T22:04:09.433Z] Session [e46c0770-3558-11e9-9ab3-555662fe38d7] - page.onError - msg: Possible cdn image cache error: https://boliaimages.azureedge.net/images/products/01-046-01_5293623_angle.webp?v=4.0.0.0&width=500&height=375&format=jpg&bgcolor=f5f5f5&scale=both&mode=pad&cachebusting=2

  phantomjs://platform/console++.js:263 in error
[ERROR - 2019-02-20T22:04:09.434Z] Session [e46c0770-3558-11e9-9ab3-555662fe38d7] - page.onError - stack:
  apply (:0)

  phantomjs://platform/console++.js:263 in error
[ERROR - 2019-02-20T22:04:09.502Z] Session [e46c0770-3558-11e9-9ab3-555662fe38d7] - page.onError - msg: Possible cdn image cache error: https://boliaimages.azureedge.net/images/products/01-046-01_5293623.webp?v=4.0.0.0&width=500&height=375&format=jpg&bgcolor=f5f5f5&scale=both&mode=pad&cachebusting=3

  phantomjs://platform/console++.js:263 in error
[ERROR - 2019-02-20T22:04:09.503Z] Session [e46c0770-3558-11e9-9ab3-555662fe38d7] - page.onError - stack:
  apply (:0)

  phantomjs://platform/console++.js:263 in error
[ERROR - 2019-02-20T22:04:09.503Z] Session [e46c0770-3558-11e9-9ab3-555662fe38d7] - page.onError - msg: Possible cdn image cache error: https://boliaimages.azureedge.net/images/products/01-046-01_5293623_angle.webp?v=4.0.0.0&width=500&height=375&format=jpg&bgcolor=f5f5f5&scale=both&mode=pad&cachebusting=2

  phantomjs://platform/console++.js:263 in error
[ERROR - 2019-02-20T22:04:09.503Z] Session [e46c0770-3558-11e9-9ab3-555662fe38d7] - page.onError - stack:
  apply (:0)

  phantomjs://platform/console++.js:263 in error
[ERROR - 2019-02-20T22:04:40.251Z] Session [e46c0770-3558-11e9-9ab3-555662fe38d7] - page.onError - msg: Possible cdn image cache error: https://boliaimages.azureedge.net/images/products/01-046-01_7860970.webp?v=4.0.0.0&width=500&height=375&format=jpg&bgcolor=f5f5f5&scale=both&mode=pad&cachebusting=4

  phantomjs://platform/console++.js:263 in error
[ERROR - 2019-02-20T22:04:40.251Z] Session [e46c0770-3558-11e9-9ab3-555662fe38d7] - page.onError - stack:
  apply (:0)

  phantomjs://platform/console++.js:263 in error
[ERROR - 2019-02-20T22:04:40.252Z] Session [e46c0770-3558-11e9-9ab3-555662fe38d7] - page.onError - msg: Possible cdn image cache error: https://boliaimages.azureedge.net/images/products/01-046-01_7860970_angle.webp?v=4.0.0.0&width=500&height=375&format=jpg&bgcolor=f5f5f5&scale=both&mode=pad&cachebusting=4

  phantomjs://platform/console++.js:263 in error
[ERROR - 2019-02-20T22:04:40.252Z] Session [e46c0770-3558-11e9-9ab3-555662fe38d7] - page.onError - stack:
  apply (:0)

  phantomjs://platform/console++.js:263 in error
[ERROR - 2019-02-20T22:04:40.339Z] Session [e46c0770-3558-11e9-9ab3-555662fe38d7] - page.onError - msg: Possible cdn image cache error: https://boliaimages.azureedge.net/images/products/01-046-01_7860970.webp?v=4.0.0.0&width=500&height=375&format=jpg&bgcolor=f5f5f5&scale=both&mode=pad&cachebusting=4

  phantomjs://platform/console++.js:263 in error
[ERROR - 2019-02-20T22:04:40.339Z] Session [e46c0770-3558-11e9-9ab3-555662fe38d7] - page.onError - stack:
  apply (:0)

  phantomjs://platform/console++.js:263 in error
[ERROR - 2019-02-20T22:04:40.339Z] Session [e46c0770-3558-11e9-9ab3-555662fe38d7] - page.onError - msg: Possible cdn image cache error: https://boliaimages.azureedge.net/images/products/01-046-01_7860970_angle.webp?v=4.0.0.0&width=500&height=375&format=jpg&bgcolor=f5f5f5&scale=both&mode=pad&cachebusting=4

  phantomjs://platform/console++.js:263 in error
[ERROR - 2019-02-20T22:04:40.340Z] Session [e46c0770-3558-11e9-9ab3-555662fe38d7] - page.onError - stack:
  apply (:0)

  phantomjs://platform/console++.js:263 in error
[INFO  - 2019-02-20T22:05:51.295Z] SessionManagerReqHand - _cleanupWindowlessSessions - Asynchronous Sessions clean-up phase starting NOW
[ERROR - 2019-02-20T22:09:06.615Z] Session [e46c0770-3558-11e9-9ab3-555662fe38d7] - page.onError - msg: Possible cdn image cache error: https://boliaimages.azureedge.net/images/products/01-046-05_10931642.webp?v=4.0.0.0&width=500&height=375&format=jpg&bgcolor=f5f5f5&scale=both&mode=pad&cachebusting=3

  phantomjs://platform/console++.js:263 in error
[ERROR - 2019-02-20T22:09:06.617Z] Session [e46c0770-3558-11e9-9ab3-555662fe38d7] - page.onError - stack:
  apply (:0)

  phantomjs://platform/console++.js:263 in error
[ERROR - 2019-02-20T22:09:06.618Z] Session [e46c0770-3558-11e9-9ab3-555662fe38d7] - page.onError - msg: Possible cdn image cache error: https://boliaimages.azureedge.net/images/products/01-046-05_10931642_angle.webp?v=4.0.0.0&width=500&height=375&format=jpg&bgcolor=f5f5f5&scale=both&mode=pad&cachebusting=3

  phantomjs://platform/console++.js:263 in error
[ERROR - 2019-02-20T22:09:06.618Z] Session [e46c0770-3558-11e9-9ab3-555662fe38d7] - page.onError - stack:
  apply (:0)

  phantomjs://platform/console++.js:263 in error
[ERROR - 2019-02-20T22:09:06.754Z] Session [e46c0770-3558-11e9-9ab3-555662fe38d7] - page.onError - msg: Possible cdn image cache error: https://boliaimages.azureedge.net/images/products/01-046-05_10931642.webp?v=4.0.0.0&width=500&height=375&format=jpg&bgcolor=f5f5f5&scale=both&mode=pad&cachebusting=3

  phantomjs://platform/console++.js:263 in error
[ERROR - 2019-02-20T22:09:06.754Z] Session [e46c0770-3558-11e9-9ab3-555662fe38d7] - page.onError - stack:
  apply (:0)

  phantomjs://platform/console++.js:263 in error
[ERROR - 2019-02-20T22:09:06.754Z] Session [e46c0770-3558-11e9-9ab3-555662fe38d7] - page.onError - msg: Possible cdn image cache error: https://boliaimages.azureedge.net/images/products/01-046-05_10931642_angle.webp?v=4.0.0.0&width=500&height=375&format=jpg&bgcolor=f5f5f5&scale=both&mode=pad&cachebusting=3

  phantomjs://platform/console++.js:263 in error
[ERROR - 2019-02-20T22:09:06.754Z] Session [e46c0770-3558-11e9-9ab3-555662fe38d7] - page.onError - stack:
  apply (:0)

  phantomjs://platform/console++.js:263 in error
[ERROR - 2019-02-20T22:09:58.585Z] WebElementLocator - _handleLocateCommand - Element(s) NOT Found: GAVE UP. Search Stop Time: 1550700598568

  phantomjs://platform/console++.js:263 in error
[INFO  - 2019-02-20T22:10:51.386Z] SessionManagerReqHand - _cleanupWindowlessSessions - Asynchronous Sessions clean-up phase starting NOW
[ERROR - 2019-02-20T22:11:58.698Z] Session [e46c0770-3558-11e9-9ab3-555662fe38d7] - page.onError - msg: Possible cdn image cache error: https://boliaimages.azureedge.net/images/products/01-046-05_12245211.webp?v=4.0.0.0&width=500&height=375&format=jpg&bgcolor=f5f5f5&scale=both&mode=pad&cachebusting=2

  phantomjs://platform/console++.js:263 in error
[ERROR - 2019-02-20T22:11:58.700Z] Session [e46c0770-3558-11e9-9ab3-555662fe38d7] - page.onError - stack:
  apply (:0)

  phantomjs://platform/console++.js:263 in error
[ERROR - 2019-02-20T22:11:58.700Z] Session [e46c0770-3558-11e9-9ab3-555662fe38d7] - page.onError - msg: Possible cdn image cache error: https://boliaimages.azureedge.net/images/products/01-046-05_12245211_angle.webp?v=4.0.0.0&width=500&height=375&format=jpg&bgcolor=f5f5f5&scale=both&mode=pad&cachebusting=2

  phantomjs://platform/console++.js:263 in error
[ERROR - 2019-02-20T22:11:58.700Z] Session [e46c0770-3558-11e9-9ab3-555662fe38d7] - page.onError - stack:
  apply (:0)

  phantomjs://platform/console++.js:263 in error
[ERROR - 2019-02-20T22:11:58.783Z] Session [e46c0770-3558-11e9-9ab3-555662fe38d7] - page.onError - msg: Possible cdn image cache error: https://boliaimages.azureedge.net/images/products/01-046-05_12245211.webp?v=4.0.0.0&width=500&height=375&format=jpg&bgcolor=f5f5f5&scale=both&mode=pad&cachebusting=2

  phantomjs://platform/console++.js:263 in error
[ERROR - 2019-02-20T22:11:58.783Z] Session [e46c0770-3558-11e9-9ab3-555662fe38d7] - page.onError - stack:
  apply (:0)

  phantomjs://platform/console++.js:263 in error
[ERROR - 2019-02-20T22:11:58.783Z] Session [e46c0770-3558-11e9-9ab3-555662fe38d7] - page.onError - msg: Possible cdn image cache error: https://boliaimages.azureedge.net/images/products/01-046-05_12245211_angle.webp?v=4.0.0.0&width=500&height=375&format=jpg&bgcolor=f5f5f5&scale=both&mode=pad&cachebusting=2

  phantomjs://platform/console++.js:263 in error
[ERROR - 2019-02-20T22:11:58.783Z] Session [e46c0770-3558-11e9-9ab3-555662fe38d7] - page.onError - stack:
  apply (:0)

  phantomjs://platform/console++.js:263 in error
[ERROR - 2019-02-20T22:12:25.247Z] Session [e46c0770-3558-11e9-9ab3-555662fe38d7] - page.onError - msg: Possible cdn image cache error: https://boliaimages.azureedge.net/images/products/01-046-01_1675707.webp?v=4.0.0.0&width=500&height=214&format=jpg&bgcolor=f5f5f5&scale=both&mode=pad&cachebusting=2

  phantomjs://platform/console++.js:263 in error
[ERROR - 2019-02-20T22:12:25.247Z] Session [e46c0770-3558-11e9-9ab3-555662fe38d7] - page.onError - stack:
  apply (:0)

  phantomjs://platform/console++.js:263 in error
[ERROR - 2019-02-20T22:12:25.248Z] Session [e46c0770-3558-11e9-9ab3-555662fe38d7] - page.onError - msg: Possible cdn image cache error: https://boliaimages.azureedge.net/images/products/01-046-05_1675707.webp?v=4.0.0.0&width=500&height=214&format=jpg&bgcolor=f5f5f5&scale=both&mode=pad&cachebusting=2

  phantomjs://platform/console++.js:263 in error
[ERROR - 2019-02-20T22:12:25.248Z] Session [e46c0770-3558-11e9-9ab3-555662fe38d7] - page.onError - stack:
  apply (:0)

  phantomjs://platform/console++.js:263 in error
[ERROR - 2019-02-20T22:12:25.248Z] Session [e46c0770-3558-11e9-9ab3-555662fe38d7] - page.onError - msg: Possible cdn image cache error: https://boliaimages.azureedge.net/images/products/01-046-10_1675707.webp?v=4.0.0.0&width=500&height=214&format=jpg&bgcolor=f5f5f5&scale=both&mode=pad&cachebusting=1

  phantomjs://platform/console++.js:263 in error
[ERROR - 2019-02-20T22:12:25.248Z] Session [e46c0770-3558-11e9-9ab3-555662fe38d7] - page.onError - stack:
  apply (:0)

  phantomjs://platform/console++.js:263 in error
[ERROR - 2019-02-20T22:12:25.248Z] Session [e46c0770-3558-11e9-9ab3-555662fe38d7] - page.onError - msg: Possible cdn image cache error: https://boliaimages.azureedge.net/images/products/01-046-15_1675707.webp?v=4.0.0.0&width=500&height=214&format=jpg&bgcolor=f5f5f5&scale=both&mode=pad&cachebusting=2

  phantomjs://platform/console++.js:263 in error
[ERROR - 2019-02-20T22:12:25.248Z] Session [e46c0770-3558-11e9-9ab3-555662fe38d7] - page.onError - stack:
  apply (:0)

  phantomjs://platform/console++.js:263 in error
[ERROR - 2019-02-20T22:12:25.249Z] Session [e46c0770-3558-11e9-9ab3-555662fe38d7] - page.onError - msg: Possible cdn image cache error: https://boliaimages.azureedge.net/images/products/01-046-20_1675707.webp?v=4.0.0.0&width=500&height=214&format=jpg&bgcolor=f5f5f5&scale=both&mode=pad&cachebusting=1

  phantomjs://platform/console++.js:263 in error
[ERROR - 2019-02-20T22:12:25.249Z] Session [e46c0770-3558-11e9-9ab3-555662fe38d7] - page.onError - stack:
  apply (:0)

  phantomjs://platform/console++.js:263 in error
[ERROR - 2019-02-20T22:12:25.249Z] Session [e46c0770-3558-11e9-9ab3-555662fe38d7] - page.onError - msg: Possible cdn image cache error: https://boliaimages.azureedge.net/images/products/01-046-25_1675707.webp?v=4.0.0.0&width=500&height=214&format=jpg&bgcolor=f5f5f5&scale=both&mode=pad&cachebusting=1

  phantomjs://platform/console++.js:263 in error
[ERROR - 2019-02-20T22:12:25.249Z] Session [e46c0770-3558-11e9-9ab3-555662fe38d7] - page.onError - stack:
  apply (:0)

  phantomjs://platform/console++.js:263 in error
[ERROR - 2019-02-20T22:12:25.249Z] Session [e46c0770-3558-11e9-9ab3-555662fe38d7] - page.onError - msg: Possible cdn image cache error: https://boliaimages.azureedge.net/images/products/01-046-30_1675707.webp?v=4.0.0.0&width=500&height=214&format=jpg&bgcolor=f5f5f5&scale=both&mode=pad&cachebusting=1

  phantomjs://platform/console++.js:263 in error
[ERROR - 2019-02-20T22:12:25.249Z] Session [e46c0770-3558-11e9-9ab3-555662fe38d7] - page.onError - stack:
  apply (:0)

  phantomjs://platform/console++.js:263 in error
[ERROR - 2019-02-20T22:12:25.249Z] Session [e46c0770-3558-11e9-9ab3-555662fe38d7] - page.onError - msg: Possible cdn image cache error: https://boliaimages.azureedge.net/images/products/01-046-35_1675707.webp?v=4.0.0.0&width=500&height=214&format=jpg&bgcolor=f5f5f5&scale=both&mode=pad&cachebusting=1

  phantomjs://platform/console++.js:263 in error
[ERROR - 2019-02-20T22:12:25.249Z] Session [e46c0770-3558-11e9-9ab3-555662fe38d7] - page.onError - stack:
  apply (:0)

  phantomjs://platform/console++.js:263 in error
[ERROR - 2019-02-20T22:12:25.249Z] Session [e46c0770-3558-11e9-9ab3-555662fe38d7] - page.onError - msg: Possible cdn image cache error: https://boliaimages.azureedge.net/images/products/01-046-36_1675707.webp?v=4.0.0.0&width=500&height=214&format=jpg&bgcolor=f5f5f5&scale=both&mode=pad&cachebusting=2

  phantomjs://platform/console++.js:263 in error
[ERROR - 2019-02-20T22:12:25.249Z] Session [e46c0770-3558-11e9-9ab3-555662fe38d7] - page.onError - stack:
  apply (:0)

  phantomjs://platform/console++.js:263 in error
[ERROR - 2019-02-20T22:12:29.992Z] WebElementLocator - _handleLocateCommand - Element(s) NOT Found: GAVE UP. Search Stop Time: 1550700749933

  phantomjs://platform/console++.js:263 in error
[ERROR - 2019-02-20T22:12:56.633Z] Session [e46c0770-3558-11e9-9ab3-555662fe38d7] - page.onError - msg: Possible cdn image cache error: https://boliaimages.azureedge.net/images/products/01-046-05_2654389.webp?v=4.0.0.0&width=500&height=375&format=jpg&bgcolor=f5f5f5&scale=both&mode=pad&cachebusting=3

  phantomjs://platform/console++.js:263 in error
[ERROR - 2019-02-20T22:12:56.633Z] Session [e46c0770-3558-11e9-9ab3-555662fe38d7] - page.onError - stack:
  apply (:0)

  phantomjs://platform/console++.js:263 in error
[ERROR - 2019-02-20T22:12:56.634Z] Session [e46c0770-3558-11e9-9ab3-555662fe38d7] - page.onError - msg: Possible cdn image cache error: https://boliaimages.azureedge.net/images/products/01-046-05_2654389_angle.webp?v=4.0.0.0&width=500&height=375&format=jpg&bgcolor=f5f5f5&scale=both&mode=pad&cachebusting=2

  phantomjs://platform/console++.js:263 in error
[ERROR - 2019-02-20T22:12:56.634Z] Session [e46c0770-3558-11e9-9ab3-555662fe38d7] - page.onError - stack:
  apply (:0)

  phantomjs://platform/console++.js:263 in error
[ERROR - 2019-02-20T22:12:56.683Z] Session [e46c0770-3558-11e9-9ab3-555662fe38d7] - page.onError - msg: Possible cdn image cache error: https://boliaimages.azureedge.net/images/products/01-046-05_2654389.webp?v=4.0.0.0&width=500&height=375&format=jpg&bgcolor=f5f5f5&scale=both&mode=pad&cachebusting=3

  phantomjs://platform/console++.js:263 in error
[ERROR - 2019-02-20T22:12:56.683Z] Session [e46c0770-3558-11e9-9ab3-555662fe38d7] - page.onError - stack:
  apply (:0)

  phantomjs://platform/console++.js:263 in error
[ERROR - 2019-02-20T22:12:56.684Z] Session [e46c0770-3558-11e9-9ab3-555662fe38d7] - page.onError - msg: Possible cdn image cache error: https://boliaimages.azureedge.net/images/products/01-046-05_2654389_angle.webp?v=4.0.0.0&width=500&height=375&format=jpg&bgcolor=f5f5f5&scale=both&mode=pad&cachebusting=2

  phantomjs://platform/console++.js:263 in error
[ERROR - 2019-02-20T22:12:56.684Z] Session [e46c0770-3558-11e9-9ab3-555662fe38d7] - page.onError - stack:
  apply (:0)

  phantomjs://platform/console++.js:263 in error
[ERROR - 2019-02-20T22:14:25.963Z] Session [e46c0770-3558-11e9-9ab3-555662fe38d7] - page.onError - msg: Possible cdn image cache error: https://boliaimages.azureedge.net/images/products/01-046-05_3629561.webp?v=4.0.0.0&width=500&height=375&format=jpg&bgcolor=f5f5f5&scale=both&mode=pad&cachebusting=3

  phantomjs://platform/console++.js:263 in error
[ERROR - 2019-02-20T22:14:25.964Z] Session [e46c0770-3558-11e9-9ab3-555662fe38d7] - page.onError - stack:
  apply (:0)

  phantomjs://platform/console++.js:263 in error
[ERROR - 2019-02-20T22:14:25.965Z] Session [e46c0770-3558-11e9-9ab3-555662fe38d7] - page.onError - msg: Possible cdn image cache error: https://boliaimages.azureedge.net/images/products/01-046-05_3629561_angle.webp?v=4.0.0.0&width=500&height=375&format=jpg&bgcolor=f5f5f5&scale=both&mode=pad&cachebusting=3

  phantomjs://platform/console++.js:263 in error
[ERROR - 2019-02-20T22:14:25.965Z] Session [e46c0770-3558-11e9-9ab3-555662fe38d7] - page.onError - stack:
  apply (:0)

  phantomjs://platform/console++.js:263 in error
[ERROR - 2019-02-20T22:14:26.029Z] Session [e46c0770-3558-11e9-9ab3-555662fe38d7] - page.onError - msg: Possible cdn image cache error: https://boliaimages.azureedge.net/images/products/01-046-05_3629561.webp?v=4.0.0.0&width=500&height=375&format=jpg&bgcolor=f5f5f5&scale=both&mode=pad&cachebusting=3

  phantomjs://platform/console++.js:263 in error
[ERROR - 2019-02-20T22:14:26.030Z] Session [e46c0770-3558-11e9-9ab3-555662fe38d7] - page.onError - stack:
  apply (:0)

  phantomjs://platform/console++.js:263 in error
[ERROR - 2019-02-20T22:14:26.030Z] Session [e46c0770-3558-11e9-9ab3-555662fe38d7] - page.onError - msg: Possible cdn image cache error: https://boliaimages.azureedge.net/images/products/01-046-05_3629561_angle.webp?v=4.0.0.0&width=500&height=375&format=jpg&bgcolor=f5f5f5&scale=both&mode=pad&cachebusting=3

  phantomjs://platform/console++.js:263 in error
[ERROR - 2019-02-20T22:14:26.030Z] Session [e46c0770-3558-11e9-9ab3-555662fe38d7] - page.onError - stack:
  apply (:0)

  phantomjs://platform/console++.js:263 in error
[ERROR - 2019-02-20T22:15:13.228Z] Session [e46c0770-3558-11e9-9ab3-555662fe38d7] - page.onError - msg: Possible cdn image cache error: https://boliaimages.azureedge.net/images/products/01-046-05_6379413.webp?v=4.0.0.0&width=500&height=375&format=jpg&bgcolor=f5f5f5&scale=both&mode=pad&cachebusting=3

  phantomjs://platform/console++.js:263 in error
[ERROR - 2019-02-20T22:15:13.228Z] Session [e46c0770-3558-11e9-9ab3-555662fe38d7] - page.onError - stack:
  apply (:0)

  phantomjs://platform/console++.js:263 in error
[ERROR - 2019-02-20T22:15:13.229Z] Session [e46c0770-3558-11e9-9ab3-555662fe38d7] - page.onError - msg: Possible cdn image cache error: https://boliaimages.azureedge.net/images/products/01-046-05_6379413_angle.webp?v=4.0.0.0&width=500&height=375&format=jpg&bgcolor=f5f5f5&scale=both&mode=pad&cachebusting=2

  phantomjs://platform/console++.js:263 in error
[ERROR - 2019-02-20T22:15:13.229Z] Session [e46c0770-3558-11e9-9ab3-555662fe38d7] - page.onError - stack:
  apply (:0)

  phantomjs://platform/console++.js:263 in error
[ERROR - 2019-02-20T22:15:13.474Z] Session [e46c0770-3558-11e9-9ab3-555662fe38d7] - page.onError - msg: Possible cdn image cache error: https://boliaimages.azureedge.net/images/products/01-046-05_6379413.webp?v=4.0.0.0&width=500&height=375&format=jpg&bgcolor=f5f5f5&scale=both&mode=pad&cachebusting=3

  phantomjs://platform/console++.js:263 in error
[ERROR - 2019-02-20T22:15:13.474Z] Session [e46c0770-3558-11e9-9ab3-555662fe38d7] - page.onError - stack:
  apply (:0)

  phantomjs://platform/console++.js:263 in error
[ERROR - 2019-02-20T22:15:13.474Z] Session [e46c0770-3558-11e9-9ab3-555662fe38d7] - page.onError - msg: Possible cdn image cache error: https://boliaimages.azureedge.net/images/products/01-046-05_6379413_angle.webp?v=4.0.0.0&width=500&height=375&format=jpg&bgcolor=f5f5f5&scale=both&mode=pad&cachebusting=2

  phantomjs://platform/console++.js:263 in error
[ERROR - 2019-02-20T22:15:13.474Z] Session [e46c0770-3558-11e9-9ab3-555662fe38d7] - page.onError - stack:
  apply (:0)

  phantomjs://platform/console++.js:263 in error
[ERROR - 2019-02-20T22:15:18.167Z] Session [e46c0770-3558-11e9-9ab3-555662fe38d7] - page.onError - msg: Possible cdn image cache error: https://boliaimages.azureedge.net/images/products/01-046-05_6379545.webp?v=4.0.0.0&width=500&height=375&format=jpg&bgcolor=f5f5f5&scale=both&mode=pad&cachebusting=3

  phantomjs://platform/console++.js:263 in error
[ERROR - 2019-02-20T22:15:18.167Z] Session [e46c0770-3558-11e9-9ab3-555662fe38d7] - page.onError - stack:
  apply (:0)

  phantomjs://platform/console++.js:263 in error
[ERROR - 2019-02-20T22:15:18.167Z] Session [e46c0770-3558-11e9-9ab3-555662fe38d7] - page.onError - msg: Possible cdn image cache error: https://boliaimages.azureedge.net/images/products/01-046-05_6379545_angle.webp?v=4.0.0.0&width=500&height=375&format=jpg&bgcolor=f5f5f5&scale=both&mode=pad&cachebusting=2

  phantomjs://platform/console++.js:263 in error
[ERROR - 2019-02-20T22:15:18.167Z] Session [e46c0770-3558-11e9-9ab3-555662fe38d7] - page.onError - stack:
  apply (:0)

  phantomjs://platform/console++.js:263 in error
[ERROR - 2019-02-20T22:15:18.263Z] Session [e46c0770-3558-11e9-9ab3-555662fe38d7] - page.onError - msg: Possible cdn image cache error: https://boliaimages.azureedge.net/images/products/01-046-05_6379545.webp?v=4.0.0.0&width=500&height=375&format=jpg&bgcolor=f5f5f5&scale=both&mode=pad&cachebusting=3

  phantomjs://platform/console++.js:263 in error
[ERROR - 2019-02-20T22:15:18.264Z] Session [e46c0770-3558-11e9-9ab3-555662fe38d7] - page.onError - stack:
  apply (:0)

  phantomjs://platform/console++.js:263 in error
[ERROR - 2019-02-20T22:15:18.264Z] Session [e46c0770-3558-11e9-9ab3-555662fe38d7] - page.onError - msg: Possible cdn image cache error: https://boliaimages.azureedge.net/images/products/01-046-05_6379545_angle.webp?v=4.0.0.0&width=500&height=375&format=jpg&bgcolor=f5f5f5&scale=both&mode=pad&cachebusting=2

  phantomjs://platform/console++.js:263 in error
[ERROR - 2019-02-20T22:15:18.264Z] Session [e46c0770-3558-11e9-9ab3-555662fe38d7] - page.onError - stack:
  apply (:0)

  phantomjs://platform/console++.js:263 in error
[INFO  - 2019-02-20T22:15:52.398Z] SessionManagerReqHand - _cleanupWindowlessSessions - Asynchronous Sessions clean-up phase starting NOW
[ERROR - 2019-02-20T22:15:54.927Z] Session [e46c0770-3558-11e9-9ab3-555662fe38d7] - page.onError - msg: Possible cdn image cache error: https://boliaimages.azureedge.net/images/products/01-046-15_10931590.webp?v=4.0.0.0&width=500&height=375&format=jpg&bgcolor=f5f5f5&scale=both&mode=pad&cachebusting=4

  phantomjs://platform/console++.js:263 in error
[ERROR - 2019-02-20T22:15:54.927Z] Session [e46c0770-3558-11e9-9ab3-555662fe38d7] - page.onError - stack:
  apply (:0)

  phantomjs://platform/console++.js:263 in error
[ERROR - 2019-02-20T22:15:54.927Z] Session [e46c0770-3558-11e9-9ab3-555662fe38d7] - page.onError - msg: Possible cdn image cache error: https://boliaimages.azureedge.net/images/products/01-046-15_10931590_angle.webp?v=4.0.0.0&width=500&height=375&format=jpg&bgcolor=f5f5f5&scale=both&mode=pad&cachebusting=4

  phantomjs://platform/console++.js:263 in error
[ERROR - 2019-02-20T22:15:54.927Z] Session [e46c0770-3558-11e9-9ab3-555662fe38d7] - page.onError - stack:
  apply (:0)

  phantomjs://platform/console++.js:263 in error
[ERROR - 2019-02-20T22:15:54.976Z] Session [e46c0770-3558-11e9-9ab3-555662fe38d7] - page.onError - msg: Possible cdn image cache error: https://boliaimages.azureedge.net/images/products/01-046-15_10931590.webp?v=4.0.0.0&width=500&height=375&format=jpg&bgcolor=f5f5f5&scale=both&mode=pad&cachebusting=4

  phantomjs://platform/console++.js:263 in error
[ERROR - 2019-02-20T22:15:54.976Z] Session [e46c0770-3558-11e9-9ab3-555662fe38d7] - page.onError - stack:
  apply (:0)

  phantomjs://platform/console++.js:263 in error
[ERROR - 2019-02-20T22:15:54.976Z] Session [e46c0770-3558-11e9-9ab3-555662fe38d7] - page.onError - msg: Possible cdn image cache error: https://boliaimages.azureedge.net/images/products/01-046-15_10931590_angle.webp?v=4.0.0.0&width=500&height=375&format=jpg&bgcolor=f5f5f5&scale=both&mode=pad&cachebusting=4

  phantomjs://platform/console++.js:263 in error
[ERROR - 2019-02-20T22:15:54.976Z] Session [e46c0770-3558-11e9-9ab3-555662fe38d7] - page.onError - stack:
  apply (:0)

  phantomjs://platform/console++.js:263 in error
[ERROR - 2019-02-20T22:16:18.951Z] WebElementLocator - _handleLocateCommand - Element(s) NOT Found: GAVE UP. Search Stop Time: 1550700978905

  phantomjs://platform/console++.js:263 in error
[ERROR - 2019-02-20T22:16:29.198Z] Session [e46c0770-3558-11e9-9ab3-555662fe38d7] - page.onError - msg: Possible cdn image cache error: https://boliaimages.azureedge.net/images/products/01-046-15_10931646.webp?v=4.0.0.0&width=500&height=375&format=jpg&bgcolor=f5f5f5&scale=both&mode=pad&cachebusting=4

  phantomjs://platform/console++.js:263 in error
[ERROR - 2019-02-20T22:16:29.198Z] Session [e46c0770-3558-11e9-9ab3-555662fe38d7] - page.onError - stack:
  apply (:0)

  phantomjs://platform/console++.js:263 in error
[ERROR - 2019-02-20T22:16:29.199Z] Session [e46c0770-3558-11e9-9ab3-555662fe38d7] - page.onError - msg: Possible cdn image cache error: https://boliaimages.azureedge.net/images/products/01-046-15_10931646_angle.webp?v=4.0.0.0&width=500&height=375&format=jpg&bgcolor=f5f5f5&scale=both&mode=pad&cachebusting=4

  phantomjs://platform/console++.js:263 in error
[ERROR - 2019-02-20T22:16:29.199Z] Session [e46c0770-3558-11e9-9ab3-555662fe38d7] - page.onError - stack:
  apply (:0)

  phantomjs://platform/console++.js:263 in error
[ERROR - 2019-02-20T22:16:29.372Z] Session [e46c0770-3558-11e9-9ab3-555662fe38d7] - page.onError - msg: Possible cdn image cache error: https://boliaimages.azureedge.net/images/products/01-046-15_10931646.webp?v=4.0.0.0&width=500&height=375&format=jpg&bgcolor=f5f5f5&scale=both&mode=pad&cachebusting=4

  phantomjs://platform/console++.js:263 in error
[ERROR - 2019-02-20T22:16:29.373Z] Session [e46c0770-3558-11e9-9ab3-555662fe38d7] - page.onError - stack:
  apply (:0)

  phantomjs://platform/console++.js:263 in error
[ERROR - 2019-02-20T22:16:29.373Z] Session [e46c0770-3558-11e9-9ab3-555662fe38d7] - page.onError - msg: Possible cdn image cache error: https://boliaimages.azureedge.net/images/products/01-046-15_10931646_angle.webp?v=4.0.0.0&width=500&height=375&format=jpg&bgcolor=f5f5f5&scale=both&mode=pad&cachebusting=4

  phantomjs://platform/console++.js:263 in error
[ERROR - 2019-02-20T22:16:29.373Z] Session [e46c0770-3558-11e9-9ab3-555662fe38d7] - page.onError - stack:
  apply (:0)

  phantomjs://platform/console++.js:263 in error
[ERROR - 2019-02-20T22:16:54.904Z] Session [e46c0770-3558-11e9-9ab3-555662fe38d7] - page.onError - msg: Possible cdn image cache error: https://boliaimages.azureedge.net/images/products/01-046-15_3558028.webp?v=4.0.0.0&width=500&height=375&format=jpg&bgcolor=f5f5f5&scale=both&mode=pad&cachebusting=4

  phantomjs://platform/console++.js:263 in error
[ERROR - 2019-02-20T22:16:54.904Z] Session [e46c0770-3558-11e9-9ab3-555662fe38d7] - page.onError - stack:
  apply (:0)

  phantomjs://platform/console++.js:263 in error
[ERROR - 2019-02-20T22:16:54.904Z] Session [e46c0770-3558-11e9-9ab3-555662fe38d7] - page.onError - msg: Possible cdn image cache error: https://boliaimages.azureedge.net/images/products/01-046-15_3558028_angle.webp?v=4.0.0.0&width=500&height=375&format=jpg&bgcolor=f5f5f5&scale=both&mode=pad&cachebusting=3

  phantomjs://platform/console++.js:263 in error
[ERROR - 2019-02-20T22:16:54.904Z] Session [e46c0770-3558-11e9-9ab3-555662fe38d7] - page.onError - stack:
  apply (:0)

  phantomjs://platform/console++.js:263 in error
[ERROR - 2019-02-20T22:16:54.956Z] Session [e46c0770-3558-11e9-9ab3-555662fe38d7] - page.onError - msg: Possible cdn image cache error: https://boliaimages.azureedge.net/images/products/01-046-15_3558028.webp?v=4.0.0.0&width=500&height=375&format=jpg&bgcolor=f5f5f5&scale=both&mode=pad&cachebusting=4

  phantomjs://platform/console++.js:263 in error
[ERROR - 2019-02-20T22:16:54.957Z] Session [e46c0770-3558-11e9-9ab3-555662fe38d7] - page.onError - stack:
  apply (:0)

  phantomjs://platform/console++.js:263 in error
[ERROR - 2019-02-20T22:16:54.957Z] Session [e46c0770-3558-11e9-9ab3-555662fe38d7] - page.onError - msg: Possible cdn image cache error: https://boliaimages.azureedge.net/images/products/01-046-15_3558028_angle.webp?v=4.0.0.0&width=500&height=375&format=jpg&bgcolor=f5f5f5&scale=both&mode=pad&cachebusting=3

  phantomjs://platform/console++.js:263 in error
[ERROR - 2019-02-20T22:16:54.957Z] Session [e46c0770-3558-11e9-9ab3-555662fe38d7] - page.onError - stack:
  apply (:0)

  phantomjs://platform/console++.js:263 in error
[ERROR - 2019-02-20T22:17:01.878Z] Session [e46c0770-3558-11e9-9ab3-555662fe38d7] - page.onError - msg: Possible cdn image cache error: https://boliaimages.azureedge.net/images/products/01-046-15_3629507.webp?v=4.0.0.0&width=500&height=375&format=jpg&bgcolor=f5f5f5&scale=both&mode=pad&cachebusting=4

  phantomjs://platform/console++.js:263 in error
[ERROR - 2019-02-20T22:17:01.880Z] Session [e46c0770-3558-11e9-9ab3-555662fe38d7] - page.onError - stack:
  apply (:0)

  phantomjs://platform/console++.js:263 in error
[ERROR - 2019-02-20T22:17:01.880Z] Session [e46c0770-3558-11e9-9ab3-555662fe38d7] - page.onError - msg: Possible cdn image cache error: https://boliaimages.azureedge.net/images/products/01-046-15_3629507_angle.webp?v=4.0.0.0&width=500&height=375&format=jpg&bgcolor=f5f5f5&scale=both&mode=pad&cachebusting=3

  phantomjs://platform/console++.js:263 in error
[ERROR - 2019-02-20T22:17:01.881Z] Session [e46c0770-3558-11e9-9ab3-555662fe38d7] - page.onError - stack:
  apply (:0)

  phantomjs://platform/console++.js:263 in error
[ERROR - 2019-02-20T22:17:19.826Z] Session [e46c0770-3558-11e9-9ab3-555662fe38d7] - page.onError - msg: Possible cdn image cache error: https://boliaimages.azureedge.net/images/products/01-046-15_12245211.webp?v=4.0.0.0&width=500&height=375&format=jpg&bgcolor=f5f5f5&scale=both&mode=pad&cachebusting=2

  phantomjs://platform/console++.js:263 in error
[ERROR - 2019-02-20T22:17:19.826Z] Session [e46c0770-3558-11e9-9ab3-555662fe38d7] - page.onError - stack:
  apply (:0)

  phantomjs://platform/console++.js:263 in error
[ERROR - 2019-02-20T22:17:19.826Z] Session [e46c0770-3558-11e9-9ab3-555662fe38d7] - page.onError - msg: Possible cdn image cache error: https://boliaimages.azureedge.net/images/products/01-046-15_12245211_angle.webp?v=4.0.0.0&width=500&height=375&format=jpg&bgcolor=f5f5f5&scale=both&mode=pad&cachebusting=2

  phantomjs://platform/console++.js:263 in error
[ERROR - 2019-02-20T22:17:19.826Z] Session [e46c0770-3558-11e9-9ab3-555662fe38d7] - page.onError - stack:
  apply (:0)

  phantomjs://platform/console++.js:263 in error
[ERROR - 2019-02-20T22:17:19.842Z] Session [e46c0770-3558-11e9-9ab3-555662fe38d7] - page.onError - msg: Possible cdn image cache error: https://boliaimages.azureedge.net/images/products/01-046-15_12245211.webp?v=4.0.0.0&width=500&height=375&format=jpg&bgcolor=f5f5f5&scale=both&mode=pad&cachebusting=2

  phantomjs://platform/console++.js:263 in error
[ERROR - 2019-02-20T22:17:19.842Z] Session [e46c0770-3558-11e9-9ab3-555662fe38d7] - page.onError - stack:
  apply (:0)

  phantomjs://platform/console++.js:263 in error
[ERROR - 2019-02-20T22:17:19.842Z] Session [e46c0770-3558-11e9-9ab3-555662fe38d7] - page.onError - msg: Possible cdn image cache error: https://boliaimages.azureedge.net/images/products/01-046-15_12245211_angle.webp?v=4.0.0.0&width=500&height=375&format=jpg&bgcolor=f5f5f5&scale=both&mode=pad&cachebusting=2

  phantomjs://platform/console++.js:263 in error
[ERROR - 2019-02-20T22:17:19.842Z] Session [e46c0770-3558-11e9-9ab3-555662fe38d7] - page.onError - stack:
  apply (:0)

  phantomjs://platform/console++.js:263 in error
[ERROR - 2019-02-20T22:19:02.165Z] Session [e46c0770-3558-11e9-9ab3-555662fe38d7] - page.onError - msg: Possible cdn image cache error: https://boliaimages.azureedge.net/images/products/01-046-15_6379269.webp?v=4.0.0.0&width=500&height=375&format=jpg&bgcolor=f5f5f5&scale=both&mode=pad&cachebusting=4

  phantomjs://platform/console++.js:263 in error
[ERROR - 2019-02-20T22:19:02.167Z] Session [e46c0770-3558-11e9-9ab3-555662fe38d7] - page.onError - stack:
  apply (:0)

  phantomjs://platform/console++.js:263 in error
[ERROR - 2019-02-20T22:19:02.167Z] Session [e46c0770-3558-11e9-9ab3-555662fe38d7] - page.onError - msg: Possible cdn image cache error: https://boliaimages.azureedge.net/images/products/01-046-15_6379269_angle.webp?v=4.0.0.0&width=500&height=375&format=jpg&bgcolor=f5f5f5&scale=both&mode=pad&cachebusting=3

  phantomjs://platform/console++.js:263 in error
[ERROR - 2019-02-20T22:19:02.167Z] Session [e46c0770-3558-11e9-9ab3-555662fe38d7] - page.onError - stack:
  apply (:0)

  phantomjs://platform/console++.js:263 in error
[ERROR - 2019-02-20T22:19:02.215Z] Session [e46c0770-3558-11e9-9ab3-555662fe38d7] - page.onError - msg: Possible cdn image cache error: https://boliaimages.azureedge.net/images/products/01-046-15_6379269.webp?v=4.0.0.0&width=500&height=375&format=jpg&bgcolor=f5f5f5&scale=both&mode=pad&cachebusting=4

  phantomjs://platform/console++.js:263 in error
[ERROR - 2019-02-20T22:19:02.215Z] Session [e46c0770-3558-11e9-9ab3-555662fe38d7] - page.onError - stack:
  apply (:0)

  phantomjs://platform/console++.js:263 in error
[ERROR - 2019-02-20T22:19:02.216Z] Session [e46c0770-3558-11e9-9ab3-555662fe38d7] - page.onError - msg: Possible cdn image cache error: https://boliaimages.azureedge.net/images/products/01-046-15_6379269_angle.webp?v=4.0.0.0&width=500&height=375&format=jpg&bgcolor=f5f5f5&scale=both&mode=pad&cachebusting=3

  phantomjs://platform/console++.js:263 in error
[ERROR - 2019-02-20T22:19:02.216Z] Session [e46c0770-3558-11e9-9ab3-555662fe38d7] - page.onError - stack:
  apply (:0)

  phantomjs://platform/console++.js:263 in error
[INFO  - 2019-02-20T22:20:52.420Z] SessionManagerReqHand - _cleanupWindowlessSessions - Asynchronous Sessions clean-up phase starting NOW
[ERROR - 2019-02-20T22:22:34.041Z] Session [e46c0770-3558-11e9-9ab3-555662fe38d7] - page.onError - msg: Possible cdn image cache error: https://boliaimages.azureedge.net/images/products/01-046-15_7883419.webp?v=4.0.0.0&width=500&height=375&format=jpg&bgcolor=f5f5f5&scale=both&mode=pad&cachebusting=5

  phantomjs://platform/console++.js:263 in error
[ERROR - 2019-02-20T22:22:34.042Z] Session [e46c0770-3558-11e9-9ab3-555662fe38d7] - page.onError - stack:
  apply (:0)

  phantomjs://platform/console++.js:263 in error
[ERROR - 2019-02-20T22:22:34.042Z] Session [e46c0770-3558-11e9-9ab3-555662fe38d7] - page.onError - msg: Possible cdn image cache error: https://boliaimages.azureedge.net/images/products/01-046-15_7883419_angle.webp?v=4.0.0.0&width=500&height=375&format=jpg&bgcolor=f5f5f5&scale=both&mode=pad&cachebusting=5

  phantomjs://platform/console++.js:263 in error
[ERROR - 2019-02-20T22:22:34.042Z] Session [e46c0770-3558-11e9-9ab3-555662fe38d7] - page.onError - stack:
  apply (:0)

  phantomjs://platform/console++.js:263 in error
[ERROR - 2019-02-20T22:22:34.160Z] Session [e46c0770-3558-11e9-9ab3-555662fe38d7] - page.onError - msg: Possible cdn image cache error: https://boliaimages.azureedge.net/images/products/01-046-15_7883419.webp?v=4.0.0.0&width=500&height=375&format=jpg&bgcolor=f5f5f5&scale=both&mode=pad&cachebusting=5

  phantomjs://platform/console++.js:263 in error
[ERROR - 2019-02-20T22:22:34.160Z] Session [e46c0770-3558-11e9-9ab3-555662fe38d7] - page.onError - stack:
  apply (:0)

  phantomjs://platform/console++.js:263 in error
[ERROR - 2019-02-20T22:22:34.162Z] Session [e46c0770-3558-11e9-9ab3-555662fe38d7] - page.onError - msg: Possible cdn image cache error: https://boliaimages.azureedge.net/images/products/01-046-15_7883419_angle.webp?v=4.0.0.0&width=500&height=375&format=jpg&bgcolor=f5f5f5&scale=both&mode=pad&cachebusting=5

  phantomjs://platform/console++.js:263 in error
[ERROR - 2019-02-20T22:22:34.162Z] Session [e46c0770-3558-11e9-9ab3-555662fe38d7] - page.onError - stack:
  apply (:0)

  phantomjs://platform/console++.js:263 in error
[ERROR - 2019-02-20T22:22:56.300Z] WebElementLocator - _handleLocateCommand - Element(s) NOT Found: GAVE UP. Search Stop Time: 1550701376227

  phantomjs://platform/console++.js:263 in error
[ERROR - 2019-02-20T22:24:38.854Z] Session [e46c0770-3558-11e9-9ab3-555662fe38d7] - page.onError - msg: Possible cdn image cache error: https://boliaimages.azureedge.net/images/products/01-202-01_11064559.webp?v=4.0.0.0&width=500&height=375&format=jpg&bgcolor=f5f5f5&scale=both&mode=pad&cachebusting=2

  phantomjs://platform/console++.js:263 in error
[ERROR - 2019-02-20T22:24:38.855Z] Session [e46c0770-3558-11e9-9ab3-555662fe38d7] - page.onError - stack:
  apply (:0)

  phantomjs://platform/console++.js:263 in error
[ERROR - 2019-02-20T22:24:38.856Z] Session [e46c0770-3558-11e9-9ab3-555662fe38d7] - page.onError - msg: Possible cdn image cache error: https://boliaimages.azureedge.net/images/products/01-202-01_11064559_angle.webp?v=4.0.0.0&width=500&height=375&format=jpg&bgcolor=f5f5f5&scale=both&mode=pad&cachebusting=1

  phantomjs://platform/console++.js:263 in error
[ERROR - 2019-02-20T22:24:38.856Z] Session [e46c0770-3558-11e9-9ab3-555662fe38d7] - page.onError - stack:
  apply (:0)

  phantomjs://platform/console++.js:263 in error
[ERROR - 2019-02-20T22:24:38.909Z] Session [e46c0770-3558-11e9-9ab3-555662fe38d7] - page.onError - msg: Possible cdn image cache error: https://boliaimages.azureedge.net/images/products/01-202-01_11064559.webp?v=4.0.0.0&width=500&height=375&format=jpg&bgcolor=f5f5f5&scale=both&mode=pad&cachebusting=2

  phantomjs://platform/console++.js:263 in error
[ERROR - 2019-02-20T22:24:38.909Z] Session [e46c0770-3558-11e9-9ab3-555662fe38d7] - page.onError - stack:
  apply (:0)

  phantomjs://platform/console++.js:263 in error
[ERROR - 2019-02-20T22:24:38.910Z] Session [e46c0770-3558-11e9-9ab3-555662fe38d7] - page.onError - msg: Possible cdn image cache error: https://boliaimages.azureedge.net/images/products/01-202-01_11064559_angle.webp?v=4.0.0.0&width=500&height=375&format=jpg&bgcolor=f5f5f5&scale=both&mode=pad&cachebusting=1

  phantomjs://platform/console++.js:263 in error
[ERROR - 2019-02-20T22:24:38.910Z] Session [e46c0770-3558-11e9-9ab3-555662fe38d7] - page.onError - stack:
  apply (:0)

  phantomjs://platform/console++.js:263 in error
[ERROR - 2019-02-20T22:25:48.419Z] WebElementLocator - _handleLocateCommand - Element(s) NOT Found: GAVE UP. Search Stop Time: 1550701548414

  phantomjs://platform/console++.js:263 in error
[INFO  - 2019-02-20T22:25:52.634Z] SessionManagerReqHand - _cleanupWindowlessSessions - Asynchronous Sessions clean-up phase starting NOW
[ERROR - 2019-02-20T22:26:18.033Z] Session [e46c0770-3558-11e9-9ab3-555662fe38d7] - page.onError - msg: Possible cdn image cache error: https://boliaimages.azureedge.net/images/products/01-202-01_11066024.webp?v=4.0.0.0&width=500&height=375&format=jpg&bgcolor=f5f5f5&scale=both&mode=pad&cachebusting=2

  phantomjs://platform/console++.js:263 in error
[ERROR - 2019-02-20T22:26:18.033Z] Session [e46c0770-3558-11e9-9ab3-555662fe38d7] - page.onError - stack:
  apply (:0)

  phantomjs://platform/console++.js:263 in error
[ERROR - 2019-02-20T22:26:18.033Z] Session [e46c0770-3558-11e9-9ab3-555662fe38d7] - page.onError - msg: Possible cdn image cache error: https://boliaimages.azureedge.net/images/products/01-202-01_11066024_angle.webp?v=4.0.0.0&width=500&height=375&format=jpg&bgcolor=f5f5f5&scale=both&mode=pad&cachebusting=1

  phantomjs://platform/console++.js:263 in error
[ERROR - 2019-02-20T22:26:18.033Z] Session [e46c0770-3558-11e9-9ab3-555662fe38d7] - page.onError - stack:
  apply (:0)

  phantomjs://platform/console++.js:263 in error
[ERROR - 2019-02-20T22:26:18.115Z] Session [e46c0770-3558-11e9-9ab3-555662fe38d7] - page.onError - msg: Possible cdn image cache error: https://boliaimages.azureedge.net/images/products/01-202-01_11066024.webp?v=4.0.0.0&width=500&height=375&format=jpg&bgcolor=f5f5f5&scale=both&mode=pad&cachebusting=2

  phantomjs://platform/console++.js:263 in error
[ERROR - 2019-02-20T22:26:18.115Z] Session [e46c0770-3558-11e9-9ab3-555662fe38d7] - page.onError - stack:
  apply (:0)

  phantomjs://platform/console++.js:263 in error
[ERROR - 2019-02-20T22:26:18.115Z] Session [e46c0770-3558-11e9-9ab3-555662fe38d7] - page.onError - msg: Possible cdn image cache error: https://boliaimages.azureedge.net/images/products/01-202-01_11066024_angle.webp?v=4.0.0.0&width=500&height=375&format=jpg&bgcolor=f5f5f5&scale=both&mode=pad&cachebusting=1

  phantomjs://platform/console++.js:263 in error
[ERROR - 2019-02-20T22:26:18.115Z] Session [e46c0770-3558-11e9-9ab3-555662fe38d7] - page.onError - stack:
  apply (:0)

  phantomjs://platform/console++.js:263 in error
[ERROR - 2019-02-20T22:27:03.592Z] Session [e46c0770-3558-11e9-9ab3-555662fe38d7] - page.onError - msg: Possible cdn image cache error: https://boliaimages.azureedge.net/images/products/01-202-01_11066466.webp?v=4.0.0.0&width=500&height=375&format=jpg&bgcolor=f5f5f5&scale=both&mode=pad&cachebusting=2

  phantomjs://platform/console++.js:263 in error
[ERROR - 2019-02-20T22:27:03.593Z] Session [e46c0770-3558-11e9-9ab3-555662fe38d7] - page.onError - stack:
  apply (:0)

  phantomjs://platform/console++.js:263 in error
[ERROR - 2019-02-20T22:27:03.593Z] Session [e46c0770-3558-11e9-9ab3-555662fe38d7] - page.onError - msg: Possible cdn image cache error: https://boliaimages.azureedge.net/images/products/01-202-01_11066466_angle.webp?v=4.0.0.0&width=500&height=375&format=jpg&bgcolor=f5f5f5&scale=both&mode=pad&cachebusting=1

  phantomjs://platform/console++.js:263 in error
[ERROR - 2019-02-20T22:27:03.593Z] Session [e46c0770-3558-11e9-9ab3-555662fe38d7] - page.onError - stack:
  apply (:0)

  phantomjs://platform/console++.js:263 in error
[ERROR - 2019-02-20T22:27:03.675Z] Session [e46c0770-3558-11e9-9ab3-555662fe38d7] - page.onError - msg: Possible cdn image cache error: https://boliaimages.azureedge.net/images/products/01-202-01_11066466.webp?v=4.0.0.0&width=500&height=375&format=jpg&bgcolor=f5f5f5&scale=both&mode=pad&cachebusting=2

  phantomjs://platform/console++.js:263 in error
[ERROR - 2019-02-20T22:27:03.675Z] Session [e46c0770-3558-11e9-9ab3-555662fe38d7] - page.onError - stack:
  apply (:0)

  phantomjs://platform/console++.js:263 in error
[ERROR - 2019-02-20T22:27:03.675Z] Session [e46c0770-3558-11e9-9ab3-555662fe38d7] - page.onError - msg: Possible cdn image cache error: https://boliaimages.azureedge.net/images/products/01-202-01_11066466_angle.webp?v=4.0.0.0&width=500&height=375&format=jpg&bgcolor=f5f5f5&scale=both&mode=pad&cachebusting=1

  phantomjs://platform/console++.js:263 in error
[ERROR - 2019-02-20T22:27:03.675Z] Session [e46c0770-3558-11e9-9ab3-555662fe38d7] - page.onError - stack:
  apply (:0)

  phantomjs://platform/console++.js:263 in error
[ERROR - 2019-02-20T22:27:13.886Z] WebElementLocator - _handleLocateCommand - Element(s) NOT Found: GAVE UP. Search Stop Time: 1550701633866

  phantomjs://platform/console++.js:263 in error
[ERROR - 2019-02-20T22:29:15.081Z] WebElementLocator - _handleLocateCommand - Element(s) NOT Found: GAVE UP. Search Stop Time: 1550701755075

  phantomjs://platform/console++.js:263 in error
