[INFO  - 2019-02-21T08:40:52.225Z] GhostDriver - Main - running on port 56637
[INFO  - 2019-02-21T08:40:52.551Z] Session [6584acd0-35b4-11e9-bdc7-b535ff61b6d6] - page.settings - {"XSSAuditingEnabled":false,"javascriptCanCloseWindows":true,"javascriptCanOpenWindows":true,"javascriptEnabled":true,"loadImages":true,"localToRemoteUrlAccessEnabled":false,"userAgent":"Mozilla/5.0 (Macintosh; Intel Mac OS X) AppleWebKit/538.1 (KHTML, like Gecko) PhantomJS/2.1.1 Safari/538.1","webSecurityEnabled":true}
[INFO  - 2019-02-21T08:40:52.552Z] Session [6584acd0-35b4-11e9-bdc7-b535ff61b6d6] - page.customHeaders:  - {}
[INFO  - 2019-02-21T08:40:52.552Z] Session [6584acd0-35b4-11e9-bdc7-b535ff61b6d6] - Session.negotiatedCapabilities - {"browserName":"phantomjs","version":"2.1.1","driverName":"ghostdriver","driverVersion":"1.2.0","platform":"mac-unknown-64bit","javascriptEnabled":true,"takesScreenshot":true,"handlesAlerts":false,"databaseEnabled":false,"locationContextEnabled":false,"applicationCacheEnabled":false,"browserConnectionEnabled":false,"cssSelectorsEnabled":true,"webStorageEnabled":false,"rotatable":false,"acceptSslCerts":false,"nativeEvents":true,"proxy":{"proxyType":"direct"}}
[INFO  - 2019-02-21T08:40:52.552Z] SessionManagerReqHand - _postNewSessionCommand - New Session Created: 6584acd0-35b4-11e9-bdc7-b535ff61b6d6
[ERROR - 2019-02-21T08:40:56.360Z] Session [6584acd0-35b4-11e9-bdc7-b535ff61b6d6] - page.onError - msg: ReferenceError: Can't find variable: new_getProducts

  phantomjs://platform/console++.js:263 in error
[ERROR - 2019-02-21T08:40:56.360Z] Session [6584acd0-35b4-11e9-bdc7-b535ff61b6d6] - page.onError - stack:
  global code (https://www.ikea.com/nl/nl/catalog/products/S19192688/:498)

  phantomjs://platform/console++.js:263 in error
[ERROR - 2019-02-21T08:40:57.707Z] Session [6584acd0-35b4-11e9-bdc7-b535ff61b6d6] - page.onError - msg: ReferenceError: Can't find variable: new_getProducts

  phantomjs://platform/console++.js:263 in error
[ERROR - 2019-02-21T08:40:57.707Z] Session [6584acd0-35b4-11e9-bdc7-b535ff61b6d6] - page.onError - stack:
  global code (https://www.ikea.com/nl/nl/catalog/products/S49069899/:500)

  phantomjs://platform/console++.js:263 in error
[ERROR - 2019-02-21T08:40:58.763Z] Session [6584acd0-35b4-11e9-bdc7-b535ff61b6d6] - page.onError - msg: ReferenceError: Can't find variable: new_getProducts

  phantomjs://platform/console++.js:263 in error
[ERROR - 2019-02-21T08:40:58.763Z] Session [6584acd0-35b4-11e9-bdc7-b535ff61b6d6] - page.onError - stack:
  global code (https://www.ikea.com/nl/nl/catalog/products/S09164898/:500)

  phantomjs://platform/console++.js:263 in error
[ERROR - 2019-02-21T08:40:59.565Z] Session [6584acd0-35b4-11e9-bdc7-b535ff61b6d6] - page.onError - msg: ReferenceError: Can't find variable: new_getProducts

  phantomjs://platform/console++.js:263 in error
[ERROR - 2019-02-21T08:40:59.566Z] Session [6584acd0-35b4-11e9-bdc7-b535ff61b6d6] - page.onError - stack:
  global code (https://www.ikea.com/nl/nl/catalog/products/S49194346/:500)

  phantomjs://platform/console++.js:263 in error
[ERROR - 2019-02-21T08:41:01.105Z] Session [6584acd0-35b4-11e9-bdc7-b535ff61b6d6] - page.onError - msg: ReferenceError: Can't find variable: new_getProducts

  phantomjs://platform/console++.js:263 in error
[ERROR - 2019-02-21T08:41:01.105Z] Session [6584acd0-35b4-11e9-bdc7-b535ff61b6d6] - page.onError - stack:
  global code (https://www.ikea.com/nl/nl/catalog/products/S09211569/:503)

  phantomjs://platform/console++.js:263 in error
[ERROR - 2019-02-21T08:41:02.692Z] Session [6584acd0-35b4-11e9-bdc7-b535ff61b6d6] - page.onError - msg: ReferenceError: Can't find variable: new_getProducts

  phantomjs://platform/console++.js:263 in error
[ERROR - 2019-02-21T08:41:02.692Z] Session [6584acd0-35b4-11e9-bdc7-b535ff61b6d6] - page.onError - stack:
  global code (https://www.ikea.com/nl/nl/catalog/products/S19211564/:503)

  phantomjs://platform/console++.js:263 in error
[ERROR - 2019-02-21T08:41:04.013Z] Session [6584acd0-35b4-11e9-bdc7-b535ff61b6d6] - page.onError - msg: ReferenceError: Can't find variable: new_getProducts

  phantomjs://platform/console++.js:263 in error
[ERROR - 2019-02-21T08:41:04.013Z] Session [6584acd0-35b4-11e9-bdc7-b535ff61b6d6] - page.onError - stack:
  global code (https://www.ikea.com/nl/nl/catalog/products/S69129133/:500)

  phantomjs://platform/console++.js:263 in error
[ERROR - 2019-02-21T08:41:04.843Z] Session [6584acd0-35b4-11e9-bdc7-b535ff61b6d6] - page.onError - msg: ReferenceError: Can't find variable: new_getProducts

  phantomjs://platform/console++.js:263 in error
[ERROR - 2019-02-21T08:41:04.843Z] Session [6584acd0-35b4-11e9-bdc7-b535ff61b6d6] - page.onError - stack:
  global code (https://www.ikea.com/nl/nl/catalog/products/S29211417/:503)

  phantomjs://platform/console++.js:263 in error
[ERROR - 2019-02-21T08:41:06.571Z] Session [6584acd0-35b4-11e9-bdc7-b535ff61b6d6] - page.onError - msg: ReferenceError: Can't find variable: new_getProducts

  phantomjs://platform/console++.js:263 in error
[ERROR - 2019-02-21T08:41:06.571Z] Session [6584acd0-35b4-11e9-bdc7-b535ff61b6d6] - page.onError - stack:
  global code (https://www.ikea.com/nl/nl/catalog/products/S39193682/:500)

  phantomjs://platform/console++.js:263 in error
[ERROR - 2019-02-21T08:41:07.582Z] Session [6584acd0-35b4-11e9-bdc7-b535ff61b6d6] - page.onError - msg: ReferenceError: Can't find variable: new_getProducts

  phantomjs://platform/console++.js:263 in error
[ERROR - 2019-02-21T08:41:07.582Z] Session [6584acd0-35b4-11e9-bdc7-b535ff61b6d6] - page.onError - stack:
  global code (https://www.ikea.com/nl/nl/catalog/products/S19031841/:500)

  phantomjs://platform/console++.js:263 in error
[ERROR - 2019-02-21T08:41:08.542Z] Session [6584acd0-35b4-11e9-bdc7-b535ff61b6d6] - page.onError - msg: ReferenceError: Can't find variable: new_getProducts

  phantomjs://platform/console++.js:263 in error
[ERROR - 2019-02-21T08:41:08.543Z] Session [6584acd0-35b4-11e9-bdc7-b535ff61b6d6] - page.onError - stack:
  global code (https://www.ikea.com/nl/nl/catalog/products/S99193599/:500)

  phantomjs://platform/console++.js:263 in error
[ERROR - 2019-02-21T08:41:09.547Z] Session [6584acd0-35b4-11e9-bdc7-b535ff61b6d6] - page.onError - msg: ReferenceError: Can't find variable: new_getProducts

  phantomjs://platform/console++.js:263 in error
[ERROR - 2019-02-21T08:41:09.547Z] Session [6584acd0-35b4-11e9-bdc7-b535ff61b6d6] - page.onError - stack:
  global code (https://www.ikea.com/nl/nl/catalog/products/S69211552/:503)

  phantomjs://platform/console++.js:263 in error
[ERROR - 2019-02-21T08:41:10.456Z] Session [6584acd0-35b4-11e9-bdc7-b535ff61b6d6] - page.onError - msg: ReferenceError: Can't find variable: new_getProducts

  phantomjs://platform/console++.js:263 in error
[ERROR - 2019-02-21T08:41:10.456Z] Session [6584acd0-35b4-11e9-bdc7-b535ff61b6d6] - page.onError - stack:
  global code (https://www.ikea.com/nl/nl/catalog/products/S39216754/:500)

  phantomjs://platform/console++.js:263 in error
[ERROR - 2019-02-21T08:41:10.764Z] Session [6584acd0-35b4-11e9-bdc7-b535ff61b6d6] - page.onError - msg: TypeError: undefined is not a constructor (evaluating 'l.forEach')

  phantomjs://platform/console++.js:263 in error
[ERROR - 2019-02-21T08:41:10.764Z] Session [6584acd0-35b4-11e9-bdc7-b535ff61b6d6] - page.onError - stack:
  onload (https://ww8.ikea.com/ext/iplugins/nl_NL/production/editions/release-20190219-1610/prio.min.js:17)

  phantomjs://platform/console++.js:263 in error
[ERROR - 2019-02-21T08:41:11.340Z] Session [6584acd0-35b4-11e9-bdc7-b535ff61b6d6] - page.onError - msg: TypeError: undefined is not a constructor (evaluating 'this.getMediaElement().pause()')

  phantomjs://platform/console++.js:263 in error
[ERROR - 2019-02-21T08:41:11.340Z] Session [6584acd0-35b4-11e9-bdc7-b535ff61b6d6] - page.onError - stack:
  pause (https://mmapi.ikea.com/player/4.68.16/amp/amp.min.js:119)
  execute (https://mmapi.ikea.com/player/4.68.16/amp/amp.min.js:268)
  executeCommand (https://mmapi.ikea.com/player/4.68.16/amp/amp.min.js:21)
  notifyObserver (https://mmapi.ikea.com/player/4.68.16/amp/amp.min.js:7)
  notifyObservers (https://mmapi.ikea.com/player/4.68.16/amp/amp.min.js:17)
  notifyObservers (https://mmapi.ikea.com/player/4.68.16/amp/amp.min.js:15)
  sendNotification (https://mmapi.ikea.com/player/4.68.16/amp/amp.min.js:15)
  sendNotification (https://mmapi.ikea.com/player/4.68.16/amp/amp.min.js:9)
  execute (https://mmapi.ikea.com/player/4.68.16/amp/amp.min.js:269)
  executeCommand (https://mmapi.ikea.com/player/4.68.16/amp/amp.min.js:21)
  notifyObserver (https://mmapi.ikea.com/player/4.68.16/amp/amp.min.js:7)
  notifyObservers (https://mmapi.ikea.com/player/4.68.16/amp/amp.min.js:17)
  notifyObservers (https://mmapi.ikea.com/player/4.68.16/amp/amp.min.js:15)
  sendNotification (https://mmapi.ikea.com/player/4.68.16/amp/amp.min.js:15)
  sendNotification (https://mmapi.ikea.com/player/4.68.16/amp/amp.min.js:9)
  (anonymous function) (:0)

  phantomjs://platform/console++.js:263 in error
[ERROR - 2019-02-21T08:41:11.805Z] Session [6584acd0-35b4-11e9-bdc7-b535ff61b6d6] - page.onError - msg: ReferenceError: Can't find variable: new_getProducts

  phantomjs://platform/console++.js:263 in error
[ERROR - 2019-02-21T08:41:11.805Z] Session [6584acd0-35b4-11e9-bdc7-b535ff61b6d6] - page.onError - stack:
  global code (https://www.ikea.com/nl/nl/catalog/products/S49183970/:500)

  phantomjs://platform/console++.js:263 in error
[ERROR - 2019-02-21T08:41:12.634Z] Session [6584acd0-35b4-11e9-bdc7-b535ff61b6d6] - page.onError - msg: ReferenceError: Can't find variable: new_getProducts

  phantomjs://platform/console++.js:263 in error
[ERROR - 2019-02-21T08:41:12.634Z] Session [6584acd0-35b4-11e9-bdc7-b535ff61b6d6] - page.onError - stack:
  global code (https://www.ikea.com/nl/nl/catalog/products/S59129138/:500)

  phantomjs://platform/console++.js:263 in error
[ERROR - 2019-02-21T08:41:13.919Z] Session [6584acd0-35b4-11e9-bdc7-b535ff61b6d6] - page.onError - msg: ReferenceError: Can't find variable: new_getProducts

  phantomjs://platform/console++.js:263 in error
[ERROR - 2019-02-21T08:41:13.919Z] Session [6584acd0-35b4-11e9-bdc7-b535ff61b6d6] - page.onError - stack:
  global code (https://www.ikea.com/nl/nl/catalog/products/S39129257/:500)

  phantomjs://platform/console++.js:263 in error
[ERROR - 2019-02-21T08:41:16.681Z] Session [6584acd0-35b4-11e9-bdc7-b535ff61b6d6] - page.onError - msg: ReferenceError: Can't find variable: new_getProducts

  phantomjs://platform/console++.js:263 in error
[ERROR - 2019-02-21T08:41:16.681Z] Session [6584acd0-35b4-11e9-bdc7-b535ff61b6d6] - page.onError - stack:
  global code (https://www.ikea.com/nl/nl/catalog/products/S29228205/:500)

  phantomjs://platform/console++.js:263 in error
[ERROR - 2019-02-21T08:41:16.967Z] Session [6584acd0-35b4-11e9-bdc7-b535ff61b6d6] - page.onError - msg: TypeError: undefined is not a constructor (evaluating 'l.forEach')

  phantomjs://platform/console++.js:263 in error
[ERROR - 2019-02-21T08:41:16.967Z] Session [6584acd0-35b4-11e9-bdc7-b535ff61b6d6] - page.onError - stack:
  onload (https://ww8.ikea.com/ext/iplugins/nl_NL/production/editions/release-20190219-1610/prio.min.js:17)

  phantomjs://platform/console++.js:263 in error
[ERROR - 2019-02-21T08:41:17.396Z] Session [6584acd0-35b4-11e9-bdc7-b535ff61b6d6] - page.onError - msg: TypeError: undefined is not a constructor (evaluating 'this.getMediaElement().pause()')

  phantomjs://platform/console++.js:263 in error
[ERROR - 2019-02-21T08:41:17.396Z] Session [6584acd0-35b4-11e9-bdc7-b535ff61b6d6] - page.onError - stack:
  pause (https://mmapi.ikea.com/player/4.68.16/amp/amp.min.js:119)
  execute (https://mmapi.ikea.com/player/4.68.16/amp/amp.min.js:268)
  executeCommand (https://mmapi.ikea.com/player/4.68.16/amp/amp.min.js:21)
  notifyObserver (https://mmapi.ikea.com/player/4.68.16/amp/amp.min.js:7)
  notifyObservers (https://mmapi.ikea.com/player/4.68.16/amp/amp.min.js:17)
  notifyObservers (https://mmapi.ikea.com/player/4.68.16/amp/amp.min.js:15)
  sendNotification (https://mmapi.ikea.com/player/4.68.16/amp/amp.min.js:15)
  sendNotification (https://mmapi.ikea.com/player/4.68.16/amp/amp.min.js:9)
  execute (https://mmapi.ikea.com/player/4.68.16/amp/amp.min.js:269)
  executeCommand (https://mmapi.ikea.com/player/4.68.16/amp/amp.min.js:21)
  notifyObserver (https://mmapi.ikea.com/player/4.68.16/amp/amp.min.js:7)
  notifyObservers (https://mmapi.ikea.com/player/4.68.16/amp/amp.min.js:17)
  notifyObservers (https://mmapi.ikea.com/player/4.68.16/amp/amp.min.js:15)
  sendNotification (https://mmapi.ikea.com/player/4.68.16/amp/amp.min.js:15)
  sendNotification (https://mmapi.ikea.com/player/4.68.16/amp/amp.min.js:9)
  (anonymous function) (:0)

  phantomjs://platform/console++.js:263 in error
[ERROR - 2019-02-21T08:41:18.137Z] Session [6584acd0-35b4-11e9-bdc7-b535ff61b6d6] - page.onError - msg: ReferenceError: Can't find variable: new_getProducts

  phantomjs://platform/console++.js:263 in error
[ERROR - 2019-02-21T08:41:18.137Z] Session [6584acd0-35b4-11e9-bdc7-b535ff61b6d6] - page.onError - stack:
  global code (https://www.ikea.com/nl/nl/catalog/products/S79150746/:500)

  phantomjs://platform/console++.js:263 in error
[ERROR - 2019-02-21T08:41:18.386Z] Session [6584acd0-35b4-11e9-bdc7-b535ff61b6d6] - page.onError - msg: TypeError: undefined is not a constructor (evaluating 'l.forEach')

  phantomjs://platform/console++.js:263 in error
[ERROR - 2019-02-21T08:41:18.386Z] Session [6584acd0-35b4-11e9-bdc7-b535ff61b6d6] - page.onError - stack:
  onload (https://ww8.ikea.com/ext/iplugins/nl_NL/production/editions/release-20190219-1610/prio.min.js:17)

  phantomjs://platform/console++.js:263 in error
[ERROR - 2019-02-21T08:41:18.555Z] Session [6584acd0-35b4-11e9-bdc7-b535ff61b6d6] - page.onError - msg: TypeError: undefined is not a constructor (evaluating 'this.getMediaElement().pause()')

  phantomjs://platform/console++.js:263 in error
[ERROR - 2019-02-21T08:41:18.556Z] Session [6584acd0-35b4-11e9-bdc7-b535ff61b6d6] - page.onError - stack:
  pause (https://mmapi.ikea.com/player/4.68.16/amp/amp.min.js:119)
  execute (https://mmapi.ikea.com/player/4.68.16/amp/amp.min.js:268)
  executeCommand (https://mmapi.ikea.com/player/4.68.16/amp/amp.min.js:21)
  notifyObserver (https://mmapi.ikea.com/player/4.68.16/amp/amp.min.js:7)
  notifyObservers (https://mmapi.ikea.com/player/4.68.16/amp/amp.min.js:17)
  notifyObservers (https://mmapi.ikea.com/player/4.68.16/amp/amp.min.js:15)
  sendNotification (https://mmapi.ikea.com/player/4.68.16/amp/amp.min.js:15)
  sendNotification (https://mmapi.ikea.com/player/4.68.16/amp/amp.min.js:9)
  execute (https://mmapi.ikea.com/player/4.68.16/amp/amp.min.js:269)
  executeCommand (https://mmapi.ikea.com/player/4.68.16/amp/amp.min.js:21)
  notifyObserver (https://mmapi.ikea.com/player/4.68.16/amp/amp.min.js:7)
  notifyObservers (https://mmapi.ikea.com/player/4.68.16/amp/amp.min.js:17)
  notifyObservers (https://mmapi.ikea.com/player/4.68.16/amp/amp.min.js:15)
  sendNotification (https://mmapi.ikea.com/player/4.68.16/amp/amp.min.js:15)
  sendNotification (https://mmapi.ikea.com/player/4.68.16/amp/amp.min.js:9)
  (anonymous function) (:0)

  phantomjs://platform/console++.js:263 in error
[ERROR - 2019-02-21T08:41:19.183Z] Session [6584acd0-35b4-11e9-bdc7-b535ff61b6d6] - page.onError - msg: ReferenceError: Can't find variable: new_getProducts

  phantomjs://platform/console++.js:263 in error
[ERROR - 2019-02-21T08:41:19.183Z] Session [6584acd0-35b4-11e9-bdc7-b535ff61b6d6] - page.onError - stack:
  global code (https://www.ikea.com/nl/nl/catalog/products/S39216810/:500)

  phantomjs://platform/console++.js:263 in error
[ERROR - 2019-02-21T08:41:19.346Z] Session [6584acd0-35b4-11e9-bdc7-b535ff61b6d6] - page.onError - msg: TypeError: undefined is not a constructor (evaluating 'l.forEach')

  phantomjs://platform/console++.js:263 in error
[ERROR - 2019-02-21T08:41:19.346Z] Session [6584acd0-35b4-11e9-bdc7-b535ff61b6d6] - page.onError - stack:
  onload (https://ww8.ikea.com/ext/iplugins/nl_NL/production/editions/release-20190219-1610/prio.min.js:17)

  phantomjs://platform/console++.js:263 in error
[ERROR - 2019-02-21T08:41:19.556Z] Session [6584acd0-35b4-11e9-bdc7-b535ff61b6d6] - page.onError - msg: TypeError: undefined is not a constructor (evaluating 'this.getMediaElement().pause()')

  phantomjs://platform/console++.js:263 in error
[ERROR - 2019-02-21T08:41:19.556Z] Session [6584acd0-35b4-11e9-bdc7-b535ff61b6d6] - page.onError - stack:
  pause (https://mmapi.ikea.com/player/4.68.16/amp/amp.min.js:119)
  execute (https://mmapi.ikea.com/player/4.68.16/amp/amp.min.js:268)
  executeCommand (https://mmapi.ikea.com/player/4.68.16/amp/amp.min.js:21)
  notifyObserver (https://mmapi.ikea.com/player/4.68.16/amp/amp.min.js:7)
  notifyObservers (https://mmapi.ikea.com/player/4.68.16/amp/amp.min.js:17)
  notifyObservers (https://mmapi.ikea.com/player/4.68.16/amp/amp.min.js:15)
  sendNotification (https://mmapi.ikea.com/player/4.68.16/amp/amp.min.js:15)
  sendNotification (https://mmapi.ikea.com/player/4.68.16/amp/amp.min.js:9)
  execute (https://mmapi.ikea.com/player/4.68.16/amp/amp.min.js:269)
  executeCommand (https://mmapi.ikea.com/player/4.68.16/amp/amp.min.js:21)
  notifyObserver (https://mmapi.ikea.com/player/4.68.16/amp/amp.min.js:7)
  notifyObservers (https://mmapi.ikea.com/player/4.68.16/amp/amp.min.js:17)
  notifyObservers (https://mmapi.ikea.com/player/4.68.16/amp/amp.min.js:15)
  sendNotification (https://mmapi.ikea.com/player/4.68.16/amp/amp.min.js:15)
  sendNotification (https://mmapi.ikea.com/player/4.68.16/amp/amp.min.js:9)
  (anonymous function) (:0)

  phantomjs://platform/console++.js:263 in error
[ERROR - 2019-02-21T08:41:20.071Z] Session [6584acd0-35b4-11e9-bdc7-b535ff61b6d6] - page.onError - msg: ReferenceError: Can't find variable: new_getProducts

  phantomjs://platform/console++.js:263 in error
[ERROR - 2019-02-21T08:41:20.071Z] Session [6584acd0-35b4-11e9-bdc7-b535ff61b6d6] - page.onError - stack:
  global code (https://www.ikea.com/nl/nl/catalog/products/S69216818/:500)

  phantomjs://platform/console++.js:263 in error
[ERROR - 2019-02-21T08:41:20.387Z] Session [6584acd0-35b4-11e9-bdc7-b535ff61b6d6] - page.onError - msg: TypeError: undefined is not a constructor (evaluating 'l.forEach')

  phantomjs://platform/console++.js:263 in error
[ERROR - 2019-02-21T08:41:20.387Z] Session [6584acd0-35b4-11e9-bdc7-b535ff61b6d6] - page.onError - stack:
  onload (https://ww8.ikea.com/ext/iplugins/nl_NL/production/editions/release-20190219-1610/prio.min.js:17)

  phantomjs://platform/console++.js:263 in error
[ERROR - 2019-02-21T08:41:20.552Z] Session [6584acd0-35b4-11e9-bdc7-b535ff61b6d6] - page.onError - msg: TypeError: undefined is not a constructor (evaluating 'this.getMediaElement().pause()')

  phantomjs://platform/console++.js:263 in error
[ERROR - 2019-02-21T08:41:20.553Z] Session [6584acd0-35b4-11e9-bdc7-b535ff61b6d6] - page.onError - stack:
  pause (https://mmapi.ikea.com/player/4.68.16/amp/amp.min.js:119)
  execute (https://mmapi.ikea.com/player/4.68.16/amp/amp.min.js:268)
  executeCommand (https://mmapi.ikea.com/player/4.68.16/amp/amp.min.js:21)
  notifyObserver (https://mmapi.ikea.com/player/4.68.16/amp/amp.min.js:7)
  notifyObservers (https://mmapi.ikea.com/player/4.68.16/amp/amp.min.js:17)
  notifyObservers (https://mmapi.ikea.com/player/4.68.16/amp/amp.min.js:15)
  sendNotification (https://mmapi.ikea.com/player/4.68.16/amp/amp.min.js:15)
  sendNotification (https://mmapi.ikea.com/player/4.68.16/amp/amp.min.js:9)
  execute (https://mmapi.ikea.com/player/4.68.16/amp/amp.min.js:269)
  executeCommand (https://mmapi.ikea.com/player/4.68.16/amp/amp.min.js:21)
  notifyObserver (https://mmapi.ikea.com/player/4.68.16/amp/amp.min.js:7)
  notifyObservers (https://mmapi.ikea.com/player/4.68.16/amp/amp.min.js:17)
  notifyObservers (https://mmapi.ikea.com/player/4.68.16/amp/amp.min.js:15)
  sendNotification (https://mmapi.ikea.com/player/4.68.16/amp/amp.min.js:15)
  sendNotification (https://mmapi.ikea.com/player/4.68.16/amp/amp.min.js:9)
  (anonymous function) (:0)

  phantomjs://platform/console++.js:263 in error
[ERROR - 2019-02-21T08:41:20.969Z] Session [6584acd0-35b4-11e9-bdc7-b535ff61b6d6] - page.onError - msg: ReferenceError: Can't find variable: new_getProducts

  phantomjs://platform/console++.js:263 in error
[ERROR - 2019-02-21T08:41:20.969Z] Session [6584acd0-35b4-11e9-bdc7-b535ff61b6d6] - page.onError - stack:
  global code (https://www.ikea.com/nl/nl/catalog/products/S19068212/:500)

  phantomjs://platform/console++.js:263 in error
[ERROR - 2019-02-21T08:41:21.763Z] Session [6584acd0-35b4-11e9-bdc7-b535ff61b6d6] - page.onError - msg: ReferenceError: Can't find variable: new_getProducts

  phantomjs://platform/console++.js:263 in error
[ERROR - 2019-02-21T08:41:21.763Z] Session [6584acd0-35b4-11e9-bdc7-b535ff61b6d6] - page.onError - stack:
  global code (https://www.ikea.com/nl/nl/catalog/products/S99192712/:500)

  phantomjs://platform/console++.js:263 in error
[ERROR - 2019-02-21T08:41:22.565Z] Session [6584acd0-35b4-11e9-bdc7-b535ff61b6d6] - page.onError - msg: ReferenceError: Can't find variable: new_getProducts

  phantomjs://platform/console++.js:263 in error
[ERROR - 2019-02-21T08:41:22.565Z] Session [6584acd0-35b4-11e9-bdc7-b535ff61b6d6] - page.onError - stack:
  global code (https://www.ikea.com/nl/nl/catalog/products/S19129140/:500)

  phantomjs://platform/console++.js:263 in error
[ERROR - 2019-02-21T08:41:23.254Z] Session [6584acd0-35b4-11e9-bdc7-b535ff61b6d6] - page.onError - msg: ReferenceError: Can't find variable: new_getProducts

  phantomjs://platform/console++.js:263 in error
[ERROR - 2019-02-21T08:41:23.254Z] Session [6584acd0-35b4-11e9-bdc7-b535ff61b6d6] - page.onError - stack:
  global code (https://www.ikea.com/nl/nl/catalog/products/S79150751/:500)

  phantomjs://platform/console++.js:263 in error
[ERROR - 2019-02-21T08:41:23.503Z] Session [6584acd0-35b4-11e9-bdc7-b535ff61b6d6] - page.onError - msg: TypeError: undefined is not a constructor (evaluating 'l.forEach')

  phantomjs://platform/console++.js:263 in error
[ERROR - 2019-02-21T08:41:23.503Z] Session [6584acd0-35b4-11e9-bdc7-b535ff61b6d6] - page.onError - stack:
  onload (https://ww8.ikea.com/ext/iplugins/nl_NL/production/editions/release-20190219-1610/prio.min.js:17)

  phantomjs://platform/console++.js:263 in error
[ERROR - 2019-02-21T08:41:23.742Z] Session [6584acd0-35b4-11e9-bdc7-b535ff61b6d6] - page.onError - msg: TypeError: undefined is not a constructor (evaluating 'this.getMediaElement().pause()')

  phantomjs://platform/console++.js:263 in error
[ERROR - 2019-02-21T08:41:23.742Z] Session [6584acd0-35b4-11e9-bdc7-b535ff61b6d6] - page.onError - stack:
  pause (https://mmapi.ikea.com/player/4.68.16/amp/amp.min.js:119)
  execute (https://mmapi.ikea.com/player/4.68.16/amp/amp.min.js:268)
  executeCommand (https://mmapi.ikea.com/player/4.68.16/amp/amp.min.js:21)
  notifyObserver (https://mmapi.ikea.com/player/4.68.16/amp/amp.min.js:7)
  notifyObservers (https://mmapi.ikea.com/player/4.68.16/amp/amp.min.js:17)
  notifyObservers (https://mmapi.ikea.com/player/4.68.16/amp/amp.min.js:15)
  sendNotification (https://mmapi.ikea.com/player/4.68.16/amp/amp.min.js:15)
  sendNotification (https://mmapi.ikea.com/player/4.68.16/amp/amp.min.js:9)
  execute (https://mmapi.ikea.com/player/4.68.16/amp/amp.min.js:269)
  executeCommand (https://mmapi.ikea.com/player/4.68.16/amp/amp.min.js:21)
  notifyObserver (https://mmapi.ikea.com/player/4.68.16/amp/amp.min.js:7)
  notifyObservers (https://mmapi.ikea.com/player/4.68.16/amp/amp.min.js:17)
  notifyObservers (https://mmapi.ikea.com/player/4.68.16/amp/amp.min.js:15)
  sendNotification (https://mmapi.ikea.com/player/4.68.16/amp/amp.min.js:15)
  sendNotification (https://mmapi.ikea.com/player/4.68.16/amp/amp.min.js:9)
  (anonymous function) (:0)

  phantomjs://platform/console++.js:263 in error
[ERROR - 2019-02-21T08:41:24.231Z] Session [6584acd0-35b4-11e9-bdc7-b535ff61b6d6] - page.onError - msg: ReferenceError: Can't find variable: new_getProducts

  phantomjs://platform/console++.js:263 in error
[ERROR - 2019-02-21T08:41:24.231Z] Session [6584acd0-35b4-11e9-bdc7-b535ff61b6d6] - page.onError - stack:
  global code (https://www.ikea.com/nl/nl/catalog/products/S19129263/:500)

  phantomjs://platform/console++.js:263 in error
[ERROR - 2019-02-21T08:41:25.218Z] Session [6584acd0-35b4-11e9-bdc7-b535ff61b6d6] - page.onError - msg: ReferenceError: Can't find variable: new_getProducts

  phantomjs://platform/console++.js:263 in error
[ERROR - 2019-02-21T08:41:25.218Z] Session [6584acd0-35b4-11e9-bdc7-b535ff61b6d6] - page.onError - stack:
  global code (https://www.ikea.com/nl/nl/catalog/products/S59183494/:500)

  phantomjs://platform/console++.js:263 in error
[ERROR - 2019-02-21T08:41:25.942Z] Session [6584acd0-35b4-11e9-bdc7-b535ff61b6d6] - page.onError - msg: ReferenceError: Can't find variable: new_getProducts

  phantomjs://platform/console++.js:263 in error
[ERROR - 2019-02-21T08:41:25.942Z] Session [6584acd0-35b4-11e9-bdc7-b535ff61b6d6] - page.onError - stack:
  global code (https://www.ikea.com/nl/nl/catalog/products/S89150449/:500)

  phantomjs://platform/console++.js:263 in error
[ERROR - 2019-02-21T08:41:26.824Z] Session [6584acd0-35b4-11e9-bdc7-b535ff61b6d6] - page.onError - msg: ReferenceError: Can't find variable: new_getProducts

  phantomjs://platform/console++.js:263 in error
[ERROR - 2019-02-21T08:41:26.824Z] Session [6584acd0-35b4-11e9-bdc7-b535ff61b6d6] - page.onError - stack:
  global code (https://www.ikea.com/nl/nl/catalog/products/S19150424/:500)

  phantomjs://platform/console++.js:263 in error
[ERROR - 2019-02-21T08:41:28.671Z] Session [6584acd0-35b4-11e9-bdc7-b535ff61b6d6] - page.onError - msg: ReferenceError: Can't find variable: new_getProducts

  phantomjs://platform/console++.js:263 in error
[ERROR - 2019-02-21T08:41:28.671Z] Session [6584acd0-35b4-11e9-bdc7-b535ff61b6d6] - page.onError - stack:
  global code (https://www.ikea.com/nl/nl/catalog/products/S39239816/:503)

  phantomjs://platform/console++.js:263 in error
[ERROR - 2019-02-21T08:41:31.032Z] Session [6584acd0-35b4-11e9-bdc7-b535ff61b6d6] - page.onError - msg: ReferenceError: Can't find variable: new_getProducts

  phantomjs://platform/console++.js:263 in error
[ERROR - 2019-02-21T08:41:31.032Z] Session [6584acd0-35b4-11e9-bdc7-b535ff61b6d6] - page.onError - stack:
  global code (https://www.ikea.com/nl/nl/catalog/products/S29194371/:500)

  phantomjs://platform/console++.js:263 in error
[ERROR - 2019-02-21T08:41:32.227Z] Session [6584acd0-35b4-11e9-bdc7-b535ff61b6d6] - page.onError - msg: ReferenceError: Can't find variable: new_getProducts

  phantomjs://platform/console++.js:263 in error
[ERROR - 2019-02-21T08:41:32.228Z] Session [6584acd0-35b4-11e9-bdc7-b535ff61b6d6] - page.onError - stack:
  global code (https://www.ikea.com/nl/nl/catalog/products/S79193642/:500)

  phantomjs://platform/console++.js:263 in error
[ERROR - 2019-02-21T08:41:33.045Z] Session [6584acd0-35b4-11e9-bdc7-b535ff61b6d6] - page.onError - msg: ReferenceError: Can't find variable: new_getProducts

  phantomjs://platform/console++.js:263 in error
[ERROR - 2019-02-21T08:41:33.045Z] Session [6584acd0-35b4-11e9-bdc7-b535ff61b6d6] - page.onError - stack:
  global code (https://www.ikea.com/nl/nl/catalog/products/S99183996/:500)

  phantomjs://platform/console++.js:263 in error
[ERROR - 2019-02-21T08:41:34.008Z] Session [6584acd0-35b4-11e9-bdc7-b535ff61b6d6] - page.onError - msg: ReferenceError: Can't find variable: new_getProducts

  phantomjs://platform/console++.js:263 in error
[ERROR - 2019-02-21T08:41:34.008Z] Session [6584acd0-35b4-11e9-bdc7-b535ff61b6d6] - page.onError - stack:
  global code (https://www.ikea.com/nl/nl/catalog/products/S49069903/:500)

  phantomjs://platform/console++.js:263 in error
[ERROR - 2019-02-21T08:41:34.661Z] Session [6584acd0-35b4-11e9-bdc7-b535ff61b6d6] - page.onError - msg: ReferenceError: Can't find variable: new_getProducts

  phantomjs://platform/console++.js:263 in error
[ERROR - 2019-02-21T08:41:34.661Z] Session [6584acd0-35b4-11e9-bdc7-b535ff61b6d6] - page.onError - stack:
  global code (https://www.ikea.com/nl/nl/catalog/products/S29193687/:500)

  phantomjs://platform/console++.js:263 in error
[ERROR - 2019-02-21T08:41:35.411Z] Session [6584acd0-35b4-11e9-bdc7-b535ff61b6d6] - page.onError - msg: ReferenceError: Can't find variable: new_getProducts

  phantomjs://platform/console++.js:263 in error
[ERROR - 2019-02-21T08:41:35.411Z] Session [6584acd0-35b4-11e9-bdc7-b535ff61b6d6] - page.onError - stack:
  global code (https://www.ikea.com/nl/nl/catalog/products/S49194351/:500)

  phantomjs://platform/console++.js:263 in error
[ERROR - 2019-02-21T08:41:36.067Z] Session [6584acd0-35b4-11e9-bdc7-b535ff61b6d6] - page.onError - msg: ReferenceError: Can't find variable: new_getProducts

  phantomjs://platform/console++.js:263 in error
[ERROR - 2019-02-21T08:41:36.067Z] Session [6584acd0-35b4-11e9-bdc7-b535ff61b6d6] - page.onError - stack:
  global code (https://www.ikea.com/nl/nl/catalog/products/S89239772/:503)

  phantomjs://platform/console++.js:263 in error
[ERROR - 2019-02-21T08:41:36.998Z] Session [6584acd0-35b4-11e9-bdc7-b535ff61b6d6] - page.onError - msg: ReferenceError: Can't find variable: new_getProducts

  phantomjs://platform/console++.js:263 in error
[ERROR - 2019-02-21T08:41:36.998Z] Session [6584acd0-35b4-11e9-bdc7-b535ff61b6d6] - page.onError - stack:
  global code (https://www.ikea.com/nl/nl/catalog/products/S79193604/:500)

  phantomjs://platform/console++.js:263 in error
[ERROR - 2019-02-21T08:41:38.120Z] Session [6584acd0-35b4-11e9-bdc7-b535ff61b6d6] - page.onError - msg: ReferenceError: Can't find variable: new_getProducts

  phantomjs://platform/console++.js:263 in error
[ERROR - 2019-02-21T08:41:38.121Z] Session [6584acd0-35b4-11e9-bdc7-b535ff61b6d6] - page.onError - stack:
  global code (https://www.ikea.com/nl/nl/catalog/products/S99066191/:500)

  phantomjs://platform/console++.js:263 in error
[ERROR - 2019-02-21T08:41:38.911Z] Session [6584acd0-35b4-11e9-bdc7-b535ff61b6d6] - page.onError - msg: ReferenceError: Can't find variable: new_getProducts

  phantomjs://platform/console++.js:263 in error
[ERROR - 2019-02-21T08:41:38.911Z] Session [6584acd0-35b4-11e9-bdc7-b535ff61b6d6] - page.onError - stack:
  global code (https://www.ikea.com/nl/nl/catalog/products/S39183975/:500)

  phantomjs://platform/console++.js:263 in error
[ERROR - 2019-02-21T08:41:39.557Z] Session [6584acd0-35b4-11e9-bdc7-b535ff61b6d6] - page.onError - msg: ReferenceError: Can't find variable: new_getProducts

  phantomjs://platform/console++.js:263 in error
[ERROR - 2019-02-21T08:41:39.557Z] Session [6584acd0-35b4-11e9-bdc7-b535ff61b6d6] - page.onError - stack:
  global code (https://www.ikea.com/nl/nl/catalog/products/S49242205/:503)

  phantomjs://platform/console++.js:263 in error
[ERROR - 2019-02-21T08:41:40.344Z] Session [6584acd0-35b4-11e9-bdc7-b535ff61b6d6] - page.onError - msg: ReferenceError: Can't find variable: new_getProducts

  phantomjs://platform/console++.js:263 in error
[ERROR - 2019-02-21T08:41:40.344Z] Session [6584acd0-35b4-11e9-bdc7-b535ff61b6d6] - page.onError - stack:
  global code (https://www.ikea.com/nl/nl/catalog/products/S69193708/:500)

  phantomjs://platform/console++.js:263 in error
[ERROR - 2019-02-21T08:41:41.723Z] Session [6584acd0-35b4-11e9-bdc7-b535ff61b6d6] - page.onError - msg: ReferenceError: Can't find variable: new_getProducts

  phantomjs://platform/console++.js:263 in error
[ERROR - 2019-02-21T08:41:41.724Z] Session [6584acd0-35b4-11e9-bdc7-b535ff61b6d6] - page.onError - stack:
  global code (https://www.ikea.com/nl/nl/catalog/products/S49066377/:500)

  phantomjs://platform/console++.js:263 in error
[ERROR - 2019-02-21T08:41:43.452Z] Session [6584acd0-35b4-11e9-bdc7-b535ff61b6d6] - page.onError - msg: ReferenceError: Can't find variable: new_getProducts

  phantomjs://platform/console++.js:263 in error
[ERROR - 2019-02-21T08:41:43.452Z] Session [6584acd0-35b4-11e9-bdc7-b535ff61b6d6] - page.onError - stack:
  global code (https://www.ikea.com/nl/nl/catalog/products/S29228210/:500)

  phantomjs://platform/console++.js:263 in error
[ERROR - 2019-02-21T08:41:44.210Z] Session [6584acd0-35b4-11e9-bdc7-b535ff61b6d6] - page.onError - msg: TypeError: undefined is not a constructor (evaluating 'l.forEach')

  phantomjs://platform/console++.js:263 in error
[ERROR - 2019-02-21T08:41:44.210Z] Session [6584acd0-35b4-11e9-bdc7-b535ff61b6d6] - page.onError - stack:
  onload (https://ww8.ikea.com/ext/iplugins/nl_NL/production/editions/release-20190219-1610/prio.min.js:17)

  phantomjs://platform/console++.js:263 in error
[ERROR - 2019-02-21T08:41:44.855Z] Session [6584acd0-35b4-11e9-bdc7-b535ff61b6d6] - page.onError - msg: TypeError: undefined is not a constructor (evaluating 'this.getMediaElement().pause()')

  phantomjs://platform/console++.js:263 in error
[ERROR - 2019-02-21T08:41:44.855Z] Session [6584acd0-35b4-11e9-bdc7-b535ff61b6d6] - page.onError - stack:
  pause (https://mmapi.ikea.com/player/4.68.16/amp/amp.min.js:119)
  execute (https://mmapi.ikea.com/player/4.68.16/amp/amp.min.js:268)
  executeCommand (https://mmapi.ikea.com/player/4.68.16/amp/amp.min.js:21)
  notifyObserver (https://mmapi.ikea.com/player/4.68.16/amp/amp.min.js:7)
  notifyObservers (https://mmapi.ikea.com/player/4.68.16/amp/amp.min.js:17)
  notifyObservers (https://mmapi.ikea.com/player/4.68.16/amp/amp.min.js:15)
  sendNotification (https://mmapi.ikea.com/player/4.68.16/amp/amp.min.js:15)
  sendNotification (https://mmapi.ikea.com/player/4.68.16/amp/amp.min.js:9)
  execute (https://mmapi.ikea.com/player/4.68.16/amp/amp.min.js:269)
  executeCommand (https://mmapi.ikea.com/player/4.68.16/amp/amp.min.js:21)
  notifyObserver (https://mmapi.ikea.com/player/4.68.16/amp/amp.min.js:7)
  notifyObservers (https://mmapi.ikea.com/player/4.68.16/amp/amp.min.js:17)
  notifyObservers (https://mmapi.ikea.com/player/4.68.16/amp/amp.min.js:15)
  sendNotification (https://mmapi.ikea.com/player/4.68.16/amp/amp.min.js:15)
  sendNotification (https://mmapi.ikea.com/player/4.68.16/amp/amp.min.js:9)
  (anonymous function) (:0)

  phantomjs://platform/console++.js:263 in error
[ERROR - 2019-02-21T08:41:45.627Z] Session [6584acd0-35b4-11e9-bdc7-b535ff61b6d6] - page.onError - msg: ReferenceError: Can't find variable: new_getProducts

  phantomjs://platform/console++.js:263 in error
[ERROR - 2019-02-21T08:41:45.627Z] Session [6584acd0-35b4-11e9-bdc7-b535ff61b6d6] - page.onError - stack:
  global code (https://www.ikea.com/nl/nl/catalog/products/S09192721/:500)

  phantomjs://platform/console++.js:263 in error
[ERROR - 2019-02-21T08:41:46.621Z] Session [6584acd0-35b4-11e9-bdc7-b535ff61b6d6] - page.onError - msg: ReferenceError: Can't find variable: new_getProducts

  phantomjs://platform/console++.js:263 in error
[ERROR - 2019-02-21T08:41:46.621Z] Session [6584acd0-35b4-11e9-bdc7-b535ff61b6d6] - page.onError - stack:
  global code (https://www.ikea.com/nl/nl/catalog/products/S49242210/:503)

  phantomjs://platform/console++.js:263 in error
[ERROR - 2019-02-21T08:41:47.401Z] Session [6584acd0-35b4-11e9-bdc7-b535ff61b6d6] - page.onError - msg: ReferenceError: Can't find variable: new_getProducts

  phantomjs://platform/console++.js:263 in error
[ERROR - 2019-02-21T08:41:47.401Z] Session [6584acd0-35b4-11e9-bdc7-b535ff61b6d6] - page.onError - stack:
  global code (https://www.ikea.com/nl/nl/catalog/products/S29125146/:503)

  phantomjs://platform/console++.js:263 in error
[ERROR - 2019-02-21T08:41:48.564Z] Session [6584acd0-35b4-11e9-bdc7-b535ff61b6d6] - page.onError - msg: ReferenceError: Can't find variable: new_getProducts

  phantomjs://platform/console++.js:263 in error
[ERROR - 2019-02-21T08:41:48.565Z] Session [6584acd0-35b4-11e9-bdc7-b535ff61b6d6] - page.onError - stack:
  global code (https://www.ikea.com/nl/nl/catalog/products/S99240058/:503)

  phantomjs://platform/console++.js:263 in error
[ERROR - 2019-02-21T08:41:49.345Z] Session [6584acd0-35b4-11e9-bdc7-b535ff61b6d6] - page.onError - msg: ReferenceError: Can't find variable: new_getProducts

  phantomjs://platform/console++.js:263 in error
[ERROR - 2019-02-21T08:41:49.345Z] Session [6584acd0-35b4-11e9-bdc7-b535ff61b6d6] - page.onError - stack:
  global code (https://www.ikea.com/nl/nl/catalog/products/S49046290/:500)

  phantomjs://platform/console++.js:263 in error
[ERROR - 2019-02-21T08:41:50.506Z] Session [6584acd0-35b4-11e9-bdc7-b535ff61b6d6] - page.onError - msg: ReferenceError: Can't find variable: new_getProducts

  phantomjs://platform/console++.js:263 in error
[ERROR - 2019-02-21T08:41:50.506Z] Session [6584acd0-35b4-11e9-bdc7-b535ff61b6d6] - page.onError - stack:
  global code (https://www.ikea.com/nl/nl/catalog/products/S59125220/:503)

  phantomjs://platform/console++.js:263 in error
[ERROR - 2019-02-21T08:41:51.333Z] Session [6584acd0-35b4-11e9-bdc7-b535ff61b6d6] - page.onError - msg: ReferenceError: Can't find variable: new_getProducts

  phantomjs://platform/console++.js:263 in error
[ERROR - 2019-02-21T08:41:51.334Z] Session [6584acd0-35b4-11e9-bdc7-b535ff61b6d6] - page.onError - stack:
  global code (https://www.ikea.com/nl/nl/catalog/products/S49046266/:500)

  phantomjs://platform/console++.js:263 in error
[ERROR - 2019-02-21T08:41:52.283Z] Session [6584acd0-35b4-11e9-bdc7-b535ff61b6d6] - page.onError - msg: ReferenceError: Can't find variable: new_getProducts

  phantomjs://platform/console++.js:263 in error
[ERROR - 2019-02-21T08:41:52.283Z] Session [6584acd0-35b4-11e9-bdc7-b535ff61b6d6] - page.onError - stack:
  global code (https://www.ikea.com/nl/nl/catalog/products/S09031865/:500)

  phantomjs://platform/console++.js:263 in error
[ERROR - 2019-02-21T08:41:52.952Z] Session [6584acd0-35b4-11e9-bdc7-b535ff61b6d6] - page.onError - msg: ReferenceError: Can't find variable: new_getProducts

  phantomjs://platform/console++.js:263 in error
[ERROR - 2019-02-21T08:41:52.952Z] Session [6584acd0-35b4-11e9-bdc7-b535ff61b6d6] - page.onError - stack:
  global code (https://www.ikea.com/nl/nl/catalog/products/S59069912/:500)

  phantomjs://platform/console++.js:263 in error
[ERROR - 2019-02-21T08:41:53.641Z] Session [6584acd0-35b4-11e9-bdc7-b535ff61b6d6] - page.onError - msg: ReferenceError: Can't find variable: new_getProducts

  phantomjs://platform/console++.js:263 in error
[ERROR - 2019-02-21T08:41:53.641Z] Session [6584acd0-35b4-11e9-bdc7-b535ff61b6d6] - page.onError - stack:
  global code (https://www.ikea.com/nl/nl/catalog/products/S89125252/:503)

  phantomjs://platform/console++.js:263 in error
[ERROR - 2019-02-21T08:41:54.505Z] Session [6584acd0-35b4-11e9-bdc7-b535ff61b6d6] - page.onError - msg: ReferenceError: Can't find variable: new_getProducts

  phantomjs://platform/console++.js:263 in error
[ERROR - 2019-02-21T08:41:54.505Z] Session [6584acd0-35b4-11e9-bdc7-b535ff61b6d6] - page.onError - stack:
  global code (https://www.ikea.com/nl/nl/catalog/products/S89240092/:503)

  phantomjs://platform/console++.js:263 in error
[ERROR - 2019-02-21T08:41:56.358Z] Session [6584acd0-35b4-11e9-bdc7-b535ff61b6d6] - page.onError - msg: ReferenceError: Can't find variable: new_getProducts

  phantomjs://platform/console++.js:263 in error
[ERROR - 2019-02-21T08:41:56.358Z] Session [6584acd0-35b4-11e9-bdc7-b535ff61b6d6] - page.onError - stack:
  global code (https://www.ikea.com/nl/nl/catalog/products/S59069907/:500)

  phantomjs://platform/console++.js:263 in error
[ERROR - 2019-02-21T08:41:57.785Z] Session [6584acd0-35b4-11e9-bdc7-b535ff61b6d6] - page.onError - msg: ReferenceError: Can't find variable: new_getProducts

  phantomjs://platform/console++.js:263 in error
[ERROR - 2019-02-21T08:41:57.786Z] Session [6584acd0-35b4-11e9-bdc7-b535ff61b6d6] - page.onError - stack:
  global code (https://www.ikea.com/nl/nl/catalog/products/S39194356/:500)

  phantomjs://platform/console++.js:263 in error
[ERROR - 2019-02-21T08:41:59.414Z] Session [6584acd0-35b4-11e9-bdc7-b535ff61b6d6] - page.onError - msg: ReferenceError: Can't find variable: new_getProducts

  phantomjs://platform/console++.js:263 in error
[ERROR - 2019-02-21T08:41:59.416Z] Session [6584acd0-35b4-11e9-bdc7-b535ff61b6d6] - page.onError - stack:
  global code (https://www.ikea.com/nl/nl/catalog/products/S69193609/:500)

  phantomjs://platform/console++.js:263 in error
[ERROR - 2019-02-21T08:42:00.245Z] Session [6584acd0-35b4-11e9-bdc7-b535ff61b6d6] - page.onError - msg: ReferenceError: Can't find variable: new_getProducts

  phantomjs://platform/console++.js:263 in error
[ERROR - 2019-02-21T08:42:00.245Z] Session [6584acd0-35b4-11e9-bdc7-b535ff61b6d6] - page.onError - stack:
  global code (https://www.ikea.com/nl/nl/catalog/products/S59242224/:503)

  phantomjs://platform/console++.js:263 in error
[ERROR - 2019-02-21T08:42:00.884Z] Session [6584acd0-35b4-11e9-bdc7-b535ff61b6d6] - page.onError - msg: ReferenceError: Can't find variable: new_getProducts

  phantomjs://platform/console++.js:263 in error
[ERROR - 2019-02-21T08:42:00.884Z] Session [6584acd0-35b4-11e9-bdc7-b535ff61b6d6] - page.onError - stack:
  global code (https://www.ikea.com/nl/nl/catalog/products/S79067163/:498)

  phantomjs://platform/console++.js:263 in error
[ERROR - 2019-02-21T08:42:01.471Z] Session [6584acd0-35b4-11e9-bdc7-b535ff61b6d6] - page.onError - msg: ReferenceError: Can't find variable: new_getProducts

  phantomjs://platform/console++.js:263 in error
[ERROR - 2019-02-21T08:42:01.471Z] Session [6584acd0-35b4-11e9-bdc7-b535ff61b6d6] - page.onError - stack:
  global code (https://www.ikea.com/nl/nl/catalog/products/S39183980/:500)

  phantomjs://platform/console++.js:263 in error
[ERROR - 2019-02-21T08:42:02.140Z] Session [6584acd0-35b4-11e9-bdc7-b535ff61b6d6] - page.onError - msg: ReferenceError: Can't find variable: new_getProducts

  phantomjs://platform/console++.js:263 in error
[ERROR - 2019-02-21T08:42:02.140Z] Session [6584acd0-35b4-11e9-bdc7-b535ff61b6d6] - page.onError - stack:
  global code (https://www.ikea.com/nl/nl/catalog/products/S79211410/:503)

  phantomjs://platform/console++.js:263 in error
[ERROR - 2019-02-21T08:42:02.896Z] Session [6584acd0-35b4-11e9-bdc7-b535ff61b6d6] - page.onError - msg: ReferenceError: Can't find variable: new_getProducts

  phantomjs://platform/console++.js:263 in error
[ERROR - 2019-02-21T08:42:02.896Z] Session [6584acd0-35b4-11e9-bdc7-b535ff61b6d6] - page.onError - stack:
  global code (https://www.ikea.com/nl/nl/catalog/products/S79135949/:503)

  phantomjs://platform/console++.js:263 in error
[ERROR - 2019-02-21T08:42:03.701Z] Session [6584acd0-35b4-11e9-bdc7-b535ff61b6d6] - page.onError - msg: ReferenceError: Can't find variable: new_getProducts

  phantomjs://platform/console++.js:263 in error
[ERROR - 2019-02-21T08:42:03.701Z] Session [6584acd0-35b4-11e9-bdc7-b535ff61b6d6] - page.onError - stack:
  global code (https://www.ikea.com/nl/nl/catalog/products/S69135271/:503)

  phantomjs://platform/console++.js:263 in error
[ERROR - 2019-02-21T08:42:04.339Z] Session [6584acd0-35b4-11e9-bdc7-b535ff61b6d6] - page.onError - msg: ReferenceError: Can't find variable: new_getProducts

  phantomjs://platform/console++.js:263 in error
[ERROR - 2019-02-21T08:42:04.339Z] Session [6584acd0-35b4-11e9-bdc7-b535ff61b6d6] - page.onError - stack:
  global code (https://www.ikea.com/nl/nl/catalog/products/S69125272/:503)

  phantomjs://platform/console++.js:263 in error
[ERROR - 2019-02-21T08:42:04.982Z] Session [6584acd0-35b4-11e9-bdc7-b535ff61b6d6] - page.onError - msg: ReferenceError: Can't find variable: new_getProducts

  phantomjs://platform/console++.js:263 in error
[ERROR - 2019-02-21T08:42:04.988Z] Session [6584acd0-35b4-11e9-bdc7-b535ff61b6d6] - page.onError - stack:
  global code (https://www.ikea.com/nl/nl/catalog/products/S39151291/:503)

  phantomjs://platform/console++.js:263 in error
[ERROR - 2019-02-21T08:42:06.123Z] Session [6584acd0-35b4-11e9-bdc7-b535ff61b6d6] - page.onError - msg: ReferenceError: Can't find variable: new_getProducts

  phantomjs://platform/console++.js:263 in error
[ERROR - 2019-02-21T08:42:06.123Z] Session [6584acd0-35b4-11e9-bdc7-b535ff61b6d6] - page.onError - stack:
  global code (https://www.ikea.com/nl/nl/catalog/products/S49239811/:503)

  phantomjs://platform/console++.js:263 in error
[ERROR - 2019-02-21T08:42:06.881Z] Session [6584acd0-35b4-11e9-bdc7-b535ff61b6d6] - page.onError - msg: ReferenceError: Can't find variable: new_getProducts

  phantomjs://platform/console++.js:263 in error
[ERROR - 2019-02-21T08:42:06.881Z] Session [6584acd0-35b4-11e9-bdc7-b535ff61b6d6] - page.onError - stack:
  global code (https://www.ikea.com/nl/nl/:429)

  phantomjs://platform/console++.js:263 in error
[ERROR - 2019-02-21T08:42:07.080Z] Session [6584acd0-35b4-11e9-bdc7-b535ff61b6d6] - page.onError - msg: TypeError: null is not an object (evaluating 'document.getElementById(seasonalName).style')

  phantomjs://platform/console++.js:263 in error
[ERROR - 2019-02-21T08:42:07.080Z] Session [6584acd0-35b4-11e9-bdc7-b535ff61b6d6] - page.onError - stack:
  (anonymous function) (https://www.ikea.com/nl/nl/:1133)
  (anonymous function) (https://www.ikea.com/ms/js/js_main.js:10)
  forEach (:0)
  each (https://www.ikea.com/ms/js/js_main.js:10)

  phantomjs://platform/console++.js:263 in error
[ERROR - 2019-02-21T08:42:07.170Z] Session [6584acd0-35b4-11e9-bdc7-b535ff61b6d6] - page.onError - msg: TypeError: undefined is not an object (evaluating 'this.options.validContents[0].childElements')

  phantomjs://platform/console++.js:263 in error
[ERROR - 2019-02-21T08:42:07.170Z] Session [6584acd0-35b4-11e9-bdc7-b535ff61b6d6] - page.onError - stack:
  initialize (https://www.ikea.com/ms/js/category_page.js:1467)
  klass (https://www.ikea.com/ms/js/js_main.js:10)
  (anonymous function) (https://www.ikea.com/nl/nl/:989)
  responder (https://www.ikea.com/ms/js/js_main.js:17)
  dispatchEvent (:0)
  fire (https://www.ikea.com/ms/js/js_main.js:17)
  _methodized (https://www.ikea.com/ms/js/js_main.js:10)
  fireContentLoadedEvent (https://www.ikea.com/ms/js/js_main.js:17)

  phantomjs://platform/console++.js:263 in error
[ERROR - 2019-02-21T08:42:08.125Z] Session [6584acd0-35b4-11e9-bdc7-b535ff61b6d6] - page.onError - msg: ReferenceError: Can't find variable: new_getProducts

  phantomjs://platform/console++.js:263 in error
[ERROR - 2019-02-21T08:42:08.125Z] Session [6584acd0-35b4-11e9-bdc7-b535ff61b6d6] - page.onError - stack:
  global code (https://www.ikea.com/nl/nl/catalog/products/S29902080/:503)

  phantomjs://platform/console++.js:263 in error
[ERROR - 2019-02-21T08:42:08.831Z] Session [6584acd0-35b4-11e9-bdc7-b535ff61b6d6] - page.onError - msg: ReferenceError: Can't find variable: new_getProducts

  phantomjs://platform/console++.js:263 in error
[ERROR - 2019-02-21T08:42:08.832Z] Session [6584acd0-35b4-11e9-bdc7-b535ff61b6d6] - page.onError - stack:
  global code (https://www.ikea.com/nl/nl/catalog/products/S79211405/:503)

  phantomjs://platform/console++.js:263 in error
[ERROR - 2019-02-21T08:42:10.150Z] Session [6584acd0-35b4-11e9-bdc7-b535ff61b6d6] - page.onError - msg: ReferenceError: Can't find variable: new_getProducts

  phantomjs://platform/console++.js:263 in error
[ERROR - 2019-02-21T08:42:10.150Z] Session [6584acd0-35b4-11e9-bdc7-b535ff61b6d6] - page.onError - stack:
  global code (https://www.ikea.com/nl/nl/:429)

  phantomjs://platform/console++.js:263 in error
[ERROR - 2019-02-21T08:42:10.231Z] Session [6584acd0-35b4-11e9-bdc7-b535ff61b6d6] - page.onError - msg: TypeError: null is not an object (evaluating 'document.getElementById(seasonalName).style')

  phantomjs://platform/console++.js:263 in error
[ERROR - 2019-02-21T08:42:10.231Z] Session [6584acd0-35b4-11e9-bdc7-b535ff61b6d6] - page.onError - stack:
  (anonymous function) (https://www.ikea.com/nl/nl/:1133)
  (anonymous function) (https://www.ikea.com/ms/js/js_main.js:10)
  forEach (:0)
  each (https://www.ikea.com/ms/js/js_main.js:10)

  phantomjs://platform/console++.js:263 in error
[ERROR - 2019-02-21T08:42:10.359Z] Session [6584acd0-35b4-11e9-bdc7-b535ff61b6d6] - page.onError - msg: TypeError: undefined is not an object (evaluating 'this.options.validContents[0].childElements')

  phantomjs://platform/console++.js:263 in error
[ERROR - 2019-02-21T08:42:10.359Z] Session [6584acd0-35b4-11e9-bdc7-b535ff61b6d6] - page.onError - stack:
  initialize (https://www.ikea.com/ms/js/category_page.js:1467)
  klass (https://www.ikea.com/ms/js/js_main.js:10)
  (anonymous function) (https://www.ikea.com/nl/nl/:989)
  responder (https://www.ikea.com/ms/js/js_main.js:17)
  dispatchEvent (:0)
  fire (https://www.ikea.com/ms/js/js_main.js:17)
  _methodized (https://www.ikea.com/ms/js/js_main.js:10)
  fireContentLoadedEvent (https://www.ikea.com/ms/js/js_main.js:17)

  phantomjs://platform/console++.js:263 in error
[ERROR - 2019-02-21T08:42:11.139Z] Session [6584acd0-35b4-11e9-bdc7-b535ff61b6d6] - page.onError - msg: ReferenceError: Can't find variable: new_getProducts

  phantomjs://platform/console++.js:263 in error
[ERROR - 2019-02-21T08:42:11.139Z] Session [6584acd0-35b4-11e9-bdc7-b535ff61b6d6] - page.onError - stack:
  global code (https://www.ikea.com/nl/nl/catalog/products/S49211440/:503)

  phantomjs://platform/console++.js:263 in error
[ERROR - 2019-02-21T08:42:12.654Z] Session [6584acd0-35b4-11e9-bdc7-b535ff61b6d6] - page.onError - msg: ReferenceError: Can't find variable: new_getProducts

  phantomjs://platform/console++.js:263 in error
[ERROR - 2019-02-21T08:42:12.655Z] Session [6584acd0-35b4-11e9-bdc7-b535ff61b6d6] - page.onError - stack:
  global code (https://www.ikea.com/nl/nl/catalog/products/S49211435/:503)

  phantomjs://platform/console++.js:263 in error
[ERROR - 2019-02-21T08:42:13.641Z] Session [6584acd0-35b4-11e9-bdc7-b535ff61b6d6] - page.onError - msg: ReferenceError: Can't find variable: new_getProducts

  phantomjs://platform/console++.js:263 in error
[ERROR - 2019-02-21T08:42:13.641Z] Session [6584acd0-35b4-11e9-bdc7-b535ff61b6d6] - page.onError - stack:
  global code (https://www.ikea.com/nl/nl/catalog/products/S09211423/:503)

  phantomjs://platform/console++.js:263 in error
[ERROR - 2019-02-21T08:42:14.355Z] Session [6584acd0-35b4-11e9-bdc7-b535ff61b6d6] - page.onError - msg: ReferenceError: Can't find variable: new_getProducts

  phantomjs://platform/console++.js:263 in error
[ERROR - 2019-02-21T08:42:14.356Z] Session [6584acd0-35b4-11e9-bdc7-b535ff61b6d6] - page.onError - stack:
  global code (https://www.ikea.com/nl/nl/:429)

  phantomjs://platform/console++.js:263 in error
[ERROR - 2019-02-21T08:42:14.436Z] Session [6584acd0-35b4-11e9-bdc7-b535ff61b6d6] - page.onError - msg: TypeError: null is not an object (evaluating 'document.getElementById(seasonalName).style')

  phantomjs://platform/console++.js:263 in error
[ERROR - 2019-02-21T08:42:14.436Z] Session [6584acd0-35b4-11e9-bdc7-b535ff61b6d6] - page.onError - stack:
  (anonymous function) (https://www.ikea.com/nl/nl/:1133)
  (anonymous function) (https://www.ikea.com/ms/js/js_main.js:10)
  forEach (:0)
  each (https://www.ikea.com/ms/js/js_main.js:10)

  phantomjs://platform/console++.js:263 in error
[ERROR - 2019-02-21T08:42:14.546Z] Session [6584acd0-35b4-11e9-bdc7-b535ff61b6d6] - page.onError - msg: TypeError: undefined is not an object (evaluating 'this.options.validContents[0].childElements')

  phantomjs://platform/console++.js:263 in error
[ERROR - 2019-02-21T08:42:14.546Z] Session [6584acd0-35b4-11e9-bdc7-b535ff61b6d6] - page.onError - stack:
  initialize (https://www.ikea.com/ms/js/category_page.js:1467)
  klass (https://www.ikea.com/ms/js/js_main.js:10)
  (anonymous function) (https://www.ikea.com/nl/nl/:989)
  responder (https://www.ikea.com/ms/js/js_main.js:17)
  dispatchEvent (:0)
  fire (https://www.ikea.com/ms/js/js_main.js:17)
  _methodized (https://www.ikea.com/ms/js/js_main.js:10)
  fireContentLoadedEvent (https://www.ikea.com/ms/js/js_main.js:17)

  phantomjs://platform/console++.js:263 in error
[ERROR - 2019-02-21T08:42:14.981Z] Session [6584acd0-35b4-11e9-bdc7-b535ff61b6d6] - page.onError - msg: ReferenceError: Can't find variable: new_getProducts

  phantomjs://platform/console++.js:263 in error
[ERROR - 2019-02-21T08:42:14.981Z] Session [6584acd0-35b4-11e9-bdc7-b535ff61b6d6] - page.onError - stack:
  global code (https://www.ikea.com/nl/nl/:429)

  phantomjs://platform/console++.js:263 in error
[ERROR - 2019-02-21T08:42:15.037Z] Session [6584acd0-35b4-11e9-bdc7-b535ff61b6d6] - page.onError - msg: TypeError: null is not an object (evaluating 'document.getElementById(seasonalName).style')

  phantomjs://platform/console++.js:263 in error
[ERROR - 2019-02-21T08:42:15.037Z] Session [6584acd0-35b4-11e9-bdc7-b535ff61b6d6] - page.onError - stack:
  (anonymous function) (https://www.ikea.com/nl/nl/:1133)
  (anonymous function) (https://www.ikea.com/ms/js/js_main.js:10)
  forEach (:0)
  each (https://www.ikea.com/ms/js/js_main.js:10)

  phantomjs://platform/console++.js:263 in error
[ERROR - 2019-02-21T08:42:15.139Z] Session [6584acd0-35b4-11e9-bdc7-b535ff61b6d6] - page.onError - msg: TypeError: undefined is not an object (evaluating 'this.options.validContents[0].childElements')

  phantomjs://platform/console++.js:263 in error
[ERROR - 2019-02-21T08:42:15.139Z] Session [6584acd0-35b4-11e9-bdc7-b535ff61b6d6] - page.onError - stack:
  initialize (https://www.ikea.com/ms/js/category_page.js:1467)
  klass (https://www.ikea.com/ms/js/js_main.js:10)
  (anonymous function) (https://www.ikea.com/nl/nl/:989)
  responder (https://www.ikea.com/ms/js/js_main.js:17)
  dispatchEvent (:0)
  fire (https://www.ikea.com/ms/js/js_main.js:17)
  _methodized (https://www.ikea.com/ms/js/js_main.js:10)
  fireContentLoadedEvent (https://www.ikea.com/ms/js/js_main.js:17)

  phantomjs://platform/console++.js:263 in error
[ERROR - 2019-02-21T08:42:15.529Z] Session [6584acd0-35b4-11e9-bdc7-b535ff61b6d6] - page.onError - msg: ReferenceError: Can't find variable: new_getProducts

  phantomjs://platform/console++.js:263 in error
[ERROR - 2019-02-21T08:42:15.529Z] Session [6584acd0-35b4-11e9-bdc7-b535ff61b6d6] - page.onError - stack:
  global code (https://www.ikea.com/nl/nl/:429)

  phantomjs://platform/console++.js:263 in error
[ERROR - 2019-02-21T08:42:15.585Z] Session [6584acd0-35b4-11e9-bdc7-b535ff61b6d6] - page.onError - msg: TypeError: null is not an object (evaluating 'document.getElementById(seasonalName).style')

  phantomjs://platform/console++.js:263 in error
[ERROR - 2019-02-21T08:42:15.585Z] Session [6584acd0-35b4-11e9-bdc7-b535ff61b6d6] - page.onError - stack:
  (anonymous function) (https://www.ikea.com/nl/nl/:1133)
  (anonymous function) (https://www.ikea.com/ms/js/js_main.js:10)
  forEach (:0)
  each (https://www.ikea.com/ms/js/js_main.js:10)

  phantomjs://platform/console++.js:263 in error
[ERROR - 2019-02-21T08:42:15.903Z] Session [6584acd0-35b4-11e9-bdc7-b535ff61b6d6] - page.onError - msg: TypeError: undefined is not an object (evaluating 'this.options.validContents[0].childElements')

  phantomjs://platform/console++.js:263 in error
[ERROR - 2019-02-21T08:42:15.903Z] Session [6584acd0-35b4-11e9-bdc7-b535ff61b6d6] - page.onError - stack:
  initialize (https://www.ikea.com/ms/js/category_page.js:1467)
  klass (https://www.ikea.com/ms/js/js_main.js:10)
  (anonymous function) (https://www.ikea.com/nl/nl/:989)
  responder (https://www.ikea.com/ms/js/js_main.js:17)
  dispatchEvent (:0)
  fire (https://www.ikea.com/ms/js/js_main.js:17)
  _methodized (https://www.ikea.com/ms/js/js_main.js:10)
  fireContentLoadedEvent (https://www.ikea.com/ms/js/js_main.js:17)

  phantomjs://platform/console++.js:263 in error
[ERROR - 2019-02-21T08:42:16.301Z] Session [6584acd0-35b4-11e9-bdc7-b535ff61b6d6] - page.onError - msg: ReferenceError: Can't find variable: new_getProducts

  phantomjs://platform/console++.js:263 in error
[ERROR - 2019-02-21T08:42:16.301Z] Session [6584acd0-35b4-11e9-bdc7-b535ff61b6d6] - page.onError - stack:
  global code (https://www.ikea.com/nl/nl/:429)

  phantomjs://platform/console++.js:263 in error
[ERROR - 2019-02-21T08:42:16.358Z] Session [6584acd0-35b4-11e9-bdc7-b535ff61b6d6] - page.onError - msg: TypeError: null is not an object (evaluating 'document.getElementById(seasonalName).style')

  phantomjs://platform/console++.js:263 in error
[ERROR - 2019-02-21T08:42:16.358Z] Session [6584acd0-35b4-11e9-bdc7-b535ff61b6d6] - page.onError - stack:
  (anonymous function) (https://www.ikea.com/nl/nl/:1133)
  (anonymous function) (https://www.ikea.com/ms/js/js_main.js:10)
  forEach (:0)
  each (https://www.ikea.com/ms/js/js_main.js:10)

  phantomjs://platform/console++.js:263 in error
[ERROR - 2019-02-21T08:42:16.489Z] Session [6584acd0-35b4-11e9-bdc7-b535ff61b6d6] - page.onError - msg: TypeError: undefined is not an object (evaluating 'this.options.validContents[0].childElements')

  phantomjs://platform/console++.js:263 in error
[ERROR - 2019-02-21T08:42:16.489Z] Session [6584acd0-35b4-11e9-bdc7-b535ff61b6d6] - page.onError - stack:
  initialize (https://www.ikea.com/ms/js/category_page.js:1467)
  klass (https://www.ikea.com/ms/js/js_main.js:10)
  (anonymous function) (https://www.ikea.com/nl/nl/:989)
  responder (https://www.ikea.com/ms/js/js_main.js:17)
  dispatchEvent (:0)
  fire (https://www.ikea.com/ms/js/js_main.js:17)
  _methodized (https://www.ikea.com/ms/js/js_main.js:10)
  fireContentLoadedEvent (https://www.ikea.com/ms/js/js_main.js:17)

  phantomjs://platform/console++.js:263 in error
[ERROR - 2019-02-21T08:42:16.986Z] Session [6584acd0-35b4-11e9-bdc7-b535ff61b6d6] - page.onError - msg: ReferenceError: Can't find variable: new_getProducts

  phantomjs://platform/console++.js:263 in error
[ERROR - 2019-02-21T08:42:16.988Z] Session [6584acd0-35b4-11e9-bdc7-b535ff61b6d6] - page.onError - stack:
  global code (https://www.ikea.com/nl/nl/catalog/products/S49211534/:503)

  phantomjs://platform/console++.js:263 in error
[ERROR - 2019-02-21T08:42:17.786Z] Session [6584acd0-35b4-11e9-bdc7-b535ff61b6d6] - page.onError - msg: ReferenceError: Can't find variable: new_getProducts

  phantomjs://platform/console++.js:263 in error
[ERROR - 2019-02-21T08:42:17.786Z] Session [6584acd0-35b4-11e9-bdc7-b535ff61b6d6] - page.onError - stack:
  global code (https://www.ikea.com/nl/nl/catalog/products/S79211429/:503)

  phantomjs://platform/console++.js:263 in error
[ERROR - 2019-02-21T08:42:18.595Z] Session [6584acd0-35b4-11e9-bdc7-b535ff61b6d6] - page.onError - msg: ReferenceError: Can't find variable: new_getProducts

  phantomjs://platform/console++.js:263 in error
[ERROR - 2019-02-21T08:42:18.596Z] Session [6584acd0-35b4-11e9-bdc7-b535ff61b6d6] - page.onError - stack:
  global code (https://www.ikea.com/nl/nl/:429)

  phantomjs://platform/console++.js:263 in error
[ERROR - 2019-02-21T08:42:18.681Z] Session [6584acd0-35b4-11e9-bdc7-b535ff61b6d6] - page.onError - msg: TypeError: null is not an object (evaluating 'document.getElementById(seasonalName).style')

  phantomjs://platform/console++.js:263 in error
[ERROR - 2019-02-21T08:42:18.681Z] Session [6584acd0-35b4-11e9-bdc7-b535ff61b6d6] - page.onError - stack:
  (anonymous function) (https://www.ikea.com/nl/nl/:1133)
  (anonymous function) (https://www.ikea.com/ms/js/js_main.js:10)
  forEach (:0)
  each (https://www.ikea.com/ms/js/js_main.js:10)

  phantomjs://platform/console++.js:263 in error
[ERROR - 2019-02-21T08:42:18.807Z] Session [6584acd0-35b4-11e9-bdc7-b535ff61b6d6] - page.onError - msg: TypeError: undefined is not an object (evaluating 'this.options.validContents[0].childElements')

  phantomjs://platform/console++.js:263 in error
[ERROR - 2019-02-21T08:42:18.807Z] Session [6584acd0-35b4-11e9-bdc7-b535ff61b6d6] - page.onError - stack:
  initialize (https://www.ikea.com/ms/js/category_page.js:1467)
  klass (https://www.ikea.com/ms/js/js_main.js:10)
  (anonymous function) (https://www.ikea.com/nl/nl/:989)
  responder (https://www.ikea.com/ms/js/js_main.js:17)
  dispatchEvent (:0)
  fire (https://www.ikea.com/ms/js/js_main.js:17)
  _methodized (https://www.ikea.com/ms/js/js_main.js:10)
  fireContentLoadedEvent (https://www.ikea.com/ms/js/js_main.js:17)

  phantomjs://platform/console++.js:263 in error
[ERROR - 2019-02-21T08:42:19.198Z] Session [6584acd0-35b4-11e9-bdc7-b535ff61b6d6] - page.onError - msg: ReferenceError: Can't find variable: new_getProducts

  phantomjs://platform/console++.js:263 in error
[ERROR - 2019-02-21T08:42:19.198Z] Session [6584acd0-35b4-11e9-bdc7-b535ff61b6d6] - page.onError - stack:
  global code (https://www.ikea.com/nl/nl/catalog/products/S79211518/:503)

  phantomjs://platform/console++.js:263 in error
[ERROR - 2019-02-21T08:42:20.041Z] Session [6584acd0-35b4-11e9-bdc7-b535ff61b6d6] - page.onError - msg: ReferenceError: Can't find variable: new_getProducts

  phantomjs://platform/console++.js:263 in error
[ERROR - 2019-02-21T08:42:20.041Z] Session [6584acd0-35b4-11e9-bdc7-b535ff61b6d6] - page.onError - stack:
  global code (https://www.ikea.com/nl/nl/catalog/products/S09211395/:503)

  phantomjs://platform/console++.js:263 in error
[ERROR - 2019-02-21T08:42:20.698Z] Session [6584acd0-35b4-11e9-bdc7-b535ff61b6d6] - page.onError - msg: ReferenceError: Can't find variable: new_getProducts

  phantomjs://platform/console++.js:263 in error
[ERROR - 2019-02-21T08:42:20.698Z] Session [6584acd0-35b4-11e9-bdc7-b535ff61b6d6] - page.onError - stack:
  global code (https://www.ikea.com/nl/nl/catalog/products/S49211478/:503)

  phantomjs://platform/console++.js:263 in error
[ERROR - 2019-02-21T08:42:21.415Z] Session [6584acd0-35b4-11e9-bdc7-b535ff61b6d6] - page.onError - msg: ReferenceError: Can't find variable: new_getProducts

  phantomjs://platform/console++.js:263 in error
[ERROR - 2019-02-21T08:42:21.415Z] Session [6584acd0-35b4-11e9-bdc7-b535ff61b6d6] - page.onError - stack:
  global code (https://www.ikea.com/nl/nl/catalog/products/S39211389/:503)

  phantomjs://platform/console++.js:263 in error
[ERROR - 2019-02-21T08:42:22.128Z] Session [6584acd0-35b4-11e9-bdc7-b535ff61b6d6] - page.onError - msg: ReferenceError: Can't find variable: new_getProducts

  phantomjs://platform/console++.js:263 in error
[ERROR - 2019-02-21T08:42:22.128Z] Session [6584acd0-35b4-11e9-bdc7-b535ff61b6d6] - page.onError - stack:
  global code (https://www.ikea.com/nl/nl/catalog/products/S29211506/:503)

  phantomjs://platform/console++.js:263 in error
[ERROR - 2019-02-21T08:42:22.903Z] Session [6584acd0-35b4-11e9-bdc7-b535ff61b6d6] - page.onError - msg: ReferenceError: Can't find variable: new_getProducts

  phantomjs://platform/console++.js:263 in error
[ERROR - 2019-02-21T08:42:22.903Z] Session [6584acd0-35b4-11e9-bdc7-b535ff61b6d6] - page.onError - stack:
  global code (https://www.ikea.com/nl/nl/catalog/products/S69211383/:503)

  phantomjs://platform/console++.js:263 in error
[ERROR - 2019-02-21T08:42:24.187Z] Session [6584acd0-35b4-11e9-bdc7-b535ff61b6d6] - page.onError - msg: ReferenceError: Can't find variable: new_getProducts

  phantomjs://platform/console++.js:263 in error
[ERROR - 2019-02-21T08:42:24.187Z] Session [6584acd0-35b4-11e9-bdc7-b535ff61b6d6] - page.onError - stack:
  global code (https://www.ikea.com/nl/nl/catalog/products/S99192694/:498)

  phantomjs://platform/console++.js:263 in error
[ERROR - 2019-02-21T08:42:25.789Z] Session [6584acd0-35b4-11e9-bdc7-b535ff61b6d6] - page.onError - msg: ReferenceError: Can't find variable: new_getProducts

  phantomjs://platform/console++.js:263 in error
[ERROR - 2019-02-21T08:42:25.789Z] Session [6584acd0-35b4-11e9-bdc7-b535ff61b6d6] - page.onError - stack:
  global code (https://www.ikea.com/nl/nl/catalog/products/S49192700/:498)

  phantomjs://platform/console++.js:263 in error
[ERROR - 2019-02-21T08:42:27.349Z] Session [6584acd0-35b4-11e9-bdc7-b535ff61b6d6] - page.onError - msg: ReferenceError: Can't find variable: new_getProducts

  phantomjs://platform/console++.js:263 in error
[ERROR - 2019-02-21T08:42:27.349Z] Session [6584acd0-35b4-11e9-bdc7-b535ff61b6d6] - page.onError - stack:
  global code (https://www.ikea.com/nl/nl/catalog/products/S59211500/:503)

  phantomjs://platform/console++.js:263 in error
[ERROR - 2019-02-21T08:42:28.178Z] Session [6584acd0-35b4-11e9-bdc7-b535ff61b6d6] - page.onError - msg: ReferenceError: Can't find variable: new_getProducts

  phantomjs://platform/console++.js:263 in error
[ERROR - 2019-02-21T08:42:28.178Z] Session [6584acd0-35b4-11e9-bdc7-b535ff61b6d6] - page.onError - stack:
  global code (https://www.ikea.com/nl/nl/catalog/products/S89211377/:503)

  phantomjs://platform/console++.js:263 in error
[ERROR - 2019-02-21T08:42:29.016Z] Session [6584acd0-35b4-11e9-bdc7-b535ff61b6d6] - page.onError - msg: ReferenceError: Can't find variable: new_getProducts

  phantomjs://platform/console++.js:263 in error
[ERROR - 2019-02-21T08:42:29.018Z] Session [6584acd0-35b4-11e9-bdc7-b535ff61b6d6] - page.onError - stack:
  global code (https://www.ikea.com/nl/nl/catalog/products/S39211493/:503)

  phantomjs://platform/console++.js:263 in error
[ERROR - 2019-02-21T08:42:29.725Z] Session [6584acd0-35b4-11e9-bdc7-b535ff61b6d6] - page.onError - msg: ReferenceError: Can't find variable: new_getProducts

  phantomjs://platform/console++.js:263 in error
[ERROR - 2019-02-21T08:42:29.725Z] Session [6584acd0-35b4-11e9-bdc7-b535ff61b6d6] - page.onError - stack:
  global code (https://www.ikea.com/nl/nl/catalog/products/S39211370/:503)

  phantomjs://platform/console++.js:263 in error
[ERROR - 2019-02-21T08:42:30.495Z] Session [6584acd0-35b4-11e9-bdc7-b535ff61b6d6] - page.onError - msg: ReferenceError: Can't find variable: new_getProducts

  phantomjs://platform/console++.js:263 in error
[ERROR - 2019-02-21T08:42:30.495Z] Session [6584acd0-35b4-11e9-bdc7-b535ff61b6d6] - page.onError - stack:
  global code (https://www.ikea.com/nl/nl/catalog/products/S39211488/:503)

  phantomjs://platform/console++.js:263 in error
[ERROR - 2019-02-21T08:42:31.174Z] Session [6584acd0-35b4-11e9-bdc7-b535ff61b6d6] - page.onError - msg: ReferenceError: Can't find variable: new_getProducts

  phantomjs://platform/console++.js:263 in error
[ERROR - 2019-02-21T08:42:31.174Z] Session [6584acd0-35b4-11e9-bdc7-b535ff61b6d6] - page.onError - stack:
  global code (https://www.ikea.com/nl/nl/catalog/products/S39211365/:503)

  phantomjs://platform/console++.js:263 in error
[ERROR - 2019-02-21T08:42:31.887Z] Session [6584acd0-35b4-11e9-bdc7-b535ff61b6d6] - page.onError - msg: ReferenceError: Can't find variable: new_getProducts

  phantomjs://platform/console++.js:263 in error
[ERROR - 2019-02-21T08:42:31.888Z] Session [6584acd0-35b4-11e9-bdc7-b535ff61b6d6] - page.onError - stack:
  global code (https://www.ikea.com/nl/nl/catalog/products/S89211546/:503)

  phantomjs://platform/console++.js:263 in error
[ERROR - 2019-02-21T08:42:32.763Z] Session [6584acd0-35b4-11e9-bdc7-b535ff61b6d6] - page.onError - msg: ReferenceError: Can't find variable: new_getProducts

  phantomjs://platform/console++.js:263 in error
[ERROR - 2019-02-21T08:42:32.763Z] Session [6584acd0-35b4-11e9-bdc7-b535ff61b6d6] - page.onError - stack:
  global code (https://www.ikea.com/nl/nl/catalog/products/S39211539/:503)

  phantomjs://platform/console++.js:263 in error
[ERROR - 2019-02-21T08:42:33.528Z] Session [6584acd0-35b4-11e9-bdc7-b535ff61b6d6] - page.onError - msg: ReferenceError: Can't find variable: new_getProducts

  phantomjs://platform/console++.js:263 in error
[ERROR - 2019-02-21T08:42:33.528Z] Session [6584acd0-35b4-11e9-bdc7-b535ff61b6d6] - page.onError - stack:
  global code (https://www.ikea.com/nl/nl/catalog/products/S79256559/:501)

  phantomjs://platform/console++.js:263 in error
[ERROR - 2019-02-21T08:42:34.292Z] Session [6584acd0-35b4-11e9-bdc7-b535ff61b6d6] - page.onError - msg: ReferenceError: Can't find variable: new_getProducts

  phantomjs://platform/console++.js:263 in error
[ERROR - 2019-02-21T08:42:34.292Z] Session [6584acd0-35b4-11e9-bdc7-b535ff61b6d6] - page.onError - stack:
  global code (https://www.ikea.com/nl/nl/catalog/products/S49256594/:501)

  phantomjs://platform/console++.js:263 in error
[ERROR - 2019-02-21T08:42:34.921Z] Session [6584acd0-35b4-11e9-bdc7-b535ff61b6d6] - page.onError - msg: ReferenceError: Can't find variable: new_getProducts

  phantomjs://platform/console++.js:263 in error
[ERROR - 2019-02-21T08:42:34.923Z] Session [6584acd0-35b4-11e9-bdc7-b535ff61b6d6] - page.onError - stack:
  global code (https://www.ikea.com/nl/nl/catalog/products/S99257275/:503)

  phantomjs://platform/console++.js:263 in error
[ERROR - 2019-02-21T08:42:35.731Z] Session [6584acd0-35b4-11e9-bdc7-b535ff61b6d6] - page.onError - msg: ReferenceError: Can't find variable: new_getProducts

  phantomjs://platform/console++.js:263 in error
[ERROR - 2019-02-21T08:42:35.731Z] Session [6584acd0-35b4-11e9-bdc7-b535ff61b6d6] - page.onError - stack:
  global code (https://www.ikea.com/nl/nl/catalog/products/S49257447/:503)

  phantomjs://platform/console++.js:263 in error
[ERROR - 2019-02-21T08:42:36.445Z] Session [6584acd0-35b4-11e9-bdc7-b535ff61b6d6] - page.onError - msg: ReferenceError: Can't find variable: new_getProducts

  phantomjs://platform/console++.js:263 in error
[ERROR - 2019-02-21T08:42:36.445Z] Session [6584acd0-35b4-11e9-bdc7-b535ff61b6d6] - page.onError - stack:
  global code (https://www.ikea.com/nl/nl/catalog/products/S99276014/:501)

  phantomjs://platform/console++.js:263 in error
[ERROR - 2019-02-21T08:42:37.980Z] Session [6584acd0-35b4-11e9-bdc7-b535ff61b6d6] - page.onError - msg: ReferenceError: Can't find variable: new_getProducts

  phantomjs://platform/console++.js:263 in error
[ERROR - 2019-02-21T08:42:37.980Z] Session [6584acd0-35b4-11e9-bdc7-b535ff61b6d6] - page.onError - stack:
  global code (https://www.ikea.com/nl/nl/catalog/products/S29257472/:503)

  phantomjs://platform/console++.js:263 in error
[ERROR - 2019-02-21T08:42:40.605Z] Session [6584acd0-35b4-11e9-bdc7-b535ff61b6d6] - page.onError - msg: ReferenceError: Can't find variable: new_getProducts

  phantomjs://platform/console++.js:263 in error
[ERROR - 2019-02-21T08:42:40.605Z] Session [6584acd0-35b4-11e9-bdc7-b535ff61b6d6] - page.onError - stack:
  global code (https://www.ikea.com/nl/nl/catalog/products/S09304144/:500)

  phantomjs://platform/console++.js:263 in error
[ERROR - 2019-02-21T08:42:41.617Z] Session [6584acd0-35b4-11e9-bdc7-b535ff61b6d6] - page.onError - msg: ReferenceError: Can't find variable: new_getProducts

  phantomjs://platform/console++.js:263 in error
[ERROR - 2019-02-21T08:42:41.619Z] Session [6584acd0-35b4-11e9-bdc7-b535ff61b6d6] - page.onError - stack:
  global code (https://www.ikea.com/nl/nl/catalog/products/S29304143/:500)

  phantomjs://platform/console++.js:263 in error
[ERROR - 2019-02-21T08:42:42.404Z] Session [6584acd0-35b4-11e9-bdc7-b535ff61b6d6] - page.onError - msg: ReferenceError: Can't find variable: new_getProducts

  phantomjs://platform/console++.js:263 in error
[ERROR - 2019-02-21T08:42:42.404Z] Session [6584acd0-35b4-11e9-bdc7-b535ff61b6d6] - page.onError - stack:
  global code (https://www.ikea.com/nl/nl/catalog/products/S99304149/:500)

  phantomjs://platform/console++.js:263 in error
[ERROR - 2019-02-21T08:42:43.190Z] Session [6584acd0-35b4-11e9-bdc7-b535ff61b6d6] - page.onError - msg: ReferenceError: Can't find variable: new_getProducts

  phantomjs://platform/console++.js:263 in error
[ERROR - 2019-02-21T08:42:43.190Z] Session [6584acd0-35b4-11e9-bdc7-b535ff61b6d6] - page.onError - stack:
  global code (https://www.ikea.com/nl/nl/catalog/products/S39304147/:500)

  phantomjs://platform/console++.js:263 in error
[ERROR - 2019-02-21T08:42:44.079Z] Session [6584acd0-35b4-11e9-bdc7-b535ff61b6d6] - page.onError - msg: ReferenceError: Can't find variable: new_getProducts

  phantomjs://platform/console++.js:263 in error
[ERROR - 2019-02-21T08:42:44.079Z] Session [6584acd0-35b4-11e9-bdc7-b535ff61b6d6] - page.onError - stack:
  global code (https://www.ikea.com/nl/nl/catalog/products/S29254671/:503)

  phantomjs://platform/console++.js:263 in error
[ERROR - 2019-02-21T08:42:44.900Z] Session [6584acd0-35b4-11e9-bdc7-b535ff61b6d6] - page.onError - msg: ReferenceError: Can't find variable: new_getProducts

  phantomjs://platform/console++.js:263 in error
[ERROR - 2019-02-21T08:42:44.902Z] Session [6584acd0-35b4-11e9-bdc7-b535ff61b6d6] - page.onError - stack:
  global code (https://www.ikea.com/nl/nl/catalog/products/S39255873/:503)

  phantomjs://platform/console++.js:263 in error
[ERROR - 2019-02-21T08:42:46.418Z] Session [6584acd0-35b4-11e9-bdc7-b535ff61b6d6] - page.onError - msg: ReferenceError: Can't find variable: new_getProducts

  phantomjs://platform/console++.js:263 in error
[ERROR - 2019-02-21T08:42:46.419Z] Session [6584acd0-35b4-11e9-bdc7-b535ff61b6d6] - page.onError - stack:
  global code (https://www.ikea.com/nl/nl/catalog/products/S49255735/:503)

  phantomjs://platform/console++.js:263 in error
[ERROR - 2019-02-21T08:42:47.299Z] Session [6584acd0-35b4-11e9-bdc7-b535ff61b6d6] - page.onError - msg: ReferenceError: Can't find variable: new_getProducts

  phantomjs://platform/console++.js:263 in error
[ERROR - 2019-02-21T08:42:47.299Z] Session [6584acd0-35b4-11e9-bdc7-b535ff61b6d6] - page.onError - stack:
  global code (https://www.ikea.com/nl/nl/catalog/products/S19256232/:503)

  phantomjs://platform/console++.js:263 in error
[ERROR - 2019-02-21T08:42:48.194Z] Session [6584acd0-35b4-11e9-bdc7-b535ff61b6d6] - page.onError - msg: ReferenceError: Can't find variable: new_getProducts

  phantomjs://platform/console++.js:263 in error
[ERROR - 2019-02-21T08:42:48.195Z] Session [6584acd0-35b4-11e9-bdc7-b535ff61b6d6] - page.onError - stack:
  global code (https://www.ikea.com/nl/nl/catalog/products/S89255998/:503)

  phantomjs://platform/console++.js:263 in error
[ERROR - 2019-02-21T08:42:49.067Z] Session [6584acd0-35b4-11e9-bdc7-b535ff61b6d6] - page.onError - msg: ReferenceError: Can't find variable: new_getProducts

  phantomjs://platform/console++.js:263 in error
[ERROR - 2019-02-21T08:42:49.067Z] Session [6584acd0-35b4-11e9-bdc7-b535ff61b6d6] - page.onError - stack:
  global code (https://www.ikea.com/nl/nl/catalog/products/S59216809/:500)

  phantomjs://platform/console++.js:263 in error
[ERROR - 2019-02-21T08:42:49.319Z] Session [6584acd0-35b4-11e9-bdc7-b535ff61b6d6] - page.onError - msg: TypeError: undefined is not a constructor (evaluating 'l.forEach')

  phantomjs://platform/console++.js:263 in error
[ERROR - 2019-02-21T08:42:49.320Z] Session [6584acd0-35b4-11e9-bdc7-b535ff61b6d6] - page.onError - stack:
  onload (https://ww8.ikea.com/ext/iplugins/nl_NL/production/editions/release-20190219-1610/prio.min.js:17)

  phantomjs://platform/console++.js:263 in error
[ERROR - 2019-02-21T08:42:49.837Z] Session [6584acd0-35b4-11e9-bdc7-b535ff61b6d6] - page.onError - msg: TypeError: undefined is not a constructor (evaluating 'this.getMediaElement().pause()')

  phantomjs://platform/console++.js:263 in error
[ERROR - 2019-02-21T08:42:49.837Z] Session [6584acd0-35b4-11e9-bdc7-b535ff61b6d6] - page.onError - stack:
  pause (https://mmapi.ikea.com/player/4.68.16/amp/amp.min.js:119)
  execute (https://mmapi.ikea.com/player/4.68.16/amp/amp.min.js:268)
  executeCommand (https://mmapi.ikea.com/player/4.68.16/amp/amp.min.js:21)
  notifyObserver (https://mmapi.ikea.com/player/4.68.16/amp/amp.min.js:7)
  notifyObservers (https://mmapi.ikea.com/player/4.68.16/amp/amp.min.js:17)
  notifyObservers (https://mmapi.ikea.com/player/4.68.16/amp/amp.min.js:15)
  sendNotification (https://mmapi.ikea.com/player/4.68.16/amp/amp.min.js:15)
  sendNotification (https://mmapi.ikea.com/player/4.68.16/amp/amp.min.js:9)
  execute (https://mmapi.ikea.com/player/4.68.16/amp/amp.min.js:269)
  executeCommand (https://mmapi.ikea.com/player/4.68.16/amp/amp.min.js:21)
  notifyObserver (https://mmapi.ikea.com/player/4.68.16/amp/amp.min.js:7)
  notifyObservers (https://mmapi.ikea.com/player/4.68.16/amp/amp.min.js:17)
  notifyObservers (https://mmapi.ikea.com/player/4.68.16/amp/amp.min.js:15)
  sendNotification (https://mmapi.ikea.com/player/4.68.16/amp/amp.min.js:15)
  sendNotification (https://mmapi.ikea.com/player/4.68.16/amp/amp.min.js:9)
  (anonymous function) (:0)

  phantomjs://platform/console++.js:263 in error
[ERROR - 2019-02-21T08:42:50.196Z] Session [6584acd0-35b4-11e9-bdc7-b535ff61b6d6] - page.onError - msg: ReferenceError: Can't find variable: new_getProducts

  phantomjs://platform/console++.js:263 in error
[ERROR - 2019-02-21T08:42:50.197Z] Session [6584acd0-35b4-11e9-bdc7-b535ff61b6d6] - page.onError - stack:
  global code (https://www.ikea.com/nl/nl/catalog/products/S49216701/:500)

  phantomjs://platform/console++.js:263 in error
[ERROR - 2019-02-21T08:42:50.439Z] Session [6584acd0-35b4-11e9-bdc7-b535ff61b6d6] - page.onError - msg: TypeError: undefined is not a constructor (evaluating 'l.forEach')

  phantomjs://platform/console++.js:263 in error
[ERROR - 2019-02-21T08:42:50.439Z] Session [6584acd0-35b4-11e9-bdc7-b535ff61b6d6] - page.onError - stack:
  onload (https://ww8.ikea.com/ext/iplugins/nl_NL/production/editions/release-20190219-1610/prio.min.js:17)

  phantomjs://platform/console++.js:263 in error
[ERROR - 2019-02-21T08:42:50.661Z] Session [6584acd0-35b4-11e9-bdc7-b535ff61b6d6] - page.onError - msg: TypeError: undefined is not a constructor (evaluating 'this.getMediaElement().pause()')

  phantomjs://platform/console++.js:263 in error
[ERROR - 2019-02-21T08:42:50.661Z] Session [6584acd0-35b4-11e9-bdc7-b535ff61b6d6] - page.onError - stack:
  pause (https://mmapi.ikea.com/player/4.68.16/amp/amp.min.js:119)
  execute (https://mmapi.ikea.com/player/4.68.16/amp/amp.min.js:268)
  executeCommand (https://mmapi.ikea.com/player/4.68.16/amp/amp.min.js:21)
  notifyObserver (https://mmapi.ikea.com/player/4.68.16/amp/amp.min.js:7)
  notifyObservers (https://mmapi.ikea.com/player/4.68.16/amp/amp.min.js:17)
  notifyObservers (https://mmapi.ikea.com/player/4.68.16/amp/amp.min.js:15)
  sendNotification (https://mmapi.ikea.com/player/4.68.16/amp/amp.min.js:15)
  sendNotification (https://mmapi.ikea.com/player/4.68.16/amp/amp.min.js:9)
  execute (https://mmapi.ikea.com/player/4.68.16/amp/amp.min.js:269)
  executeCommand (https://mmapi.ikea.com/player/4.68.16/amp/amp.min.js:21)
  notifyObserver (https://mmapi.ikea.com/player/4.68.16/amp/amp.min.js:7)
  notifyObservers (https://mmapi.ikea.com/player/4.68.16/amp/amp.min.js:17)
  notifyObservers (https://mmapi.ikea.com/player/4.68.16/amp/amp.min.js:15)
  sendNotification (https://mmapi.ikea.com/player/4.68.16/amp/amp.min.js:15)
  sendNotification (https://mmapi.ikea.com/player/4.68.16/amp/amp.min.js:9)
  (anonymous function) (:0)

  phantomjs://platform/console++.js:263 in error
[ERROR - 2019-02-21T08:42:51.697Z] Session [6584acd0-35b4-11e9-bdc7-b535ff61b6d6] - page.onError - msg: ReferenceError: Can't find variable: new_getProducts

  phantomjs://platform/console++.js:263 in error
[ERROR - 2019-02-21T08:42:51.697Z] Session [6584acd0-35b4-11e9-bdc7-b535ff61b6d6] - page.onError - stack:
  global code (https://www.ikea.com/nl/nl/catalog/products/S99211466/:503)

  phantomjs://platform/console++.js:263 in error
[ERROR - 2019-02-21T08:42:53.953Z] Session [6584acd0-35b4-11e9-bdc7-b535ff61b6d6] - page.onError - msg: ReferenceError: Can't find variable: new_getProducts

  phantomjs://platform/console++.js:263 in error
[ERROR - 2019-02-21T08:42:53.953Z] Session [6584acd0-35b4-11e9-bdc7-b535ff61b6d6] - page.onError - stack:
  global code (https://www.ikea.com/nl/nl/catalog/products/S29211460/:503)

  phantomjs://platform/console++.js:263 in error
[ERROR - 2019-02-21T08:42:56.316Z] Session [6584acd0-35b4-11e9-bdc7-b535ff61b6d6] - page.onError - msg: ReferenceError: Can't find variable: new_getProducts

  phantomjs://platform/console++.js:263 in error
[ERROR - 2019-02-21T08:42:56.317Z] Session [6584acd0-35b4-11e9-bdc7-b535ff61b6d6] - page.onError - stack:
  global code (https://www.ikea.com/nl/nl/catalog/products/S79211453/:503)

  phantomjs://platform/console++.js:263 in error
[ERROR - 2019-02-21T08:42:57.507Z] Session [6584acd0-35b4-11e9-bdc7-b535ff61b6d6] - page.onError - msg: ReferenceError: Can't find variable: new_getProducts

  phantomjs://platform/console++.js:263 in error
[ERROR - 2019-02-21T08:42:57.507Z] Session [6584acd0-35b4-11e9-bdc7-b535ff61b6d6] - page.onError - stack:
  global code (https://www.ikea.com/nl/nl/catalog/products/S79211448/:503)

  phantomjs://platform/console++.js:263 in error
[ERROR - 2019-02-21T08:42:58.231Z] Session [6584acd0-35b4-11e9-bdc7-b535ff61b6d6] - page.onError - msg: ReferenceError: Can't find variable: new_getProducts

  phantomjs://platform/console++.js:263 in error
[ERROR - 2019-02-21T08:42:58.231Z] Session [6584acd0-35b4-11e9-bdc7-b535ff61b6d6] - page.onError - stack:
  global code (https://www.ikea.com/nl/nl/catalog/products/S29193692/:500)

  phantomjs://platform/console++.js:263 in error
[ERROR - 2019-02-21T08:42:59.071Z] Session [6584acd0-35b4-11e9-bdc7-b535ff61b6d6] - page.onError - msg: ReferenceError: Can't find variable: new_getProducts

  phantomjs://platform/console++.js:263 in error
[ERROR - 2019-02-21T08:42:59.072Z] Session [6584acd0-35b4-11e9-bdc7-b535ff61b6d6] - page.onError - stack:
  global code (https://www.ikea.com/nl/nl/catalog/products/S79211523/:503)

  phantomjs://platform/console++.js:263 in error
[ERROR - 2019-02-21T08:42:59.950Z] Session [6584acd0-35b4-11e9-bdc7-b535ff61b6d6] - page.onError - msg: ReferenceError: Can't find variable: new_getProducts

  phantomjs://platform/console++.js:263 in error
[ERROR - 2019-02-21T08:42:59.950Z] Session [6584acd0-35b4-11e9-bdc7-b535ff61b6d6] - page.onError - stack:
  global code (https://www.ikea.com/nl/nl/catalog/products/S79211472/:503)

  phantomjs://platform/console++.js:263 in error
